<?xml version="1.0" encoding="UTF-8"?>
<coverage generated="1588544417858" clover="3.2.0">
  <project timestamp="1588544417858" name="All files">
    <metrics statements="234" coveredstatements="191" conditionals="68" coveredconditionals="36" methods="99" coveredmethods="72" elements="401" coveredelements="299" complexity="0" loc="234" ncloc="234" packages="8" files="39" classes="39"/>
    <package name="assets">
      <metrics statements="5" coveredstatements="5" conditionals="0" coveredconditionals="0" methods="0" coveredmethods="0"/>
      <file name="d3_devicon_forest_green.svg" path="H:\source\repos\Shortpoet\Shortpoet\VueClient\src\assets\d3_devicon_forest_green.svg">
        <metrics statements="1" coveredstatements="1" conditionals="0" coveredconditionals="0" methods="0" coveredmethods="0"/>
        <line num="1" count="2" type="stmt"/>
      </file>
      <file name="github_profile_pic.png" path="H:\source\repos\Shortpoet\Shortpoet\VueClient\src\assets\github_profile_pic.png">
        <metrics statements="1" coveredstatements="1" conditionals="0" coveredconditionals="0" methods="0" coveredmethods="0"/>
        <line num="1" count="10" type="stmt"/>
      </file>
      <file name="icons.js" path="H:\source\repos\Shortpoet\Shortpoet\VueClient\src\assets\icons.js">
        <metrics statements="0" coveredstatements="0" conditionals="0" coveredconditionals="0" methods="0" coveredmethods="0"/>
      </file>
      <file name="poem.jpg" path="H:\source\repos\Shortpoet\Shortpoet\VueClient\src\assets\poem.jpg">
        <metrics statements="1" coveredstatements="1" conditionals="0" coveredconditionals="0" methods="0" coveredmethods="0"/>
        <line num="1" count="3" type="stmt"/>
      </file>
      <file name="resume.js" path="H:\source\repos\Shortpoet\Shortpoet\VueClient\src\assets\resume.js">
        <metrics statements="0" coveredstatements="0" conditionals="0" coveredconditionals="0" methods="0" coveredmethods="0"/>
      </file>
      <file name="tableau_logo.svg" path="H:\source\repos\Shortpoet\Shortpoet\VueClient\src\assets\tableau_logo.svg">
        <metrics statements="1" coveredstatements="1" conditionals="0" coveredconditionals="0" methods="0" coveredmethods="0"/>
        <line num="1" count="2" type="stmt"/>
      </file>
      <file name="vue_devicon_forest_green.svg" path="H:\source\repos\Shortpoet\Shortpoet\VueClient\src\assets\vue_devicon_forest_green.svg">
        <metrics statements="1" coveredstatements="1" conditionals="0" coveredconditionals="0" methods="0" coveredmethods="0"/>
        <line num="1" count="2" type="stmt"/>
      </file>
    </package>
    <package name="components.Resume.PDF">
      <metrics statements="22" coveredstatements="16" conditionals="20" coveredconditionals="20" methods="22" coveredmethods="16"/>
      <file name="PDFAbout.vue" path="H:\source\repos\Shortpoet\Shortpoet\VueClient\src\components\Resume\PDF\PDFAbout.vue">
        <metrics statements="4" coveredstatements="2" conditionals="0" coveredconditionals="0" methods="4" coveredmethods="2"/>
        <line num="54" count="1" type="stmt"/>
        <line num="90" count="9" type="stmt"/>
        <line num="123" count="0" type="stmt"/>
        <line num="126" count="0" type="stmt"/>
      </file>
      <file name="PDFAwards.vue" path="H:\source\repos\Shortpoet\Shortpoet\VueClient\src\components\Resume\PDF\PDFAwards.vue">
        <metrics statements="7" coveredstatements="6" conditionals="8" coveredconditionals="8" methods="7" coveredmethods="6"/>
        <line num="24" count="1" type="stmt"/>
        <line num="30" count="0" type="stmt"/>
        <line num="39" count="3" type="cond" truecount="2" falsecount="0"/>
        <line num="45" count="3" type="cond" truecount="2" falsecount="0"/>
        <line num="51" count="3" type="cond" truecount="2" falsecount="0"/>
        <line num="57" count="3" type="cond" truecount="2" falsecount="0"/>
        <line num="65" count="12" type="stmt"/>
      </file>
      <file name="PDFEducation.vue" path="H:\source\repos\Shortpoet\Shortpoet\VueClient\src\components\Resume\PDF\PDFEducation.vue">
        <metrics statements="2" coveredstatements="1" conditionals="2" coveredconditionals="2" methods="2" coveredmethods="1"/>
        <line num="32" count="0" type="stmt"/>
        <line num="41" count="7" type="cond" truecount="2" falsecount="0"/>
      </file>
      <file name="PDFExperience.vue" path="H:\source\repos\Shortpoet\Shortpoet\VueClient\src\components\Resume\PDF\PDFExperience.vue">
        <metrics statements="2" coveredstatements="2" conditionals="4" coveredconditionals="4" methods="2" coveredmethods="2"/>
        <line num="48" count="3" type="cond" truecount="2" falsecount="0"/>
        <line num="54" count="3" type="cond" truecount="2" falsecount="0"/>
      </file>
      <file name="PDFObjective.vue" path="H:\source\repos\Shortpoet\Shortpoet\VueClient\src\components\Resume\PDF\PDFObjective.vue">
        <metrics statements="4" coveredstatements="2" conditionals="2" coveredconditionals="2" methods="4" coveredmethods="2"/>
        <line num="43" count="3" type="stmt"/>
        <line num="49" count="0" type="stmt"/>
        <line num="52" count="0" type="stmt"/>
        <line num="55" count="3" type="cond" truecount="2" falsecount="0"/>
      </file>
      <file name="PDFSocials.vue" path="H:\source\repos\Shortpoet\Shortpoet\VueClient\src\components\Resume\PDF\PDFSocials.vue">
        <metrics statements="3" coveredstatements="3" conditionals="4" coveredconditionals="4" methods="3" coveredmethods="3"/>
        <line num="35" count="9" type="stmt"/>
        <line num="72" count="9" type="cond" truecount="2" falsecount="0"/>
        <line num="78" count="9" type="cond" truecount="2" falsecount="0"/>
      </file>
    </package>
    <package name="components.Resume.Start">
      <metrics statements="40" coveredstatements="20" conditionals="14" coveredconditionals="2" methods="33" coveredmethods="18"/>
      <file name="StartAbout.vue" path="H:\source\repos\Shortpoet\Shortpoet\VueClient\src\components\Resume\Start\StartAbout.vue">
        <metrics statements="1" coveredstatements="1" conditionals="0" coveredconditionals="0" methods="1" coveredmethods="1"/>
        <line num="51" count="8" type="stmt"/>
      </file>
      <file name="StartAwards.vue" path="H:\source\repos\Shortpoet\Shortpoet\VueClient\src\components\Resume\Start\StartAwards.vue">
        <metrics statements="3" coveredstatements="2" conditionals="0" coveredconditionals="0" methods="2" coveredmethods="1"/>
        <line num="23" count="3" type="stmt"/>
        <line num="29" count="0" type="stmt"/>
        <line num="34" count="8" type="stmt"/>
      </file>
      <file name="StartButtonFloat.vue" path="H:\source\repos\Shortpoet\Shortpoet\VueClient\src\components\Resume\Start\StartButtonFloat.vue">
        <metrics statements="17" coveredstatements="7" conditionals="10" coveredconditionals="2" methods="14" coveredmethods="6"/>
        <line num="92" count="1" type="stmt"/>
        <line num="112" count="1" type="stmt"/>
        <line num="115" count="1" type="stmt"/>
        <line num="121" count="1" type="cond" truecount="1" falsecount="1"/>
        <line num="124" count="1" type="cond" truecount="1" falsecount="1"/>
        <line num="127" count="0" type="stmt"/>
        <line num="132" count="0" type="stmt"/>
        <line num="135" count="0" type="cond" truecount="0" falsecount="2"/>
        <line num="136" count="0" type="stmt"/>
        <line num="140" count="0" type="cond" truecount="0" falsecount="2"/>
        <line num="141" count="0" type="cond" truecount="0" falsecount="2"/>
        <line num="142" count="0" type="stmt"/>
        <line num="148" count="0" type="stmt"/>
        <line num="149" count="0" type="stmt"/>
        <line num="152" count="1" type="stmt"/>
        <line num="153" count="1" type="stmt"/>
        <line num="154" count="0" type="stmt"/>
      </file>
      <file name="StartDevIcon.vue" path="H:\source\repos\Shortpoet\Shortpoet\VueClient\src\components\Resume\Start\StartDevIcon.vue">
        <metrics statements="7" coveredstatements="2" conditionals="4" coveredconditionals="0" methods="4" coveredmethods="3"/>
        <line num="25" count="22" type="stmt"/>
        <line num="30" count="22" type="stmt"/>
        <line num="33" count="0" type="cond" truecount="0" falsecount="2"/>
        <line num="34" count="0" type="stmt"/>
        <line num="35" count="0" type="cond" truecount="0" falsecount="2"/>
        <line num="36" count="0" type="stmt"/>
        <line num="38" count="0" type="stmt"/>
      </file>
      <file name="StartEducation.vue" path="H:\source\repos\Shortpoet\Shortpoet\VueClient\src\components\Resume\Start\StartEducation.vue">
        <metrics statements="1" coveredstatements="0" conditionals="0" coveredconditionals="0" methods="1" coveredmethods="0"/>
        <line num="26" count="0" type="stmt"/>
      </file>
      <file name="StartInterests.vue" path="H:\source\repos\Shortpoet\Shortpoet\VueClient\src\components\Resume\Start\StartInterests.vue">
        <metrics statements="1" coveredstatements="1" conditionals="0" coveredconditionals="0" methods="1" coveredmethods="1"/>
        <line num="24" count="3" type="stmt"/>
      </file>
      <file name="StartNav.vue" path="H:\source\repos\Shortpoet\Shortpoet\VueClient\src\components\Resume\Start\StartNav.vue">
        <metrics statements="1" coveredstatements="1" conditionals="0" coveredconditionals="0" methods="3" coveredmethods="1"/>
        <line num="42" count="1" type="stmt"/>
      </file>
      <file name="StartObjective.vue" path="H:\source\repos\Shortpoet\Shortpoet\VueClient\src\components\Resume\Start\StartObjective.vue">
        <metrics statements="3" coveredstatements="1" conditionals="0" coveredconditionals="0" methods="2" coveredmethods="1"/>
        <line num="30" count="3" type="stmt"/>
        <line num="35" count="0" type="stmt"/>
        <line num="36" count="0" type="stmt"/>
      </file>
      <file name="StartSkills.vue" path="H:\source\repos\Shortpoet\Shortpoet\VueClient\src\components\Resume\Start\StartSkills.vue">
        <metrics statements="5" coveredstatements="4" conditionals="0" coveredconditionals="0" methods="4" coveredmethods="3"/>
        <line num="52" count="2" type="stmt"/>
        <line num="53" count="2" type="stmt"/>
        <line num="60" count="0" type="stmt"/>
        <line num="68" count="1" type="stmt"/>
        <line num="74" count="9" type="stmt"/>
      </file>
      <file name="StartSocials.vue" path="H:\source\repos\Shortpoet\Shortpoet\VueClient\src\components\Resume\Start\StartSocials.vue">
        <metrics statements="1" coveredstatements="1" conditionals="0" coveredconditionals="0" methods="1" coveredmethods="1"/>
        <line num="33" count="1" type="stmt"/>
      </file>
    </package>
    <package name="store">
      <metrics statements="36" coveredstatements="35" conditionals="6" coveredconditionals="3" methods="5" coveredmethods="4"/>
      <file name="api-endpoints.js" path="H:\source\repos\Shortpoet\Shortpoet\VueClient\src\store\api-endpoints.js">
        <metrics statements="4" coveredstatements="4" conditionals="0" coveredconditionals="0" methods="0" coveredmethods="0"/>
        <line num="1" count="19" type="stmt"/>
        <line num="14" count="19" type="stmt"/>
        <line num="20" count="19" type="stmt"/>
        <line num="25" count="19" type="stmt"/>
      </file>
      <file name="index.js" path="H:\source\repos\Shortpoet\Shortpoet\VueClient\src\store\index.js">
        <metrics statements="18" coveredstatements="17" conditionals="6" coveredconditionals="3" methods="5" coveredmethods="4"/>
        <line num="13" count="16" type="stmt"/>
        <line num="18" count="16" type="stmt"/>
        <line num="21" count="1" type="cond" truecount="1" falsecount="1"/>
        <line num="24" count="1" type="stmt"/>
        <line num="28" count="16" type="stmt"/>
        <line num="29" count="16" type="stmt"/>
        <line num="31" count="16" type="stmt"/>
        <line num="36" count="16" type="stmt"/>
        <line num="37" count="0" type="stmt"/>
        <line num="46" count="16" type="cond" truecount="1" falsecount="0"/>
        <line num="47" count="98" type="stmt"/>
        <line num="48" count="98" type="stmt"/>
        <line num="49" count="98" type="stmt"/>
        <line num="50" count="98" type="stmt"/>
        <line num="51" count="98" type="stmt"/>
        <line num="53" count="98" type="cond" truecount="0" falsecount="1"/>
        <line num="54" count="49" type="stmt"/>
        <line num="57" count="98" type="stmt"/>
      </file>
      <file name="mutation-types.js" path="H:\source\repos\Shortpoet\Shortpoet\VueClient\src\store\mutation-types.js">
        <metrics statements="14" coveredstatements="14" conditionals="0" coveredconditionals="0" methods="0" coveredmethods="0"/>
        <line num="2" count="19" type="stmt"/>
        <line num="3" count="19" type="stmt"/>
        <line num="4" count="19" type="stmt"/>
        <line num="7" count="19" type="stmt"/>
        <line num="8" count="19" type="stmt"/>
        <line num="9" count="19" type="stmt"/>
        <line num="12" count="19" type="stmt"/>
        <line num="13" count="19" type="stmt"/>
        <line num="14" count="19" type="stmt"/>
        <line num="15" count="19" type="stmt"/>
        <line num="16" count="19" type="stmt"/>
        <line num="17" count="19" type="stmt"/>
        <line num="18" count="19" type="stmt"/>
        <line num="19" count="19" type="stmt"/>
      </file>
    </package>
    <package name="store.modules">
      <metrics statements="40" coveredstatements="37" conditionals="3" coveredconditionals="2" methods="16" coveredmethods="15"/>
      <file name="StoreResume.js" path="H:\source\repos\Shortpoet\Shortpoet\VueClient\src\store\modules\StoreResume.js">
        <metrics statements="40" coveredstatements="37" conditionals="3" coveredconditionals="2" methods="16" coveredmethods="15"/>
        <line num="14" count="19" type="stmt"/>
        <line num="19" count="19" type="stmt"/>
        <line num="20" count="1" type="stmt"/>
        <line num="21" count="2" type="stmt"/>
        <line num="24" count="19" type="stmt"/>
        <line num="27" count="1" type="stmt"/>
        <line num="28" count="1" type="stmt"/>
        <line num="39" count="1" type="stmt"/>
        <line num="40" count="4" type="stmt"/>
        <line num="41" count="1" type="stmt"/>
        <line num="42" count="1" type="stmt"/>
        <line num="43" count="1" type="stmt"/>
        <line num="46" count="1" type="stmt"/>
        <line num="47" count="4" type="stmt"/>
        <line num="49" count="16" type="stmt"/>
        <line num="53" count="1" type="stmt"/>
        <line num="55" count="1" type="stmt"/>
        <line num="56" count="2" type="stmt"/>
        <line num="60" count="19" type="stmt"/>
        <line num="62" count="4" type="stmt"/>
        <line num="66" count="4" type="cond" truecount="2" falsecount="0"/>
        <line num="67" count="4" type="stmt"/>
        <line num="70" count="4" type="stmt"/>
        <line num="73" count="2" type="stmt"/>
        <line num="74" count="2" type="stmt"/>
        <line num="75" count="2" type="stmt"/>
        <line num="76" count="2" type="stmt"/>
        <line num="78" count="2" type="stmt"/>
        <line num="79" count="2" type="stmt"/>
        <line num="83" count="0" type="stmt"/>
        <line num="84" count="0" type="stmt"/>
        <line num="85" count="0" type="stmt"/>
        <line num="91" count="19" type="stmt"/>
        <line num="92" count="16" type="stmt"/>
        <line num="101" count="19" type="cond" truecount="0" falsecount="1"/>
        <line num="104" count="49" type="stmt"/>
        <line num="105" count="49" type="stmt"/>
        <line num="106" count="49" type="stmt"/>
        <line num="107" count="49" type="stmt"/>
        <line num="108" count="49" type="stmt"/>
      </file>
    </package>
    <package name="utils">
      <metrics statements="5" coveredstatements="5" conditionals="0" coveredconditionals="0" methods="2" coveredmethods="2"/>
      <file name="recase.js" path="H:\source\repos\Shortpoet\Shortpoet\VueClient\src\utils\recase.js">
        <metrics statements="5" coveredstatements="5" conditionals="0" coveredconditionals="0" methods="2" coveredmethods="2"/>
        <line num="1" count="4" type="stmt"/>
        <line num="3" count="28" type="stmt"/>
        <line num="4" count="28" type="stmt"/>
        <line num="5" count="28" type="stmt"/>
        <line num="6" count="28" type="stmt"/>
      </file>
    </package>
    <package name="utils.myTest">
      <metrics statements="59" coveredstatements="56" conditionals="15" coveredconditionals="9" methods="15" coveredmethods="14"/>
      <file name="index.js" path="H:\source\repos\Shortpoet\Shortpoet\VueClient\src\utils\myTest\index.js">
        <metrics statements="0" coveredstatements="0" conditionals="0" coveredconditionals="0" methods="0" coveredmethods="0"/>
      </file>
      <file name="test.utils.createWrapper.js" path="H:\source\repos\Shortpoet\Shortpoet\VueClient\src\utils\myTest\test.utils.createWrapper.js">
        <metrics statements="8" coveredstatements="8" conditionals="5" coveredconditionals="3" methods="1" coveredmethods="1"/>
        <line num="11" count="16" type="stmt"/>
        <line num="17" count="48" type="stmt"/>
        <line num="19" count="48" type="stmt"/>
        <line num="20" count="48" type="stmt"/>
        <line num="21" count="48" type="stmt"/>
        <line num="22" count="48" type="stmt"/>
        <line num="23" count="48" type="stmt"/>
        <line num="24" count="48" type="cond" truecount="1" falsecount="1"/>
      </file>
      <file name="test.utils.factory.js" path="H:\source\repos\Shortpoet\Shortpoet\VueClient\src\utils\myTest\test.utils.factory.js">
        <metrics statements="4" coveredstatements="4" conditionals="1" coveredconditionals="0" methods="1" coveredmethods="1"/>
        <line num="4" count="17" type="stmt"/>
        <line num="27" count="48" type="stmt"/>
        <line num="28" count="48" type="stmt"/>
        <line num="31" count="17" type="stmt"/>
      </file>
      <file name="test.utils.factoryShallow.js" path="H:\source\repos\Shortpoet\Shortpoet\VueClient\src\utils\myTest\test.utils.factoryShallow.js">
        <metrics statements="3" coveredstatements="2" conditionals="1" coveredconditionals="0" methods="1" coveredmethods="0"/>
        <line num="3" count="16" type="stmt"/>
        <line num="23" count="0" type="stmt"/>
        <line num="26" count="16" type="stmt"/>
      </file>
      <file name="test.utils.propFinder.js" path="H:\source\repos\Shortpoet\Shortpoet\VueClient\src\utils\myTest\test.utils.propFinder.js">
        <metrics statements="3" coveredstatements="3" conditionals="0" coveredconditionals="0" methods="1" coveredmethods="1"/>
        <line num="3" count="15" type="stmt"/>
        <line num="4" count="1" type="stmt"/>
        <line num="11" count="15" type="stmt"/>
      </file>
      <file name="test.utils.propMocker.js" path="H:\source\repos\Shortpoet\Shortpoet\VueClient\src\utils\myTest\test.utils.propMocker.js">
        <metrics statements="2" coveredstatements="2" conditionals="0" coveredconditionals="0" methods="1" coveredmethods="1"/>
        <line num="1" count="15" type="stmt"/>
        <line num="2" count="27" type="stmt"/>
      </file>
      <file name="test.utils.propsFinder.js" path="H:\source\repos\Shortpoet\Shortpoet\VueClient\src\utils\myTest\test.utils.propsFinder.js">
        <metrics statements="6" coveredstatements="6" conditionals="0" coveredconditionals="0" methods="2" coveredmethods="2"/>
        <line num="3" count="15" type="stmt"/>
        <line num="4" count="4" type="stmt"/>
        <line num="5" count="4" type="stmt"/>
        <line num="6" count="6" type="stmt"/>
        <line num="9" count="4" type="stmt"/>
        <line num="14" count="15" type="stmt"/>
      </file>
      <file name="test.utils.propsMocker.js" path="H:\source\repos\Shortpoet\Shortpoet\VueClient\src\utils\myTest\test.utils.propsMocker.js">
        <metrics statements="20" coveredstatements="20" conditionals="4" coveredconditionals="3" methods="3" coveredmethods="3"/>
        <line num="1" count="15" type="stmt"/>
        <line num="2" count="38" type="cond" truecount="2" falsecount="0"/>
        <line num="3" count="27" type="stmt"/>
        <line num="4" count="27" type="stmt"/>
        <line num="5" count="112" type="stmt"/>
        <line num="7" count="27" type="stmt"/>
        <line num="10" count="11" type="cond" truecount="1" falsecount="1"/>
        <line num="11" count="11" type="stmt"/>
        <line num="12" count="11" type="stmt"/>
        <line num="14" count="11" type="stmt"/>
        <line num="15" count="11" type="stmt"/>
        <line num="16" count="11" type="stmt"/>
        <line num="17" count="11" type="stmt"/>
        <line num="19" count="11" type="stmt"/>
        <line num="20" count="33" type="stmt"/>
        <line num="21" count="33" type="stmt"/>
        <line num="22" count="132" type="stmt"/>
        <line num="24" count="33" type="stmt"/>
        <line num="26" count="11" type="stmt"/>
        <line num="32" count="15" type="stmt"/>
      </file>
      <file name="test.utils.textMatcher.js" path="H:\source\repos\Shortpoet\Shortpoet\VueClient\src\utils\myTest\test.utils.textMatcher.js">
        <metrics statements="7" coveredstatements="5" conditionals="4" coveredconditionals="3" methods="1" coveredmethods="1"/>
        <line num="7" count="15" type="cond" truecount="2" falsecount="0"/>
        <line num="9" count="24" type="cond" truecount="1" falsecount="1"/>
        <line num="10" count="24" type="stmt"/>
        <line num="11" count="24" type="stmt"/>
        <line num="13" count="0" type="stmt"/>
        <line num="14" count="0" type="stmt"/>
        <line num="18" count="15" type="stmt"/>
      </file>
      <file name="test.utils.textMatcherFactory.js" path="H:\source\repos\Shortpoet\Shortpoet\VueClient\src\utils\myTest\test.utils.textMatcherFactory.js">
        <metrics statements="6" coveredstatements="6" conditionals="0" coveredconditionals="0" methods="4" coveredmethods="4"/>
        <line num="3" count="15" type="stmt"/>
        <line num="4" count="12" type="stmt"/>
        <line num="5" count="2" type="stmt"/>
        <line num="6" count="12" type="stmt"/>
        <line num="7" count="12" type="stmt"/>
        <line num="12" count="15" type="stmt"/>
      </file>
    </package>
    <package name="views">
      <metrics statements="27" coveredstatements="17" conditionals="10" coveredconditionals="0" methods="6" coveredmethods="3"/>
      <file name="Start.vue" path="H:\source\repos\Shortpoet\Shortpoet\VueClient\src\views\Start.vue">
        <metrics statements="27" coveredstatements="17" conditionals="10" coveredconditionals="0" methods="6" coveredmethods="3"/>
        <line num="42" count="2" type="stmt"/>
        <line num="43" count="2" type="stmt"/>
        <line num="44" count="2" type="stmt"/>
        <line num="45" count="2" type="stmt"/>
        <line num="46" count="2" type="stmt"/>
        <line num="47" count="2" type="stmt"/>
        <line num="48" count="2" type="stmt"/>
        <line num="49" count="2" type="stmt"/>
        <line num="50" count="2" type="stmt"/>
        <line num="51" count="2" type="stmt"/>
        <line num="52" count="2" type="stmt"/>
        <line num="69" count="1" type="stmt"/>
        <line num="79" count="0" type="cond" truecount="0" falsecount="2"/>
        <line num="80" count="0" type="stmt"/>
        <line num="82" count="0" type="stmt"/>
        <line num="88" count="1" type="stmt"/>
        <line num="91" count="1" type="stmt"/>
        <line num="92" count="0" type="cond" truecount="0" falsecount="4"/>
        <line num="93" count="0" type="stmt"/>
        <line num="94" count="0" type="cond" truecount="0" falsecount="2"/>
        <line num="95" count="0" type="cond" truecount="0" falsecount="2"/>
        <line num="96" count="0" type="stmt"/>
        <line num="99" count="0" type="stmt"/>
        <line num="104" count="1" type="stmt"/>
        <line num="105" count="0" type="stmt"/>
        <line num="108" count="1" type="stmt"/>
        <line num="111" count="1" type="stmt"/>
      </file>
    </package>
  </project>
</coverage>
