{"H:\\source\\repos\\Shortpoet\\Shortpoet\\VueClient\\src\\assets\\icons.js": {"path":"H:\\source\\repos\\Shortpoet\\Shortpoet\\VueClient\\src\\assets\\icons.js","statementMap":{},"fnMap":{},"branchMap":{},"s":{},"f":{},"b":{},"_coverageSchema":"1a1c01bbd47fc00a2c39e90264f33305004495a9","hash":"c0582c03e1af1839bed046fd25fb590a5cfe9bdf"}
,"H:\\source\\repos\\Shortpoet\\Shortpoet\\VueClient\\src\\assets\\resume.js": {"path":"H:\\source\\repos\\Shortpoet\\Shortpoet\\VueClient\\src\\assets\\resume.js","statementMap":{},"fnMap":{},"branchMap":{},"s":{},"f":{},"b":{},"_coverageSchema":"1a1c01bbd47fc00a2c39e90264f33305004495a9","hash":"42f4faee80be6557a96ec6ab0206fe921769e390"}
,"H:\\source\\repos\\Shortpoet\\Shortpoet\\VueClient\\src\\components\\Resume\\PDF\\PDFAbout.vue": {"path":"H:\\source\\repos\\Shortpoet\\Shortpoet\\VueClient\\src\\components\\Resume\\PDF\\PDFAbout.vue","statementMap":{"0":{"start":{"line":54,"column":0},"end":{"line":54,"column":null}},"1":{"start":{"line":87,"column":0},"end":{"line":87,"column":null}}},"fnMap":{"0":{"name":"(anonymous_1)","decl":{"start":{"line":86,"column":0},"end":{"line":86,"column":null}},"loc":{"start":{"line":86,"column":0},"end":{"line":117,"column":null}}},"1":{"name":"(anonymous_2)","decl":{"start":{"line":120,"column":0},"end":{"line":120,"column":null}},"loc":{"start":{"line":120,"column":0},"end":{"line":120,"column":null}}}},"branchMap":{},"s":{"0":1,"1":9},"f":{"0":9,"1":9},"b":{}}
,"H:\\source\\repos\\Shortpoet\\Shortpoet\\VueClient\\src\\components\\Resume\\PDF\\PDFAwards.vue": {"path":"H:\\source\\repos\\Shortpoet\\Shortpoet\\VueClient\\src\\components\\Resume\\PDF\\PDFAwards.vue","statementMap":{"0":{"start":{"line":24,"column":0},"end":{"line":24,"column":null}},"1":{"start":{"line":38,"column":0},"end":{"line":38,"column":null}},"2":{"start":{"line":44,"column":0},"end":{"line":44,"column":null}},"3":{"start":{"line":50,"column":0},"end":{"line":50,"column":null}},"4":{"start":{"line":56,"column":0},"end":{"line":56,"column":null}},"5":{"start":{"line":64,"column":0},"end":{"line":64,"column":null}}},"fnMap":{"0":{"name":"(anonymous_1)","decl":{"start":{"line":37,"column":0},"end":{"line":37,"column":null}},"loc":{"start":{"line":37,"column":0},"end":{"line":42,"column":null}}},"1":{"name":"(anonymous_2)","decl":{"start":{"line":43,"column":0},"end":{"line":43,"column":null}},"loc":{"start":{"line":43,"column":0},"end":{"line":48,"column":null}}},"2":{"name":"(anonymous_3)","decl":{"start":{"line":49,"column":0},"end":{"line":49,"column":null}},"loc":{"start":{"line":49,"column":0},"end":{"line":54,"column":null}}},"3":{"name":"(anonymous_4)","decl":{"start":{"line":55,"column":0},"end":{"line":55,"column":null}},"loc":{"start":{"line":55,"column":0},"end":{"line":60,"column":null}}},"4":{"name":"(anonymous_5)","decl":{"start":{"line":63,"column":0},"end":{"line":63,"column":null}},"loc":{"start":{"line":63,"column":0},"end":{"line":65,"column":null}}},"5":{"name":"(anonymous_6)","decl":{"start":{"line":67,"column":0},"end":{"line":67,"column":null}},"loc":{"start":{"line":67,"column":0},"end":{"line":69,"column":null}}}},"branchMap":{"0":{"loc":{"start":{"line":38,"column":0},"end":{"line":38,"column":null}},"type":"cond-expr","locations":[{"start":{"line":38,"column":0},"end":{"line":38,"column":null}},{"start":{"line":38,"column":0},"end":{"line":38,"column":null}}]},"1":{"loc":{"start":{"line":44,"column":0},"end":{"line":44,"column":null}},"type":"cond-expr","locations":[{"start":{"line":44,"column":0},"end":{"line":44,"column":null}},{"start":{"line":44,"column":0},"end":{"line":44,"column":null}}]},"2":{"loc":{"start":{"line":50,"column":0},"end":{"line":50,"column":null}},"type":"cond-expr","locations":[{"start":{"line":50,"column":0},"end":{"line":50,"column":null}},{"start":{"line":50,"column":0},"end":{"line":50,"column":null}}]},"3":{"loc":{"start":{"line":56,"column":0},"end":{"line":56,"column":null}},"type":"cond-expr","locations":[{"start":{"line":56,"column":0},"end":{"line":56,"column":null}},{"start":{"line":56,"column":0},"end":{"line":56,"column":null}}]}},"s":{"0":1,"1":3,"2":3,"3":3,"4":3,"5":12},"f":{"0":3,"1":3,"2":3,"3":3,"4":12,"5":3},"b":{"0":[1,2],"1":[1,2],"2":[1,2],"3":[1,2]}}
,"H:\\source\\repos\\Shortpoet\\Shortpoet\\VueClient\\src\\components\\Resume\\PDF\\PDFBorder.vue": {"path":"H:\\source\\repos\\Shortpoet\\Shortpoet\\VueClient\\src\\components\\Resume\\PDF\\PDFBorder.vue","statementMap":{"0":{"start":{"line":26,"column":0},"end":{"line":26,"column":null}},"1":{"start":{"line":27,"column":0},"end":{"line":27,"column":null}},"2":{"start":{"line":28,"column":0},"end":{"line":39,"column":null}},"3":{"start":{"line":29,"column":0},"end":{"line":29,"column":null}},"4":{"start":{"line":35,"column":0},"end":{"line":35,"column":null}}},"fnMap":{"0":{"name":"(anonymous_1)","decl":{"start":{"line":25,"column":0},"end":{"line":25,"column":null}},"loc":{"start":{"line":25,"column":0},"end":{"line":40,"column":null}}}},"branchMap":{"0":{"loc":{"start":{"line":28,"column":0},"end":{"line":39,"column":null}},"type":"if","locations":[{"start":{"line":28,"column":0},"end":{"line":39,"column":null}},{"start":{"line":28,"column":0},"end":{"line":39,"column":null}}]}},"s":{"0":4,"1":4,"2":4,"3":1,"4":3},"f":{"0":4},"b":{"0":[1,3]}}
,"H:\\source\\repos\\Shortpoet\\Shortpoet\\VueClient\\src\\components\\Resume\\PDF\\PDFButtonFloat.vue": {"path":"H:\\source\\repos\\Shortpoet\\Shortpoet\\VueClient\\src\\components\\Resume\\PDF\\PDFButtonFloat.vue","statementMap":{"0":{"start":{"line":44,"column":0},"end":{"line":44,"column":null}},"1":{"start":{"line":46,"column":0},"end":{"line":46,"column":null}},"2":{"start":{"line":50,"column":0},"end":{"line":50,"column":null}},"3":{"start":{"line":52,"column":0},"end":{"line":52,"column":null}},"4":{"start":{"line":74,"column":0},"end":{"line":74,"column":null}},"5":{"start":{"line":90,"column":0},"end":{"line":90,"column":null}},"6":{"start":{"line":93,"column":0},"end":{"line":93,"column":null}},"7":{"start":{"line":99,"column":0},"end":{"line":99,"column":null}},"8":{"start":{"line":104,"column":0},"end":{"line":104,"column":null}},"9":{"start":{"line":107,"column":0},"end":{"line":107,"column":null}},"10":{"start":{"line":110,"column":0},"end":{"line":118,"column":null}},"11":{"start":{"line":115,"column":0},"end":{"line":115,"column":null}},"12":{"start":{"line":117,"column":0},"end":{"line":117,"column":null}},"13":{"start":{"line":121,"column":0},"end":{"line":121,"column":null}},"14":{"start":{"line":122,"column":0},"end":{"line":122,"column":null}},"15":{"start":{"line":123,"column":0},"end":{"line":123,"column":null}},"16":{"start":{"line":124,"column":0},"end":{"line":124,"column":null}},"17":{"start":{"line":125,"column":0},"end":{"line":125,"column":null}},"18":{"start":{"line":126,"column":0},"end":{"line":126,"column":null}},"19":{"start":{"line":127,"column":0},"end":{"line":152,"column":null}},"20":{"start":{"line":128,"column":0},"end":{"line":128,"column":null}},"21":{"start":{"line":129,"column":0},"end":{"line":151,"column":null}},"22":{"start":{"line":130,"column":0},"end":{"line":150,"column":null}},"23":{"start":{"line":141,"column":0},"end":{"line":141,"column":null}},"24":{"start":{"line":142,"column":0},"end":{"line":142,"column":null}},"25":{"start":{"line":143,"column":0},"end":{"line":143,"column":null}},"26":{"start":{"line":147,"column":0},"end":{"line":147,"column":null}},"27":{"start":{"line":148,"column":0},"end":{"line":148,"column":null}},"28":{"start":{"line":149,"column":0},"end":{"line":149,"column":null}},"29":{"start":{"line":155,"column":0},"end":{"line":155,"column":null}},"30":{"start":{"line":157,"column":0},"end":{"line":157,"column":null}},"31":{"start":{"line":159,"column":0},"end":{"line":159,"column":null}},"32":{"start":{"line":160,"column":0},"end":{"line":160,"column":null}},"33":{"start":{"line":161,"column":0},"end":{"line":210,"column":null}},"34":{"start":{"line":162,"column":0},"end":{"line":162,"column":null}},"35":{"start":{"line":163,"column":0},"end":{"line":209,"column":null}},"36":{"start":{"line":164,"column":0},"end":{"line":164,"column":null}},"37":{"start":{"line":165,"column":0},"end":{"line":208,"column":null}},"38":{"start":{"line":173,"column":0},"end":{"line":173,"column":null}},"39":{"start":{"line":174,"column":0},"end":{"line":174,"column":null}},"40":{"start":{"line":175,"column":0},"end":{"line":175,"column":null}},"41":{"start":{"line":176,"column":0},"end":{"line":176,"column":null}},"42":{"start":{"line":181,"column":0},"end":{"line":181,"column":null}},"43":{"start":{"line":182,"column":0},"end":{"line":182,"column":null}},"44":{"start":{"line":183,"column":0},"end":{"line":183,"column":null}},"45":{"start":{"line":192,"column":0},"end":{"line":192,"column":null}},"46":{"start":{"line":193,"column":0},"end":{"line":193,"column":null}},"47":{"start":{"line":198,"column":0},"end":{"line":198,"column":null}},"48":{"start":{"line":199,"column":0},"end":{"line":199,"column":null}},"49":{"start":{"line":206,"column":0},"end":{"line":206,"column":null}},"50":{"start":{"line":207,"column":0},"end":{"line":207,"column":null}},"51":{"start":{"line":213,"column":0},"end":{"line":250,"column":null}},"52":{"start":{"line":213,"column":0},"end":{"line":213,"column":null}},"53":{"start":{"line":215,"column":0},"end":{"line":215,"column":null}},"54":{"start":{"line":216,"column":0},"end":{"line":216,"column":null}},"55":{"start":{"line":217,"column":0},"end":{"line":217,"column":null}},"56":{"start":{"line":218,"column":0},"end":{"line":218,"column":null}},"57":{"start":{"line":219,"column":0},"end":{"line":219,"column":null}},"58":{"start":{"line":220,"column":0},"end":{"line":220,"column":null}},"59":{"start":{"line":221,"column":0},"end":{"line":221,"column":null}},"60":{"start":{"line":222,"column":0},"end":{"line":222,"column":null}},"61":{"start":{"line":223,"column":0},"end":{"line":223,"column":null}},"62":{"start":{"line":225,"column":0},"end":{"line":225,"column":null}},"63":{"start":{"line":226,"column":0},"end":{"line":226,"column":null}},"64":{"start":{"line":227,"column":0},"end":{"line":227,"column":null}},"65":{"start":{"line":228,"column":0},"end":{"line":228,"column":null}},"66":{"start":{"line":231,"column":0},"end":{"line":231,"column":null}},"67":{"start":{"line":234,"column":0},"end":{"line":234,"column":null}},"68":{"start":{"line":236,"column":0},"end":{"line":236,"column":null}},"69":{"start":{"line":237,"column":0},"end":{"line":237,"column":null}},"70":{"start":{"line":241,"column":0},"end":{"line":243,"column":null}},"71":{"start":{"line":242,"column":0},"end":{"line":242,"column":null}},"72":{"start":{"line":245,"column":0},"end":{"line":245,"column":null}},"73":{"start":{"line":247,"column":0},"end":{"line":247,"column":null}},"74":{"start":{"line":251,"column":0},"end":{"line":251,"column":null}},"75":{"start":{"line":254,"column":0},"end":{"line":289,"column":null}},"76":{"start":{"line":254,"column":0},"end":{"line":254,"column":null}},"77":{"start":{"line":256,"column":0},"end":{"line":256,"column":null}},"78":{"start":{"line":257,"column":0},"end":{"line":257,"column":null}},"79":{"start":{"line":258,"column":0},"end":{"line":258,"column":null}},"80":{"start":{"line":259,"column":0},"end":{"line":259,"column":null}},"81":{"start":{"line":260,"column":0},"end":{"line":260,"column":null}},"82":{"start":{"line":261,"column":0},"end":{"line":261,"column":null}},"83":{"start":{"line":262,"column":0},"end":{"line":262,"column":null}},"84":{"start":{"line":263,"column":0},"end":{"line":263,"column":null}},"85":{"start":{"line":264,"column":0},"end":{"line":264,"column":null}},"86":{"start":{"line":266,"column":0},"end":{"line":266,"column":null}},"87":{"start":{"line":267,"column":0},"end":{"line":267,"column":null}},"88":{"start":{"line":268,"column":0},"end":{"line":268,"column":null}},"89":{"start":{"line":269,"column":0},"end":{"line":269,"column":null}},"90":{"start":{"line":272,"column":0},"end":{"line":272,"column":null}},"91":{"start":{"line":275,"column":0},"end":{"line":275,"column":null}},"92":{"start":{"line":277,"column":0},"end":{"line":277,"column":null}},"93":{"start":{"line":278,"column":0},"end":{"line":278,"column":null}},"94":{"start":{"line":282,"column":0},"end":{"line":284,"column":null}},"95":{"start":{"line":283,"column":0},"end":{"line":283,"column":null}},"96":{"start":{"line":286,"column":0},"end":{"line":286,"column":null}},"97":{"start":{"line":288,"column":0},"end":{"line":288,"column":null}},"98":{"start":{"line":290,"column":0},"end":{"line":290,"column":null}},"99":{"start":{"line":293,"column":0},"end":{"line":293,"column":null}},"100":{"start":{"line":302,"column":0},"end":{"line":302,"column":null}},"101":{"start":{"line":303,"column":0},"end":{"line":303,"column":null}},"102":{"start":{"line":304,"column":0},"end":{"line":304,"column":null}},"103":{"start":{"line":305,"column":0},"end":{"line":305,"column":null}},"104":{"start":{"line":307,"column":0},"end":{"line":307,"column":null}},"105":{"start":{"line":309,"column":0},"end":{"line":309,"column":null}},"106":{"start":{"line":310,"column":0},"end":{"line":310,"column":null}},"107":{"start":{"line":312,"column":0},"end":{"line":317,"column":null}},"108":{"start":{"line":313,"column":0},"end":{"line":313,"column":null}},"109":{"start":{"line":314,"column":0},"end":{"line":314,"column":null}},"110":{"start":{"line":315,"column":0},"end":{"line":315,"column":null}},"111":{"start":{"line":316,"column":0},"end":{"line":316,"column":null}},"112":{"start":{"line":318,"column":0},"end":{"line":318,"column":null}},"113":{"start":{"line":321,"column":0},"end":{"line":321,"column":null}},"114":{"start":{"line":323,"column":0},"end":{"line":323,"column":null}},"115":{"start":{"line":324,"column":0},"end":{"line":324,"column":null}},"116":{"start":{"line":325,"column":0},"end":{"line":325,"column":null}},"117":{"start":{"line":326,"column":0},"end":{"line":326,"column":null}},"118":{"start":{"line":330,"column":0},"end":{"line":330,"column":null}},"119":{"start":{"line":331,"column":0},"end":{"line":331,"column":null}},"120":{"start":{"line":333,"column":0},"end":{"line":333,"column":null}},"121":{"start":{"line":335,"column":0},"end":{"line":335,"column":null}},"122":{"start":{"line":336,"column":0},"end":{"line":336,"column":null}},"123":{"start":{"line":337,"column":0},"end":{"line":337,"column":null}}},"fnMap":{"0":{"name":"(anonymous_1)","decl":{"start":{"line":73,"column":0},"end":{"line":73,"column":null}},"loc":{"start":{"line":73,"column":0},"end":{"line":87,"column":null}}},"1":{"name":"(anonymous_2)","decl":{"start":{"line":89,"column":0},"end":{"line":89,"column":null}},"loc":{"start":{"line":89,"column":0},"end":{"line":91,"column":null}}},"2":{"name":"(anonymous_3)","decl":{"start":{"line":92,"column":0},"end":{"line":92,"column":null}},"loc":{"start":{"line":92,"column":0},"end":{"line":97,"column":null}}},"3":{"name":"(anonymous_4)","decl":{"start":{"line":98,"column":0},"end":{"line":98,"column":null}},"loc":{"start":{"line":98,"column":0},"end":{"line":100,"column":null}}},"4":{"name":"(anonymous_5)","decl":{"start":{"line":103,"column":0},"end":{"line":103,"column":null}},"loc":{"start":{"line":103,"column":0},"end":{"line":105,"column":null}}},"5":{"name":"(anonymous_6)","decl":{"start":{"line":106,"column":0},"end":{"line":106,"column":null}},"loc":{"start":{"line":106,"column":0},"end":{"line":108,"column":null}}},"6":{"name":"(anonymous_7)","decl":{"start":{"line":109,"column":0},"end":{"line":109,"column":null}},"loc":{"start":{"line":109,"column":0},"end":{"line":119,"column":null}}},"7":{"name":"(anonymous_8)","decl":{"start":{"line":110,"column":0},"end":{"line":110,"column":null}},"loc":{"start":{"line":110,"column":0},"end":{"line":118,"column":null}}},"8":{"name":"(anonymous_9)","decl":{"start":{"line":120,"column":0},"end":{"line":120,"column":null}},"loc":{"start":{"line":120,"column":0},"end":{"line":153,"column":null}}},"9":{"name":"(anonymous_10)","decl":{"start":{"line":127,"column":0},"end":{"line":127,"column":null}},"loc":{"start":{"line":127,"column":0},"end":{"line":152,"column":null}}},"10":{"name":"(anonymous_11)","decl":{"start":{"line":129,"column":0},"end":{"line":129,"column":null}},"loc":{"start":{"line":129,"column":0},"end":{"line":151,"column":null}}},"11":{"name":"(anonymous_12)","decl":{"start":{"line":130,"column":0},"end":{"line":130,"column":null}},"loc":{"start":{"line":130,"column":0},"end":{"line":150,"column":null}}},"12":{"name":"(anonymous_13)","decl":{"start":{"line":154,"column":0},"end":{"line":154,"column":null}},"loc":{"start":{"line":154,"column":0},"end":{"line":211,"column":null}}},"13":{"name":"(anonymous_14)","decl":{"start":{"line":161,"column":0},"end":{"line":161,"column":null}},"loc":{"start":{"line":161,"column":0},"end":{"line":210,"column":null}}},"14":{"name":"(anonymous_15)","decl":{"start":{"line":163,"column":0},"end":{"line":163,"column":null}},"loc":{"start":{"line":163,"column":0},"end":{"line":209,"column":null}}},"15":{"name":"(anonymous_16)","decl":{"start":{"line":165,"column":0},"end":{"line":165,"column":null}},"loc":{"start":{"line":165,"column":0},"end":{"line":208,"column":null}}},"16":{"name":"(anonymous_17)","decl":{"start":{"line":212,"column":0},"end":{"line":212,"column":null}},"loc":{"start":{"line":212,"column":0},"end":{"line":252,"column":null}}},"17":{"name":"(anonymous_18)","decl":{"start":{"line":253,"column":0},"end":{"line":253,"column":null}},"loc":{"start":{"line":253,"column":0},"end":{"line":291,"column":null}}},"18":{"name":"(anonymous_19)","decl":{"start":{"line":292,"column":0},"end":{"line":292,"column":null}},"loc":{"start":{"line":292,"column":0},"end":{"line":319,"column":null}}},"19":{"name":"(anonymous_20)","decl":{"start":{"line":320,"column":0},"end":{"line":320,"column":null}},"loc":{"start":{"line":320,"column":0},"end":{"line":338,"column":null}}},"20":{"name":"(anonymous_21)","decl":{"start":{"line":340,"column":0},"end":{"line":340,"column":null}},"loc":{"start":{"line":340,"column":0},"end":{"line":340,"column":null}}}},"branchMap":{"0":{"loc":{"start":{"line":183,"column":0},"end":{"line":183,"column":null}},"type":"cond-expr","locations":[{"start":{"line":183,"column":0},"end":{"line":183,"column":null}},{"start":{"line":183,"column":0},"end":{"line":183,"column":null}}]},"1":{"loc":{"start":{"line":241,"column":0},"end":{"line":243,"column":null}},"type":"if","locations":[{"start":{"line":241,"column":0},"end":{"line":243,"column":null}},{"start":{"line":241,"column":0},"end":{"line":243,"column":null}}]},"2":{"loc":{"start":{"line":282,"column":0},"end":{"line":284,"column":null}},"type":"if","locations":[{"start":{"line":282,"column":0},"end":{"line":284,"column":null}},{"start":{"line":282,"column":0},"end":{"line":284,"column":null}}]}},"s":{"0":0,"1":0,"2":0,"3":0,"4":0,"5":0,"6":0,"7":0,"8":0,"9":0,"10":0,"11":0,"12":0,"13":0,"14":0,"15":0,"16":0,"17":0,"18":0,"19":0,"20":0,"21":0,"22":0,"23":0,"24":0,"25":0,"26":0,"27":0,"28":0,"29":0,"30":0,"31":0,"32":0,"33":0,"34":0,"35":0,"36":0,"37":0,"38":0,"39":0,"40":0,"41":0,"42":0,"43":0,"44":0,"45":0,"46":0,"47":0,"48":0,"49":0,"50":0,"51":0,"52":0,"53":0,"54":0,"55":0,"56":0,"57":0,"58":0,"59":0,"60":0,"61":0,"62":0,"63":0,"64":0,"65":0,"66":0,"67":0,"68":0,"69":0,"70":0,"71":0,"72":0,"73":0,"74":0,"75":0,"76":0,"77":0,"78":0,"79":0,"80":0,"81":0,"82":0,"83":0,"84":0,"85":0,"86":0,"87":0,"88":0,"89":0,"90":0,"91":0,"92":0,"93":0,"94":0,"95":0,"96":0,"97":0,"98":0,"99":0,"100":0,"101":0,"102":0,"103":0,"104":0,"105":0,"106":0,"107":0,"108":0,"109":0,"110":0,"111":0,"112":0,"113":0,"114":0,"115":0,"116":0,"117":0,"118":0,"119":0,"120":0,"121":0,"122":0,"123":0},"f":{"0":0,"1":0,"2":0,"3":0,"4":0,"5":0,"6":0,"7":0,"8":0,"9":0,"10":0,"11":0,"12":0,"13":0,"14":0,"15":0,"16":0,"17":0,"18":0,"19":0,"20":0},"b":{"0":[0,0],"1":[0,0],"2":[0,0]}}
,"H:\\source\\repos\\Shortpoet\\Shortpoet\\VueClient\\src\\components\\Resume\\PDF\\PDFDevIcon.vue": {"path":"H:\\source\\repos\\Shortpoet\\Shortpoet\\VueClient\\src\\components\\Resume\\PDF\\PDFDevIcon.vue","statementMap":{"0":{"start":{"line":29,"column":0},"end":{"line":29,"column":null}},"1":{"start":{"line":34,"column":0},"end":{"line":34,"column":null}},"2":{"start":{"line":37,"column":0},"end":{"line":37,"column":null}},"3":{"start":{"line":39,"column":0},"end":{"line":39,"column":null}},"4":{"start":{"line":41,"column":0},"end":{"line":41,"column":null}},"5":{"start":{"line":42,"column":0},"end":{"line":42,"column":null}},"6":{"start":{"line":44,"column":0},"end":{"line":44,"column":null}},"7":{"start":{"line":45,"column":0},"end":{"line":45,"column":null}},"8":{"start":{"line":47,"column":0},"end":{"line":47,"column":null}},"9":{"start":{"line":48,"column":0},"end":{"line":48,"column":null}},"10":{"start":{"line":50,"column":0},"end":{"line":50,"column":null}}},"fnMap":{"0":{"name":"(anonymous_1)","decl":{"start":{"line":28,"column":0},"end":{"line":28,"column":null}},"loc":{"start":{"line":28,"column":0},"end":{"line":31,"column":null}}},"1":{"name":"(anonymous_2)","decl":{"start":{"line":33,"column":0},"end":{"line":33,"column":null}},"loc":{"start":{"line":33,"column":0},"end":{"line":35,"column":null}}},"2":{"name":"(anonymous_3)","decl":{"start":{"line":36,"column":0},"end":{"line":36,"column":null}},"loc":{"start":{"line":36,"column":0},"end":{"line":51,"column":null}}},"3":{"name":"(anonymous_4)","decl":{"start":{"line":55,"column":0},"end":{"line":55,"column":null}},"loc":{"start":{"line":55,"column":0},"end":{"line":55,"column":null}}}},"branchMap":{"0":{"loc":{"start":{"line":40,"column":0},"end":{"line":42,"column":null}},"type":"switch","locations":[{"start":{"line":40,"column":0},"end":{"line":42,"column":null}},{"start":{"line":43,"column":0},"end":{"line":45,"column":null}},{"start":{"line":46,"column":0},"end":{"line":48,"column":null}}]}},"s":{"0":62,"1":62,"2":60,"3":60,"4":20,"5":20,"6":20,"7":20,"8":20,"9":20,"10":60},"f":{"0":62,"1":62,"2":60,"3":62},"b":{"0":[20,20,20]}}
,"H:\\source\\repos\\Shortpoet\\Shortpoet\\VueClient\\src\\components\\Resume\\PDF\\PDFEducation.vue": {"path":"H:\\source\\repos\\Shortpoet\\Shortpoet\\VueClient\\src\\components\\Resume\\PDF\\PDFEducation.vue","statementMap":{"0":{"start":{"line":40,"column":0},"end":{"line":40,"column":null}}},"fnMap":{"0":{"name":"(anonymous_1)","decl":{"start":{"line":39,"column":0},"end":{"line":39,"column":null}},"loc":{"start":{"line":39,"column":0},"end":{"line":44,"column":null}}}},"branchMap":{"0":{"loc":{"start":{"line":40,"column":0},"end":{"line":40,"column":null}},"type":"cond-expr","locations":[{"start":{"line":40,"column":0},"end":{"line":40,"column":null}},{"start":{"line":40,"column":0},"end":{"line":40,"column":null}}]}},"s":{"0":7},"f":{"0":7},"b":{"0":[1,6]}}
,"H:\\source\\repos\\Shortpoet\\Shortpoet\\VueClient\\src\\components\\Resume\\PDF\\PDFExperience.vue": {"path":"H:\\source\\repos\\Shortpoet\\Shortpoet\\VueClient\\src\\components\\Resume\\PDF\\PDFExperience.vue","statementMap":{"0":{"start":{"line":48,"column":0},"end":{"line":48,"column":null}},"1":{"start":{"line":54,"column":0},"end":{"line":54,"column":null}}},"fnMap":{"0":{"name":"(anonymous_1)","decl":{"start":{"line":47,"column":0},"end":{"line":47,"column":null}},"loc":{"start":{"line":47,"column":0},"end":{"line":52,"column":null}}},"1":{"name":"(anonymous_2)","decl":{"start":{"line":53,"column":0},"end":{"line":53,"column":null}},"loc":{"start":{"line":53,"column":0},"end":{"line":58,"column":null}}}},"branchMap":{"0":{"loc":{"start":{"line":48,"column":0},"end":{"line":48,"column":null}},"type":"cond-expr","locations":[{"start":{"line":48,"column":0},"end":{"line":48,"column":null}},{"start":{"line":48,"column":0},"end":{"line":48,"column":null}}]},"1":{"loc":{"start":{"line":54,"column":0},"end":{"line":54,"column":null}},"type":"cond-expr","locations":[{"start":{"line":54,"column":0},"end":{"line":54,"column":null}},{"start":{"line":54,"column":0},"end":{"line":54,"column":null}}]}},"s":{"0":3,"1":3},"f":{"0":3,"1":3},"b":{"0":[1,2],"1":[1,2]}}
,"H:\\source\\repos\\Shortpoet\\Shortpoet\\VueClient\\src\\components\\Resume\\PDF\\PDFObjective.vue": {"path":"H:\\source\\repos\\Shortpoet\\Shortpoet\\VueClient\\src\\components\\Resume\\PDF\\PDFObjective.vue","statementMap":{"0":{"start":{"line":43,"column":0},"end":{"line":43,"column":null}},"1":{"start":{"line":49,"column":0},"end":{"line":49,"column":null}}},"fnMap":{"0":{"name":"(anonymous_1)","decl":{"start":{"line":42,"column":0},"end":{"line":42,"column":null}},"loc":{"start":{"line":42,"column":0},"end":{"line":46,"column":null}}},"1":{"name":"(anonymous_2)","decl":{"start":{"line":48,"column":0},"end":{"line":48,"column":null}},"loc":{"start":{"line":48,"column":0},"end":{"line":53,"column":null}}}},"branchMap":{"0":{"loc":{"start":{"line":49,"column":0},"end":{"line":49,"column":null}},"type":"cond-expr","locations":[{"start":{"line":49,"column":0},"end":{"line":49,"column":null}},{"start":{"line":49,"column":0},"end":{"line":49,"column":null}}]}},"s":{"0":3,"1":3},"f":{"0":3,"1":3},"b":{"0":[1,2]}}
,"H:\\source\\repos\\Shortpoet\\Shortpoet\\VueClient\\src\\components\\Resume\\PDF\\PDFSkills.vue": {"path":"H:\\source\\repos\\Shortpoet\\Shortpoet\\VueClient\\src\\components\\Resume\\PDF\\PDFSkills.vue","statementMap":{"0":{"start":{"line":51,"column":0},"end":{"line":51,"column":null}},"1":{"start":{"line":52,"column":0},"end":{"line":52,"column":null}},"2":{"start":{"line":53,"column":0},"end":{"line":53,"column":null}},"3":{"start":{"line":60,"column":0},"end":{"line":60,"column":null}},"4":{"start":{"line":68,"column":0},"end":{"line":68,"column":null}},"5":{"start":{"line":77,"column":0},"end":{"line":77,"column":null}},"6":{"start":{"line":79,"column":0},"end":{"line":79,"column":null}},"7":{"start":{"line":84,"column":0},"end":{"line":84,"column":null}},"8":{"start":{"line":87,"column":0},"end":{"line":87,"column":null}},"9":{"start":{"line":88,"column":0},"end":{"line":90,"column":null}},"10":{"start":{"line":89,"column":0},"end":{"line":89,"column":null}}},"fnMap":{"0":{"name":"(anonymous_1)","decl":{"start":{"line":60,"column":0},"end":{"line":60,"column":null}},"loc":{"start":{"line":60,"column":0},"end":{"line":60,"column":null}}},"1":{"name":"(anonymous_2)","decl":{"start":{"line":67,"column":0},"end":{"line":67,"column":null}},"loc":{"start":{"line":67,"column":0},"end":{"line":73,"column":null}}},"2":{"name":"(anonymous_3)","decl":{"start":{"line":75,"column":0},"end":{"line":75,"column":null}},"loc":{"start":{"line":75,"column":0},"end":{"line":80,"column":null}}},"3":{"name":"(anonymous_4)","decl":{"start":{"line":83,"column":0},"end":{"line":83,"column":null}},"loc":{"start":{"line":83,"column":0},"end":{"line":85,"column":null}}},"4":{"name":"(anonymous_5)","decl":{"start":{"line":86,"column":0},"end":{"line":86,"column":null}},"loc":{"start":{"line":86,"column":0},"end":{"line":91,"column":null}}},"5":{"name":"(anonymous_6)","decl":{"start":{"line":87,"column":0},"end":{"line":87,"column":null}},"loc":{"start":{"line":87,"column":0},"end":{"line":87,"column":null}}},"6":{"name":"(anonymous_7)","decl":{"start":{"line":88,"column":0},"end":{"line":88,"column":null}},"loc":{"start":{"line":88,"column":0},"end":{"line":90,"column":null}}},"7":{"name":"(anonymous_8)","decl":{"start":{"line":89,"column":0},"end":{"line":89,"column":null}},"loc":{"start":{"line":89,"column":0},"end":{"line":89,"column":null}}},"8":{"name":"(anonymous_9)","decl":{"start":{"line":92,"column":0},"end":{"line":92,"column":null}},"loc":{"start":{"line":92,"column":0},"end":{"line":102,"column":null}}},"9":{"name":"(anonymous_10)","decl":{"start":{"line":104,"column":0},"end":{"line":104,"column":null}},"loc":{"start":{"line":104,"column":0},"end":{"line":106,"column":null}}}},"branchMap":{"0":{"loc":{"start":{"line":79,"column":0},"end":{"line":79,"column":null}},"type":"binary-expr","locations":[{"start":{"line":79,"column":0},"end":{"line":79,"column":null}},{"start":{"line":79,"column":0},"end":{"line":79,"column":null}}]}},"s":{"0":0,"1":0,"2":0,"3":0,"4":0,"5":0,"6":0,"7":0,"8":0,"9":0,"10":0},"f":{"0":0,"1":0,"2":0,"3":0,"4":0,"5":0,"6":0,"7":0,"8":0,"9":0},"b":{"0":[0,0]}}
,"H:\\source\\repos\\Shortpoet\\Shortpoet\\VueClient\\src\\components\\Resume\\PDF\\PDFSkillsRender.vue": {"path":"H:\\source\\repos\\Shortpoet\\Shortpoet\\VueClient\\src\\components\\Resume\\PDF\\PDFSkillsRender.vue","statementMap":{"0":{"start":{"line":52,"column":0},"end":{"line":52,"column":null}},"1":{"start":{"line":53,"column":0},"end":{"line":53,"column":null}},"2":{"start":{"line":54,"column":0},"end":{"line":54,"column":null}},"3":{"start":{"line":61,"column":0},"end":{"line":61,"column":null}},"4":{"start":{"line":69,"column":0},"end":{"line":69,"column":null}},"5":{"start":{"line":78,"column":0},"end":{"line":78,"column":null}},"6":{"start":{"line":80,"column":0},"end":{"line":80,"column":null}},"7":{"start":{"line":85,"column":0},"end":{"line":85,"column":null}},"8":{"start":{"line":88,"column":0},"end":{"line":88,"column":null}},"9":{"start":{"line":89,"column":0},"end":{"line":91,"column":null}},"10":{"start":{"line":90,"column":0},"end":{"line":90,"column":null}},"11":{"start":{"line":94,"column":0},"end":{"line":94,"column":null}},"12":{"start":{"line":95,"column":0},"end":{"line":95,"column":null}},"13":{"start":{"line":96,"column":0},"end":{"line":96,"column":null}},"14":{"start":{"line":97,"column":0},"end":{"line":97,"column":null}},"15":{"start":{"line":98,"column":0},"end":{"line":98,"column":null}},"16":{"start":{"line":100,"column":0},"end":{"line":102,"column":null}},"17":{"start":{"line":101,"column":0},"end":{"line":101,"column":null}},"18":{"start":{"line":105,"column":0},"end":{"line":109,"column":null}},"19":{"start":{"line":106,"column":0},"end":{"line":106,"column":null}},"20":{"start":{"line":107,"column":0},"end":{"line":109,"column":null}},"21":{"start":{"line":108,"column":0},"end":{"line":108,"column":null}},"22":{"start":{"line":110,"column":0},"end":{"line":110,"column":null}},"23":{"start":{"line":114,"column":0},"end":{"line":114,"column":null}}},"fnMap":{"0":{"name":"(anonymous_1)","decl":{"start":{"line":61,"column":0},"end":{"line":61,"column":null}},"loc":{"start":{"line":61,"column":0},"end":{"line":61,"column":null}}},"1":{"name":"(anonymous_2)","decl":{"start":{"line":68,"column":0},"end":{"line":68,"column":null}},"loc":{"start":{"line":68,"column":0},"end":{"line":74,"column":null}}},"2":{"name":"(anonymous_3)","decl":{"start":{"line":76,"column":0},"end":{"line":76,"column":null}},"loc":{"start":{"line":76,"column":0},"end":{"line":81,"column":null}}},"3":{"name":"(anonymous_4)","decl":{"start":{"line":84,"column":0},"end":{"line":84,"column":null}},"loc":{"start":{"line":84,"column":0},"end":{"line":86,"column":null}}},"4":{"name":"(anonymous_5)","decl":{"start":{"line":87,"column":0},"end":{"line":87,"column":null}},"loc":{"start":{"line":87,"column":0},"end":{"line":92,"column":null}}},"5":{"name":"(anonymous_6)","decl":{"start":{"line":88,"column":0},"end":{"line":88,"column":null}},"loc":{"start":{"line":88,"column":0},"end":{"line":88,"column":null}}},"6":{"name":"(anonymous_7)","decl":{"start":{"line":89,"column":0},"end":{"line":89,"column":null}},"loc":{"start":{"line":89,"column":0},"end":{"line":91,"column":null}}},"7":{"name":"(anonymous_8)","decl":{"start":{"line":90,"column":0},"end":{"line":90,"column":null}},"loc":{"start":{"line":90,"column":0},"end":{"line":90,"column":null}}},"8":{"name":"(anonymous_9)","decl":{"start":{"line":93,"column":0},"end":{"line":93,"column":null}},"loc":{"start":{"line":93,"column":0},"end":{"line":103,"column":null}}},"9":{"name":"(anonymous_10)","decl":{"start":{"line":104,"column":0},"end":{"line":104,"column":null}},"loc":{"start":{"line":104,"column":0},"end":{"line":111,"column":null}}},"10":{"name":"(anonymous_11)","decl":{"start":{"line":113,"column":0},"end":{"line":113,"column":null}},"loc":{"start":{"line":113,"column":0},"end":{"line":115,"column":null}}}},"branchMap":{"0":{"loc":{"start":{"line":80,"column":0},"end":{"line":80,"column":null}},"type":"binary-expr","locations":[{"start":{"line":80,"column":0},"end":{"line":80,"column":null}},{"start":{"line":80,"column":0},"end":{"line":80,"column":null}}]},"1":{"loc":{"start":{"line":100,"column":0},"end":{"line":102,"column":null}},"type":"if","locations":[{"start":{"line":100,"column":0},"end":{"line":102,"column":null}},{"start":{"line":100,"column":0},"end":{"line":102,"column":null}}]},"2":{"loc":{"start":{"line":100,"column":0},"end":{"line":100,"column":null}},"type":"binary-expr","locations":[{"start":{"line":100,"column":0},"end":{"line":100,"column":null}},{"start":{"line":100,"column":0},"end":{"line":100,"column":null}}]},"3":{"loc":{"start":{"line":105,"column":0},"end":{"line":109,"column":null}},"type":"if","locations":[{"start":{"line":105,"column":0},"end":{"line":109,"column":null}},{"start":{"line":105,"column":0},"end":{"line":109,"column":null}}]},"4":{"loc":{"start":{"line":107,"column":0},"end":{"line":109,"column":null}},"type":"if","locations":[{"start":{"line":107,"column":0},"end":{"line":109,"column":null}},{"start":{"line":107,"column":0},"end":{"line":109,"column":null}}]}},"s":{"0":0,"1":0,"2":0,"3":0,"4":0,"5":0,"6":0,"7":0,"8":0,"9":0,"10":0,"11":0,"12":0,"13":0,"14":0,"15":0,"16":0,"17":0,"18":0,"19":0,"20":0,"21":0,"22":0,"23":0},"f":{"0":0,"1":0,"2":0,"3":0,"4":0,"5":0,"6":0,"7":0,"8":0,"9":0,"10":0},"b":{"0":[0,0],"1":[0,0],"2":[0,0],"3":[0,0],"4":[0,0]}}
,"H:\\source\\repos\\Shortpoet\\Shortpoet\\VueClient\\src\\components\\Resume\\PDF\\PDFSocials.vue": {"path":"H:\\source\\repos\\Shortpoet\\Shortpoet\\VueClient\\src\\components\\Resume\\PDF\\PDFSocials.vue","statementMap":{"0":{"start":{"line":35,"column":0},"end":{"line":35,"column":null}},"1":{"start":{"line":72,"column":0},"end":{"line":72,"column":null}},"2":{"start":{"line":78,"column":0},"end":{"line":84,"column":null}}},"fnMap":{"0":{"name":"(anonymous_1)","decl":{"start":{"line":34,"column":0},"end":{"line":34,"column":null}},"loc":{"start":{"line":34,"column":0},"end":{"line":69,"column":null}}},"1":{"name":"(anonymous_2)","decl":{"start":{"line":71,"column":0},"end":{"line":71,"column":null}},"loc":{"start":{"line":71,"column":0},"end":{"line":76,"column":null}}},"2":{"name":"(anonymous_3)","decl":{"start":{"line":77,"column":0},"end":{"line":77,"column":null}},"loc":{"start":{"line":77,"column":0},"end":{"line":88,"column":null}}}},"branchMap":{"0":{"loc":{"start":{"line":72,"column":0},"end":{"line":72,"column":null}},"type":"cond-expr","locations":[{"start":{"line":72,"column":0},"end":{"line":72,"column":null}},{"start":{"line":72,"column":0},"end":{"line":72,"column":null}}]},"1":{"loc":{"start":{"line":78,"column":0},"end":{"line":79,"column":null}},"type":"cond-expr","locations":[{"start":{"line":78,"column":0},"end":{"line":79,"column":null}},{"start":{"line":79,"column":0},"end":{"line":84,"column":null}}]}},"s":{"0":9,"1":9,"2":9},"f":{"0":9,"1":9,"2":9},"b":{"0":[1,8],"1":[1,8]}}
,"H:\\source\\repos\\Shortpoet\\Shortpoet\\VueClient\\src\\components\\Resume\\Start\\StartAbout.vue": {"path":"H:\\source\\repos\\Shortpoet\\Shortpoet\\VueClient\\src\\components\\Resume\\Start\\StartAbout.vue","statementMap":{"0":{"start":{"line":51,"column":0},"end":{"line":51,"column":null}}},"fnMap":{"0":{"name":"(anonymous_1)","decl":{"start":{"line":50,"column":0},"end":{"line":50,"column":null}},"loc":{"start":{"line":50,"column":0},"end":{"line":53,"column":null}}}},"branchMap":{},"s":{"0":8},"f":{"0":8},"b":{}}
,"H:\\source\\repos\\Shortpoet\\Shortpoet\\VueClient\\src\\components\\Resume\\Start\\StartAwards.vue": {"path":"H:\\source\\repos\\Shortpoet\\Shortpoet\\VueClient\\src\\components\\Resume\\Start\\StartAwards.vue","statementMap":{"0":{"start":{"line":23,"column":0},"end":{"line":23,"column":null}},"1":{"start":{"line":33,"column":0},"end":{"line":33,"column":null}}},"fnMap":{"0":{"name":"(anonymous_1)","decl":{"start":{"line":32,"column":0},"end":{"line":32,"column":null}},"loc":{"start":{"line":32,"column":0},"end":{"line":34,"column":null}}}},"branchMap":{},"s":{"0":3,"1":8},"f":{"0":8},"b":{}}
,"H:\\source\\repos\\Shortpoet\\Shortpoet\\VueClient\\src\\components\\Resume\\Start\\StartButtonFloat.vue": {"path":"H:\\source\\repos\\Shortpoet\\Shortpoet\\VueClient\\src\\components\\Resume\\Start\\StartButtonFloat.vue","statementMap":{"0":{"start":{"line":92,"column":0},"end":{"line":92,"column":null}},"1":{"start":{"line":112,"column":0},"end":{"line":112,"column":null}},"2":{"start":{"line":115,"column":0},"end":{"line":115,"column":null}},"3":{"start":{"line":121,"column":0},"end":{"line":121,"column":null}},"4":{"start":{"line":124,"column":0},"end":{"line":124,"column":null}},"5":{"start":{"line":127,"column":0},"end":{"line":127,"column":null}},"6":{"start":{"line":132,"column":0},"end":{"line":132,"column":null}},"7":{"start":{"line":135,"column":0},"end":{"line":137,"column":null}},"8":{"start":{"line":136,"column":0},"end":{"line":136,"column":null}},"9":{"start":{"line":140,"column":0},"end":{"line":144,"column":null}},"10":{"start":{"line":141,"column":0},"end":{"line":143,"column":null}},"11":{"start":{"line":142,"column":0},"end":{"line":142,"column":null}},"12":{"start":{"line":148,"column":0},"end":{"line":148,"column":null}},"13":{"start":{"line":149,"column":0},"end":{"line":149,"column":null}},"14":{"start":{"line":152,"column":0},"end":{"line":152,"column":null}},"15":{"start":{"line":153,"column":0},"end":{"line":155,"column":null}},"16":{"start":{"line":154,"column":0},"end":{"line":154,"column":null}}},"fnMap":{"0":{"name":"(anonymous_1)","decl":{"start":{"line":91,"column":0},"end":{"line":91,"column":null}},"loc":{"start":{"line":91,"column":0},"end":{"line":109,"column":null}}},"1":{"name":"(anonymous_2)","decl":{"start":{"line":111,"column":0},"end":{"line":111,"column":null}},"loc":{"start":{"line":111,"column":0},"end":{"line":113,"column":null}}},"2":{"name":"(anonymous_3)","decl":{"start":{"line":114,"column":0},"end":{"line":114,"column":null}},"loc":{"start":{"line":114,"column":0},"end":{"line":119,"column":null}}},"3":{"name":"(anonymous_4)","decl":{"start":{"line":120,"column":0},"end":{"line":120,"column":null}},"loc":{"start":{"line":120,"column":0},"end":{"line":122,"column":null}}},"4":{"name":"(anonymous_5)","decl":{"start":{"line":123,"column":0},"end":{"line":123,"column":null}},"loc":{"start":{"line":123,"column":0},"end":{"line":125,"column":null}}},"5":{"name":"(anonymous_6)","decl":{"start":{"line":126,"column":0},"end":{"line":126,"column":null}},"loc":{"start":{"line":126,"column":0},"end":{"line":128,"column":null}}},"6":{"name":"(anonymous_7)","decl":{"start":{"line":131,"column":0},"end":{"line":131,"column":null}},"loc":{"start":{"line":131,"column":0},"end":{"line":133,"column":null}}},"7":{"name":"(anonymous_8)","decl":{"start":{"line":134,"column":0},"end":{"line":134,"column":null}},"loc":{"start":{"line":134,"column":0},"end":{"line":138,"column":null}}},"8":{"name":"(anonymous_9)","decl":{"start":{"line":139,"column":0},"end":{"line":139,"column":null}},"loc":{"start":{"line":139,"column":0},"end":{"line":145,"column":null}}},"9":{"name":"(anonymous_10)","decl":{"start":{"line":147,"column":0},"end":{"line":147,"column":null}},"loc":{"start":{"line":147,"column":0},"end":{"line":150,"column":null}}},"10":{"name":"(anonymous_11)","decl":{"start":{"line":149,"column":0},"end":{"line":149,"column":null}},"loc":{"start":{"line":149,"column":0},"end":{"line":149,"column":null}}},"11":{"name":"(anonymous_12)","decl":{"start":{"line":151,"column":0},"end":{"line":151,"column":null}},"loc":{"start":{"line":151,"column":0},"end":{"line":156,"column":null}}},"12":{"name":"(anonymous_13)","decl":{"start":{"line":153,"column":0},"end":{"line":153,"column":null}},"loc":{"start":{"line":153,"column":0},"end":{"line":155,"column":null}}},"13":{"name":"(anonymous_14)","decl":{"start":{"line":154,"column":0},"end":{"line":154,"column":null}},"loc":{"start":{"line":154,"column":0},"end":{"line":154,"column":null}}}},"branchMap":{"0":{"loc":{"start":{"line":121,"column":0},"end":{"line":121,"column":null}},"type":"cond-expr","locations":[{"start":{"line":121,"column":0},"end":{"line":121,"column":null}},{"start":{"line":121,"column":0},"end":{"line":121,"column":null}}]},"1":{"loc":{"start":{"line":124,"column":0},"end":{"line":124,"column":null}},"type":"cond-expr","locations":[{"start":{"line":124,"column":0},"end":{"line":124,"column":null}},{"start":{"line":124,"column":0},"end":{"line":124,"column":null}}]},"2":{"loc":{"start":{"line":135,"column":0},"end":{"line":137,"column":null}},"type":"if","locations":[{"start":{"line":135,"column":0},"end":{"line":137,"column":null}},{"start":{"line":135,"column":0},"end":{"line":137,"column":null}}]},"3":{"loc":{"start":{"line":140,"column":0},"end":{"line":144,"column":null}},"type":"if","locations":[{"start":{"line":140,"column":0},"end":{"line":144,"column":null}},{"start":{"line":140,"column":0},"end":{"line":144,"column":null}}]},"4":{"loc":{"start":{"line":141,"column":0},"end":{"line":143,"column":null}},"type":"if","locations":[{"start":{"line":141,"column":0},"end":{"line":143,"column":null}},{"start":{"line":141,"column":0},"end":{"line":143,"column":null}}]}},"s":{"0":1,"1":1,"2":1,"3":1,"4":1,"5":0,"6":0,"7":0,"8":0,"9":0,"10":0,"11":0,"12":0,"13":0,"14":1,"15":1,"16":0},"f":{"0":1,"1":1,"2":1,"3":1,"4":1,"5":0,"6":0,"7":0,"8":0,"9":0,"10":0,"11":1,"12":0,"13":0},"b":{"0":[0,1],"1":[0,1],"2":[0,0],"3":[0,0],"4":[0,0]}}
,"H:\\source\\repos\\Shortpoet\\Shortpoet\\VueClient\\src\\components\\Resume\\Start\\StartDevIcon.vue": {"path":"H:\\source\\repos\\Shortpoet\\Shortpoet\\VueClient\\src\\components\\Resume\\Start\\StartDevIcon.vue","statementMap":{"0":{"start":{"line":29,"column":0},"end":{"line":29,"column":null}},"1":{"start":{"line":34,"column":0},"end":{"line":34,"column":null}},"2":{"start":{"line":37,"column":0},"end":{"line":37,"column":null}},"3":{"start":{"line":39,"column":0},"end":{"line":39,"column":null}},"4":{"start":{"line":41,"column":0},"end":{"line":41,"column":null}},"5":{"start":{"line":42,"column":0},"end":{"line":42,"column":null}},"6":{"start":{"line":44,"column":0},"end":{"line":44,"column":null}},"7":{"start":{"line":45,"column":0},"end":{"line":45,"column":null}},"8":{"start":{"line":47,"column":0},"end":{"line":47,"column":null}},"9":{"start":{"line":48,"column":0},"end":{"line":48,"column":null}},"10":{"start":{"line":50,"column":0},"end":{"line":50,"column":null}}},"fnMap":{"0":{"name":"(anonymous_1)","decl":{"start":{"line":28,"column":0},"end":{"line":28,"column":null}},"loc":{"start":{"line":28,"column":0},"end":{"line":31,"column":null}}},"1":{"name":"(anonymous_2)","decl":{"start":{"line":33,"column":0},"end":{"line":33,"column":null}},"loc":{"start":{"line":33,"column":0},"end":{"line":35,"column":null}}},"2":{"name":"(anonymous_3)","decl":{"start":{"line":36,"column":0},"end":{"line":36,"column":null}},"loc":{"start":{"line":36,"column":0},"end":{"line":51,"column":null}}},"3":{"name":"(anonymous_4)","decl":{"start":{"line":55,"column":0},"end":{"line":55,"column":null}},"loc":{"start":{"line":55,"column":0},"end":{"line":55,"column":null}}}},"branchMap":{"0":{"loc":{"start":{"line":40,"column":0},"end":{"line":42,"column":null}},"type":"switch","locations":[{"start":{"line":40,"column":0},"end":{"line":42,"column":null}},{"start":{"line":43,"column":0},"end":{"line":45,"column":null}},{"start":{"line":46,"column":0},"end":{"line":48,"column":null}}]}},"s":{"0":84,"1":84,"2":60,"3":60,"4":20,"5":20,"6":20,"7":20,"8":20,"9":20,"10":60},"f":{"0":84,"1":84,"2":60,"3":84},"b":{"0":[20,20,20]}}
,"H:\\source\\repos\\Shortpoet\\Shortpoet\\VueClient\\src\\components\\Resume\\Start\\StartInterests.vue": {"path":"H:\\source\\repos\\Shortpoet\\Shortpoet\\VueClient\\src\\components\\Resume\\Start\\StartInterests.vue","statementMap":{"0":{"start":{"line":24,"column":0},"end":{"line":24,"column":null}}},"fnMap":{"0":{"name":"(anonymous_1)","decl":{"start":{"line":23,"column":0},"end":{"line":23,"column":null}},"loc":{"start":{"line":23,"column":0},"end":{"line":27,"column":null}}}},"branchMap":{},"s":{"0":3},"f":{"0":3},"b":{}}
,"H:\\source\\repos\\Shortpoet\\Shortpoet\\VueClient\\src\\components\\Resume\\Start\\StartNav.vue": {"path":"H:\\source\\repos\\Shortpoet\\Shortpoet\\VueClient\\src\\components\\Resume\\Start\\StartNav.vue","statementMap":{"0":{"start":{"line":42,"column":0},"end":{"line":42,"column":null}}},"fnMap":{"0":{"name":"(anonymous_1)","decl":{"start":{"line":41,"column":0},"end":{"line":41,"column":null}},"loc":{"start":{"line":41,"column":0},"end":{"line":45,"column":null}}}},"branchMap":{},"s":{"0":1},"f":{"0":1},"b":{}}
,"H:\\source\\repos\\Shortpoet\\Shortpoet\\VueClient\\src\\components\\Resume\\Start\\StartObjective.vue": {"path":"H:\\source\\repos\\Shortpoet\\Shortpoet\\VueClient\\src\\components\\Resume\\Start\\StartObjective.vue","statementMap":{"0":{"start":{"line":30,"column":0},"end":{"line":30,"column":null}}},"fnMap":{"0":{"name":"(anonymous_1)","decl":{"start":{"line":29,"column":0},"end":{"line":29,"column":null}},"loc":{"start":{"line":29,"column":0},"end":{"line":32,"column":null}}}},"branchMap":{},"s":{"0":3},"f":{"0":3},"b":{}}
,"H:\\source\\repos\\Shortpoet\\Shortpoet\\VueClient\\src\\components\\Resume\\Start\\StartSkills.vue": {"path":"H:\\source\\repos\\Shortpoet\\Shortpoet\\VueClient\\src\\components\\Resume\\Start\\StartSkills.vue","statementMap":{"0":{"start":{"line":52,"column":0},"end":{"line":52,"column":null}},"1":{"start":{"line":53,"column":0},"end":{"line":53,"column":null}},"2":{"start":{"line":67,"column":0},"end":{"line":67,"column":null}},"3":{"start":{"line":73,"column":0},"end":{"line":73,"column":null}}},"fnMap":{"0":{"name":"(anonymous_1)","decl":{"start":{"line":66,"column":0},"end":{"line":66,"column":null}},"loc":{"start":{"line":66,"column":0},"end":{"line":70,"column":null}}},"1":{"name":"(anonymous_2)","decl":{"start":{"line":72,"column":0},"end":{"line":72,"column":null}},"loc":{"start":{"line":72,"column":0},"end":{"line":74,"column":null}}},"2":{"name":"(anonymous_3)","decl":{"start":{"line":76,"column":0},"end":{"line":76,"column":null}},"loc":{"start":{"line":76,"column":0},"end":{"line":78,"column":null}}}},"branchMap":{},"s":{"0":2,"1":2,"2":1,"3":9},"f":{"0":1,"1":9,"2":1},"b":{}}
,"H:\\source\\repos\\Shortpoet\\Shortpoet\\VueClient\\src\\components\\Resume\\Start\\StartSocials.vue": {"path":"H:\\source\\repos\\Shortpoet\\Shortpoet\\VueClient\\src\\components\\Resume\\Start\\StartSocials.vue","statementMap":{"0":{"start":{"line":33,"column":0},"end":{"line":33,"column":null}}},"fnMap":{"0":{"name":"(anonymous_1)","decl":{"start":{"line":32,"column":0},"end":{"line":32,"column":null}},"loc":{"start":{"line":32,"column":0},"end":{"line":69,"column":null}}}},"branchMap":{},"s":{"0":1},"f":{"0":1},"b":{}}
,"H:\\source\\repos\\Shortpoet\\Shortpoet\\VueClient\\src\\components\\Utils\\FlexList.vue": {"path":"H:\\source\\repos\\Shortpoet\\Shortpoet\\VueClient\\src\\components\\Utils\\FlexList.vue","statementMap":{"0":{"start":{"line":32,"column":0},"end":{"line":32,"column":null}},"1":{"start":{"line":33,"column":0},"end":{"line":33,"column":null}},"2":{"start":{"line":34,"column":0},"end":{"line":34,"column":null}},"3":{"start":{"line":35,"column":0},"end":{"line":35,"column":null}},"4":{"start":{"line":36,"column":0},"end":{"line":36,"column":null}},"5":{"start":{"line":37,"column":0},"end":{"line":37,"column":null}},"6":{"start":{"line":38,"column":0},"end":{"line":46,"column":null}},"7":{"start":{"line":39,"column":0},"end":{"line":45,"column":null}},"8":{"start":{"line":40,"column":0},"end":{"line":40,"column":null}},"9":{"start":{"line":41,"column":0},"end":{"line":45,"column":null}},"10":{"start":{"line":42,"column":0},"end":{"line":42,"column":null}},"11":{"start":{"line":44,"column":0},"end":{"line":44,"column":null}},"12":{"start":{"line":47,"column":0},"end":{"line":47,"column":null}},"13":{"start":{"line":51,"column":0},"end":{"line":51,"column":null}}},"fnMap":{"0":{"name":"(anonymous_1)","decl":{"start":{"line":31,"column":0},"end":{"line":31,"column":null}},"loc":{"start":{"line":31,"column":0},"end":{"line":48,"column":null}}},"1":{"name":"(anonymous_2)","decl":{"start":{"line":36,"column":0},"end":{"line":36,"column":null}},"loc":{"start":{"line":36,"column":0},"end":{"line":36,"column":null}}},"2":{"name":"(anonymous_3)","decl":{"start":{"line":38,"column":0},"end":{"line":38,"column":null}},"loc":{"start":{"line":38,"column":0},"end":{"line":46,"column":null}}},"3":{"name":"(anonymous_4)","decl":{"start":{"line":50,"column":0},"end":{"line":50,"column":null}},"loc":{"start":{"line":50,"column":0},"end":{"line":52,"column":null}}}},"branchMap":{"0":{"loc":{"start":{"line":39,"column":0},"end":{"line":45,"column":null}},"type":"if","locations":[{"start":{"line":39,"column":0},"end":{"line":45,"column":null}},{"start":{"line":39,"column":0},"end":{"line":45,"column":null}}]},"1":{"loc":{"start":{"line":41,"column":0},"end":{"line":45,"column":null}},"type":"if","locations":[{"start":{"line":41,"column":0},"end":{"line":45,"column":null}},{"start":{"line":41,"column":0},"end":{"line":45,"column":null}}]}},"s":{"0":0,"1":0,"2":0,"3":0,"4":0,"5":0,"6":0,"7":0,"8":0,"9":0,"10":0,"11":0,"12":0,"13":0},"f":{"0":0,"1":0,"2":0,"3":0},"b":{"0":[0,0],"1":[0,0]}}
,"H:\\source\\repos\\Shortpoet\\Shortpoet\\VueClient\\src\\components\\Utils\\Modal.vue": {"path":"H:\\source\\repos\\Shortpoet\\Shortpoet\\VueClient\\src\\components\\Utils\\Modal.vue","statementMap":{"0":{"start":{"line":8,"column":0},"end":{"line":8,"column":null}},"1":{"start":{"line":11,"column":0},"end":{"line":11,"column":null}},"2":{"start":{"line":14,"column":0},"end":{"line":14,"column":null}},"3":{"start":{"line":17,"column":0},"end":{"line":17,"column":null}}},"fnMap":{"0":{"name":"(anonymous_1)","decl":{"start":{"line":7,"column":0},"end":{"line":7,"column":null}},"loc":{"start":{"line":7,"column":0},"end":{"line":9,"column":null}}},"1":{"name":"(anonymous_2)","decl":{"start":{"line":10,"column":0},"end":{"line":10,"column":null}},"loc":{"start":{"line":10,"column":0},"end":{"line":12,"column":null}}},"2":{"name":"(anonymous_3)","decl":{"start":{"line":13,"column":0},"end":{"line":13,"column":null}},"loc":{"start":{"line":13,"column":0},"end":{"line":15,"column":null}}},"3":{"name":"(anonymous_4)","decl":{"start":{"line":16,"column":0},"end":{"line":16,"column":null}},"loc":{"start":{"line":16,"column":0},"end":{"line":18,"column":null}}}},"branchMap":{},"s":{"0":0,"1":0,"2":0,"3":0},"f":{"0":0,"1":0,"2":0,"3":0},"b":{}}
,"H:\\source\\repos\\Shortpoet\\Shortpoet\\VueClient\\src\\components\\Utils\\PDFAction.vue": {"path":"H:\\source\\repos\\Shortpoet\\Shortpoet\\VueClient\\src\\components\\Utils\\PDFAction.vue","statementMap":{"0":{"start":{"line":5,"column":0},"end":{"line":5,"column":null}},"1":{"start":{"line":9,"column":0},"end":{"line":9,"column":null}},"2":{"start":{"line":21,"column":0},"end":{"line":21,"column":null}},"3":{"start":{"line":29,"column":0},"end":{"line":54,"column":null}},"4":{"start":{"line":30,"column":0},"end":{"line":30,"column":null}},"5":{"start":{"line":31,"column":0},"end":{"line":53,"column":null}},"6":{"start":{"line":36,"column":0},"end":{"line":36,"column":null}},"7":{"start":{"line":37,"column":0},"end":{"line":37,"column":null}},"8":{"start":{"line":38,"column":0},"end":{"line":38,"column":null}},"9":{"start":{"line":39,"column":0},"end":{"line":39,"column":null}},"10":{"start":{"line":41,"column":0},"end":{"line":41,"column":null}},"11":{"start":{"line":42,"column":0},"end":{"line":42,"column":null}},"12":{"start":{"line":43,"column":0},"end":{"line":43,"column":null}},"13":{"start":{"line":45,"column":0},"end":{"line":45,"column":null}},"14":{"start":{"line":46,"column":0},"end":{"line":46,"column":null}},"15":{"start":{"line":48,"column":0},"end":{"line":48,"column":null}},"16":{"start":{"line":49,"column":0},"end":{"line":49,"column":null}},"17":{"start":{"line":51,"column":0},"end":{"line":51,"column":null}},"18":{"start":{"line":52,"column":0},"end":{"line":52,"column":null}}},"fnMap":{"0":{"name":"(anonymous_1)","decl":{"start":{"line":20,"column":0},"end":{"line":20,"column":null}},"loc":{"start":{"line":20,"column":0},"end":{"line":23,"column":null}}},"1":{"name":"(anonymous_2)","decl":{"start":{"line":27,"column":0},"end":{"line":27,"column":null}},"loc":{"start":{"line":27,"column":0},"end":{"line":55,"column":null}}},"2":{"name":"(anonymous_3)","decl":{"start":{"line":29,"column":0},"end":{"line":29,"column":null}},"loc":{"start":{"line":29,"column":0},"end":{"line":54,"column":null}}},"3":{"name":"(anonymous_4)","decl":{"start":{"line":31,"column":0},"end":{"line":31,"column":null}},"loc":{"start":{"line":31,"column":0},"end":{"line":53,"column":null}}},"4":{"name":"(anonymous_5)","decl":{"start":{"line":57,"column":0},"end":{"line":57,"column":null}},"loc":{"start":{"line":57,"column":0},"end":{"line":57,"column":null}}}},"branchMap":{"0":{"loc":{"start":{"line":43,"column":0},"end":{"line":43,"column":null}},"type":"cond-expr","locations":[{"start":{"line":43,"column":0},"end":{"line":43,"column":null}},{"start":{"line":43,"column":0},"end":{"line":43,"column":null}}]}},"s":{"0":0,"1":0,"2":0,"3":0,"4":0,"5":0,"6":0,"7":0,"8":0,"9":0,"10":0,"11":0,"12":0,"13":0,"14":0,"15":0,"16":0,"17":0,"18":0},"f":{"0":0,"1":0,"2":0,"3":0,"4":0},"b":{"0":[0,0]}}
,"H:\\source\\repos\\Shortpoet\\Shortpoet\\VueClient\\src\\router\\index.js": {"path":"H:\\source\\repos\\Shortpoet\\Shortpoet\\VueClient\\src\\router\\index.js","statementMap":{"0":{"start":{"line":5,"column":15},"end":{"line":16,"column":1}},"1":{"start":{"line":6,"column":2},"end":{"line":13,"column":6}},"2":{"start":{"line":8,"column":6},"end":{"line":12,"column":7}},"3":{"start":{"line":11,"column":30},"end":{"line":11,"column":78}},"4":{"start":{"line":22,"column":23},"end":{"line":30,"column":1}},"5":{"start":{"line":23,"column":2},"end":{"line":25,"column":3}},"6":{"start":{"line":24,"column":4},"end":{"line":24,"column":24}},"7":{"start":{"line":26,"column":2},"end":{"line":28,"column":3}},"8":{"start":{"line":27,"column":4},"end":{"line":27,"column":32}},"9":{"start":{"line":29,"column":2},"end":{"line":29,"column":23}},"10":{"start":{"line":32,"column":0},"end":{"line":32,"column":18}},"11":{"start":{"line":34,"column":15},"end":{"line":39,"column":2}}},"fnMap":{"0":{"name":"(anonymous_0)","decl":{"start":{"line":5,"column":15},"end":{"line":5,"column":16}},"loc":{"start":{"line":5,"column":31},"end":{"line":16,"column":1}},"line":5},"1":{"name":"(anonymous_1)","decl":{"start":{"line":7,"column":9},"end":{"line":7,"column":10}},"loc":{"start":{"line":7,"column":17},"end":{"line":13,"column":5}},"line":7},"2":{"name":"(anonymous_2)","decl":{"start":{"line":11,"column":19},"end":{"line":11,"column":20}},"loc":{"start":{"line":11,"column":30},"end":{"line":11,"column":78}},"line":11},"3":{"name":"(anonymous_3)","decl":{"start":{"line":22,"column":23},"end":{"line":22,"column":24}},"loc":{"start":{"line":22,"column":52},"end":{"line":30,"column":1}},"line":22}},"branchMap":{"0":{"loc":{"start":{"line":9,"column":14},"end":{"line":9,"column":36}},"type":"binary-expr","locations":[{"start":{"line":9,"column":14},"end":{"line":9,"column":23}},{"start":{"line":9,"column":27},"end":{"line":9,"column":36}}],"line":9},"1":{"loc":{"start":{"line":23,"column":2},"end":{"line":25,"column":3}},"type":"if","locations":[{"start":{"line":23,"column":2},"end":{"line":25,"column":3}},{"start":{"line":23,"column":2},"end":{"line":25,"column":3}}],"line":23},"2":{"loc":{"start":{"line":26,"column":2},"end":{"line":28,"column":3}},"type":"if","locations":[{"start":{"line":26,"column":2},"end":{"line":28,"column":3}},{"start":{"line":26,"column":2},"end":{"line":28,"column":3}}],"line":26}},"s":{"0":0,"1":0,"2":0,"3":0,"4":0,"5":0,"6":0,"7":0,"8":0,"9":0,"10":0,"11":0},"f":{"0":0,"1":0,"2":0,"3":0},"b":{"0":[0,0],"1":[0,0],"2":[0,0]}}
,"H:\\source\\repos\\Shortpoet\\Shortpoet\\VueClient\\src\\router\\paths.js": {"path":"H:\\source\\repos\\Shortpoet\\Shortpoet\\VueClient\\src\\router\\paths.js","statementMap":{"0":{"start":{"line":7,"column":14},"end":{"line":20,"column":1}}},"fnMap":{},"branchMap":{},"s":{"0":0},"f":{},"b":{}}
,"H:\\source\\repos\\Shortpoet\\Shortpoet\\VueClient\\src\\store\\api-endpoints.js": {"path":"H:\\source\\repos\\Shortpoet\\Shortpoet\\VueClient\\src\\store\\api-endpoints.js","statementMap":{"0":{"start":{"line":1,"column":21},"end":{"line":2,"column":1}},"1":{"start":{"line":3,"column":22},"end":{"line":8,"column":1}},"2":{"start":{"line":9,"column":25},"end":{"line":12,"column":1}}},"fnMap":{},"branchMap":{},"s":{"0":26,"1":26,"2":26},"f":{},"b":{},"_coverageSchema":"1a1c01bbd47fc00a2c39e90264f33305004495a9","hash":"b159df0be055768f190d416434dba578f1911648"}
,"H:\\source\\repos\\Shortpoet\\Shortpoet\\VueClient\\src\\store\\createStore.js": {"path":"H:\\source\\repos\\Shortpoet\\Shortpoet\\VueClient\\src\\store\\createStore.js","statementMap":{"0":{"start":{"line":5,"column":20},"end":{"line":13,"column":1}},"1":{"start":{"line":6,"column":2},"end":{"line":12,"column":3}},"2":{"start":{"line":15,"column":20},"end":{"line":30,"column":1}},"3":{"start":{"line":16,"column":20},"end":{"line":16,"column":58}},"4":{"start":{"line":17,"column":22},"end":{"line":17,"column":64}},"5":{"start":{"line":18,"column":24},"end":{"line":18,"column":70}},"6":{"start":{"line":19,"column":22},"end":{"line":19,"column":64}},"7":{"start":{"line":20,"column":22},"end":{"line":20,"column":64}},"8":{"start":{"line":22,"column":2},"end":{"line":29,"column":3}}},"fnMap":{"0":{"name":"(anonymous_0)","decl":{"start":{"line":5,"column":20},"end":{"line":5,"column":21}},"loc":{"start":{"line":5,"column":26},"end":{"line":13,"column":1}},"line":5},"1":{"name":"(anonymous_1)","decl":{"start":{"line":15,"column":20},"end":{"line":15,"column":21}},"loc":{"start":{"line":15,"column":103},"end":{"line":30,"column":1}},"line":15}},"branchMap":{"0":{"loc":{"start":{"line":15,"column":21},"end":{"line":15,"column":98}},"type":"default-arg","locations":[{"start":{"line":15,"column":30},"end":{"line":15,"column":98}}],"line":15}},"s":{"0":20,"1":0,"2":20,"3":362,"4":362,"5":362,"6":362,"7":362,"8":362},"f":{"0":0,"1":362},"b":{"0":[181]},"_coverageSchema":"1a1c01bbd47fc00a2c39e90264f33305004495a9","hash":"c1b4340027bd4e1a71f324f5fa6b00420685ffa0"}
,"H:\\source\\repos\\Shortpoet\\Shortpoet\\VueClient\\src\\store\\index.js": {"path":"H:\\source\\repos\\Shortpoet\\Shortpoet\\VueClient\\src\\store\\index.js","statementMap":{"0":{"start":{"line":13,"column":21},"end":{"line":18,"column":1}},"1":{"start":{"line":21,"column":23},"end":{"line":28,"column":1}},"2":{"start":{"line":23,"column":4},"end":{"line":23,"column":26}},"3":{"start":{"line":26,"column":4},"end":{"line":26,"column":28}},"4":{"start":{"line":30,"column":25},"end":{"line":41,"column":1}},"5":{"start":{"line":31,"column":30},"end":{"line":31,"column":56}},"6":{"start":{"line":33,"column":4},"end":{"line":39,"column":5}},"7":{"start":{"line":34,"column":6},"end":{"line":34,"column":49}},"8":{"start":{"line":35,"column":11},"end":{"line":39,"column":5}},"9":{"start":{"line":36,"column":6},"end":{"line":36,"column":48}},"10":{"start":{"line":38,"column":6},"end":{"line":38,"column":26}},"11":{"start":{"line":43,"column":23},"end":{"line":48,"column":1}},"12":{"start":{"line":45,"column":4},"end":{"line":45,"column":26}},"13":{"start":{"line":46,"column":4},"end":{"line":46,"column":28}},"14":{"start":{"line":50,"column":24},"end":{"line":52,"column":1}}},"fnMap":{"0":{"name":"(anonymous_0)","decl":{"start":{"line":22,"column":2},"end":{"line":22,"column":3}},"loc":{"start":{"line":22,"column":23},"end":{"line":24,"column":3}},"line":22},"1":{"name":"(anonymous_1)","decl":{"start":{"line":25,"column":2},"end":{"line":25,"column":3}},"loc":{"start":{"line":25,"column":17},"end":{"line":27,"column":3}},"line":25},"2":{"name":"(anonymous_2)","decl":{"start":{"line":31,"column":2},"end":{"line":31,"column":3}},"loc":{"start":{"line":31,"column":28},"end":{"line":31,"column":57}},"line":31},"3":{"name":"(anonymous_3)","decl":{"start":{"line":32,"column":2},"end":{"line":32,"column":3}},"loc":{"start":{"line":32,"column":27},"end":{"line":40,"column":3}},"line":32},"4":{"name":"(anonymous_4)","decl":{"start":{"line":44,"column":2},"end":{"line":44,"column":3}},"loc":{"start":{"line":44,"column":28},"end":{"line":47,"column":3}},"line":44}},"branchMap":{"0":{"loc":{"start":{"line":33,"column":4},"end":{"line":39,"column":5}},"type":"if","locations":[{"start":{"line":33,"column":4},"end":{"line":39,"column":5}},{"start":{"line":33,"column":4},"end":{"line":39,"column":5}}],"line":33},"1":{"loc":{"start":{"line":35,"column":11},"end":{"line":39,"column":5}},"type":"if","locations":[{"start":{"line":35,"column":11},"end":{"line":39,"column":5}},{"start":{"line":35,"column":11},"end":{"line":39,"column":5}}],"line":35}},"s":{"0":23,"1":23,"2":2,"3":0,"4":23,"5":2,"6":4,"7":1,"8":3,"9":1,"10":2,"11":23,"12":3,"13":3,"14":23},"f":{"0":2,"1":0,"2":2,"3":4,"4":3},"b":{"0":[1,3],"1":[1,2]},"_coverageSchema":"1a1c01bbd47fc00a2c39e90264f33305004495a9","hash":"56ce42d29dcd93651ad171d403bf403790ca3d50"}
,"H:\\source\\repos\\Shortpoet\\Shortpoet\\VueClient\\src\\store\\mutation-types.js": {"path":"H:\\source\\repos\\Shortpoet\\Shortpoet\\VueClient\\src\\store\\mutation-types.js","statementMap":{"0":{"start":{"line":5,"column":23},"end":{"line":5,"column":32}},"1":{"start":{"line":6,"column":30},"end":{"line":6,"column":46}},"2":{"start":{"line":9,"column":33},"end":{"line":9,"column":52}},"3":{"start":{"line":10,"column":26},"end":{"line":10,"column":38}},"4":{"start":{"line":11,"column":30},"end":{"line":11,"column":46}}},"fnMap":{},"branchMap":{},"s":{"0":26,"1":26,"2":26,"3":26,"4":26},"f":{},"b":{},"_coverageSchema":"1a1c01bbd47fc00a2c39e90264f33305004495a9","hash":"b3deeac7c43b476c0d71eed2931c332f01db5ec5"}
,"H:\\source\\repos\\Shortpoet\\Shortpoet\\VueClient\\src\\store\\modules\\resume\\StoreResume.js": {"path":"H:\\source\\repos\\Shortpoet\\Shortpoet\\VueClient\\src\\store\\modules\\resume\\StoreResume.js","statementMap":{"0":{"start":{"line":14,"column":21},"end":{"line":17,"column":1}},"1":{"start":{"line":19,"column":23},"end":{"line":22,"column":1}},"2":{"start":{"line":20,"column":24},"end":{"line":20,"column":36}},"3":{"start":{"line":21,"column":30},"end":{"line":21,"column":48}},"4":{"start":{"line":24,"column":25},"end":{"line":57,"column":1}},"5":{"start":{"line":27,"column":28},"end":{"line":27,"column":76}},"6":{"start":{"line":28,"column":19},"end":{"line":45,"column":5}},"7":{"start":{"line":39,"column":50},"end":{"line":39,"column":62}},"8":{"start":{"line":40,"column":38},"end":{"line":40,"column":44}},"9":{"start":{"line":41,"column":42},"end":{"line":41,"column":50}},"10":{"start":{"line":42,"column":44},"end":{"line":42,"column":53}},"11":{"start":{"line":43,"column":60},"end":{"line":43,"column":78}},"12":{"start":{"line":46,"column":4},"end":{"line":51,"column":6}},"13":{"start":{"line":47,"column":6},"end":{"line":50,"column":8}},"14":{"start":{"line":49,"column":38},"end":{"line":49,"column":61}},"15":{"start":{"line":53,"column":4},"end":{"line":53,"column":25}},"16":{"start":{"line":55,"column":36},"end":{"line":55,"column":60}},"17":{"start":{"line":56,"column":42},"end":{"line":56,"column":71}},"18":{"start":{"line":60,"column":23},"end":{"line":82,"column":1}},"19":{"start":{"line":62,"column":4},"end":{"line":75,"column":5}},"20":{"start":{"line":63,"column":23},"end":{"line":63,"column":63}},"21":{"start":{"line":64,"column":18},"end":{"line":64,"column":53}},"22":{"start":{"line":65,"column":23},"end":{"line":65,"column":43}},"23":{"start":{"line":68,"column":6},"end":{"line":68,"column":43}},"24":{"start":{"line":69,"column":24},"end":{"line":69,"column":39}},"25":{"start":{"line":70,"column":6},"end":{"line":70,"column":42}},"26":{"start":{"line":71,"column":6},"end":{"line":71,"column":35}},"27":{"start":{"line":73,"column":6},"end":{"line":73,"column":24}},"28":{"start":{"line":74,"column":6},"end":{"line":74,"column":32}},"29":{"start":{"line":78,"column":6},"end":{"line":78,"column":36}},"30":{"start":{"line":79,"column":24},"end":{"line":79,"column":42}},"31":{"start":{"line":80,"column":6},"end":{"line":80,"column":42}}},"fnMap":{"0":{"name":"(anonymous_0)","decl":{"start":{"line":20,"column":13},"end":{"line":20,"column":14}},"loc":{"start":{"line":20,"column":24},"end":{"line":20,"column":36}},"line":20},"1":{"name":"(anonymous_1)","decl":{"start":{"line":21,"column":19},"end":{"line":21,"column":20}},"loc":{"start":{"line":21,"column":30},"end":{"line":21,"column":48}},"line":21},"2":{"name":"(anonymous_2)","decl":{"start":{"line":25,"column":2},"end":{"line":25,"column":3}},"loc":{"start":{"line":25,"column":33},"end":{"line":54,"column":3}},"line":25},"3":{"name":"(anonymous_3)","decl":{"start":{"line":39,"column":44},"end":{"line":39,"column":45}},"loc":{"start":{"line":39,"column":50},"end":{"line":39,"column":62}},"line":39},"4":{"name":"(anonymous_4)","decl":{"start":{"line":40,"column":32},"end":{"line":40,"column":33}},"loc":{"start":{"line":40,"column":38},"end":{"line":40,"column":44}},"line":40},"5":{"name":"(anonymous_5)","decl":{"start":{"line":41,"column":36},"end":{"line":41,"column":37}},"loc":{"start":{"line":41,"column":42},"end":{"line":41,"column":50}},"line":41},"6":{"name":"(anonymous_6)","decl":{"start":{"line":42,"column":38},"end":{"line":42,"column":39}},"loc":{"start":{"line":42,"column":44},"end":{"line":42,"column":53}},"line":42},"7":{"name":"(anonymous_7)","decl":{"start":{"line":43,"column":54},"end":{"line":43,"column":55}},"loc":{"start":{"line":43,"column":60},"end":{"line":43,"column":78}},"line":43},"8":{"name":"(anonymous_8)","decl":{"start":{"line":46,"column":28},"end":{"line":46,"column":29}},"loc":{"start":{"line":46,"column":34},"end":{"line":51,"column":5}},"line":46},"9":{"name":"(anonymous_9)","decl":{"start":{"line":49,"column":33},"end":{"line":49,"column":34}},"loc":{"start":{"line":49,"column":38},"end":{"line":49,"column":61}},"line":49},"10":{"name":"(anonymous_10)","decl":{"start":{"line":55,"column":2},"end":{"line":55,"column":3}},"loc":{"start":{"line":55,"column":34},"end":{"line":55,"column":62}},"line":55},"11":{"name":"(anonymous_11)","decl":{"start":{"line":56,"column":2},"end":{"line":56,"column":3}},"loc":{"start":{"line":56,"column":40},"end":{"line":56,"column":73}},"line":56},"12":{"name":"(anonymous_12)","decl":{"start":{"line":61,"column":2},"end":{"line":61,"column":3}},"loc":{"start":{"line":61,"column":55},"end":{"line":76,"column":3}},"line":61},"13":{"name":"(anonymous_13)","decl":{"start":{"line":77,"column":2},"end":{"line":77,"column":3}},"loc":{"start":{"line":77,"column":36},"end":{"line":81,"column":5}},"line":77}},"branchMap":{},"s":{"0":26,"1":26,"2":1,"3":2,"4":26,"5":1,"6":1,"7":1,"8":4,"9":1,"10":1,"11":1,"12":1,"13":4,"14":16,"15":1,"16":1,"17":2,"18":26,"19":3,"20":3,"21":3,"22":3,"23":2,"24":2,"25":2,"26":2,"27":1,"28":1,"29":1,"30":1,"31":1},"f":{"0":1,"1":2,"2":1,"3":1,"4":4,"5":1,"6":1,"7":1,"8":4,"9":16,"10":1,"11":2,"12":3,"13":1},"b":{},"_coverageSchema":"1a1c01bbd47fc00a2c39e90264f33305004495a9","hash":"b2fe599e45c0aa8829615db977d4e38764597d57"}
,"H:\\source\\repos\\Shortpoet\\Shortpoet\\VueClient\\src\\store\\modules\\resume\\createStoreResume.js": {"path":"H:\\source\\repos\\Shortpoet\\Shortpoet\\VueClient\\src\\store\\modules\\resume\\createStoreResume.js","statementMap":{"0":{"start":{"line":3,"column":33},"end":{"line":11,"column":1}},"1":{"start":{"line":4,"column":2},"end":{"line":10,"column":3}}},"fnMap":{"0":{"name":"(anonymous_0)","decl":{"start":{"line":3,"column":33},"end":{"line":3,"column":34}},"loc":{"start":{"line":3,"column":39},"end":{"line":11,"column":1}},"line":3}},"branchMap":{},"s":{"0":23,"1":23},"f":{"0":23},"b":{},"_coverageSchema":"1a1c01bbd47fc00a2c39e90264f33305004495a9","hash":"8f5466d7a481f4a6dbee7552ffb2e06a1405858f"}
,"H:\\source\\repos\\Shortpoet\\Shortpoet\\VueClient\\src\\utils\\parse-tabs.js": {"path":"H:\\source\\repos\\Shortpoet\\Shortpoet\\VueClient\\src\\utils\\parse-tabs.js","statementMap":{"0":{"start":{"line":1,"column":18},"end":{"line":9,"column":1}},"1":{"start":{"line":2,"column":2},"end":{"line":8,"column":3}},"2":{"start":{"line":3,"column":4},"end":{"line":3,"column":58}},"3":{"start":{"line":3,"column":36},"end":{"line":3,"column":57}},"4":{"start":{"line":5,"column":16},"end":{"line":5,"column":18}},"5":{"start":{"line":6,"column":4},"end":{"line":6,"column":20}},"6":{"start":{"line":7,"column":4},"end":{"line":7,"column":16}}},"fnMap":{"0":{"name":"(anonymous_0)","decl":{"start":{"line":1,"column":18},"end":{"line":1,"column":19}},"loc":{"start":{"line":1,"column":34},"end":{"line":9,"column":1}},"line":1},"1":{"name":"(anonymous_1)","decl":{"start":{"line":3,"column":31},"end":{"line":3,"column":32}},"loc":{"start":{"line":3,"column":36},"end":{"line":3,"column":57}},"line":3}},"branchMap":{"0":{"loc":{"start":{"line":2,"column":2},"end":{"line":8,"column":3}},"type":"if","locations":[{"start":{"line":2,"column":2},"end":{"line":8,"column":3}},{"start":{"line":2,"column":2},"end":{"line":8,"column":3}}],"line":2}},"s":{"0":0,"1":0,"2":0,"3":0,"4":0,"5":0,"6":0},"f":{"0":0,"1":0},"b":{"0":[0,0]}}
,"H:\\source\\repos\\Shortpoet\\Shortpoet\\VueClient\\src\\utils\\recase.js": {"path":"H:\\source\\repos\\Shortpoet\\Shortpoet\\VueClient\\src\\utils\\recase.js","statementMap":{"0":{"start":{"line":1,"column":15},"end":{"line":7,"column":1}},"1":{"start":{"line":3,"column":14},"end":{"line":3,"column":41}},"2":{"start":{"line":4,"column":20},"end":{"line":4,"column":25}},"3":{"start":{"line":5,"column":23},"end":{"line":5,"column":104}},"4":{"start":{"line":5,"column":88},"end":{"line":5,"column":103}},"5":{"start":{"line":6,"column":2},"end":{"line":6,"column":23}}},"fnMap":{"0":{"name":"(anonymous_0)","decl":{"start":{"line":1,"column":15},"end":{"line":1,"column":16}},"loc":{"start":{"line":1,"column":26},"end":{"line":7,"column":1}},"line":1},"1":{"name":"(anonymous_1)","decl":{"start":{"line":5,"column":83},"end":{"line":5,"column":84}},"loc":{"start":{"line":5,"column":88},"end":{"line":5,"column":103}},"line":5}},"branchMap":{},"s":{"0":4,"1":28,"2":28,"3":28,"4":28,"5":28},"f":{"0":28,"1":28},"b":{},"_coverageSchema":"1a1c01bbd47fc00a2c39e90264f33305004495a9","hash":"5f604c29c7eeef1e18501052bea721dee1765f29"}
,"H:\\source\\repos\\Shortpoet\\Shortpoet\\VueClient\\src\\utils\\toPDF.js": {"path":"H:\\source\\repos\\Shortpoet\\Shortpoet\\VueClient\\src\\utils\\toPDF.js","statementMap":{"0":{"start":{"line":7,"column":14},"end":{"line":35,"column":1}},"1":{"start":{"line":9,"column":2},"end":{"line":34,"column":10}},"2":{"start":{"line":10,"column":4},"end":{"line":10,"column":23}},"3":{"start":{"line":11,"column":4},"end":{"line":33,"column":7}},"4":{"start":{"line":16,"column":20},"end":{"line":16,"column":55}},"5":{"start":{"line":17,"column":18},"end":{"line":17,"column":44}},"6":{"start":{"line":18,"column":24},"end":{"line":18,"column":56}},"7":{"start":{"line":19,"column":25},"end":{"line":19,"column":58}},"8":{"start":{"line":21,"column":25},"end":{"line":21,"column":49}},"9":{"start":{"line":22,"column":26},"end":{"line":22,"column":52}},"10":{"start":{"line":23,"column":20},"end":{"line":23,"column":71}},"11":{"start":{"line":25,"column":26},"end":{"line":25,"column":46}},"12":{"start":{"line":26,"column":27},"end":{"line":26,"column":48}},"13":{"start":{"line":28,"column":22},"end":{"line":28,"column":51}},"14":{"start":{"line":29,"column":22},"end":{"line":29,"column":53}},"15":{"start":{"line":31,"column":6},"end":{"line":31,"column":93}},"16":{"start":{"line":32,"column":6},"end":{"line":32,"column":51}}},"fnMap":{"0":{"name":"(anonymous_0)","decl":{"start":{"line":7,"column":14},"end":{"line":7,"column":15}},"loc":{"start":{"line":7,"column":26},"end":{"line":35,"column":1}},"line":7},"1":{"name":"(anonymous_1)","decl":{"start":{"line":9,"column":13},"end":{"line":9,"column":14}},"loc":{"start":{"line":9,"column":19},"end":{"line":34,"column":3}},"line":9},"2":{"name":"(anonymous_2)","decl":{"start":{"line":15,"column":12},"end":{"line":15,"column":13}},"loc":{"start":{"line":15,"column":22},"end":{"line":33,"column":5}},"line":15}},"branchMap":{"0":{"loc":{"start":{"line":23,"column":20},"end":{"line":23,"column":71}},"type":"cond-expr","locations":[{"start":{"line":23,"column":47},"end":{"line":23,"column":58}},{"start":{"line":23,"column":61},"end":{"line":23,"column":71}}],"line":23}},"s":{"0":0,"1":0,"2":0,"3":0,"4":0,"5":0,"6":0,"7":0,"8":0,"9":0,"10":0,"11":0,"12":0,"13":0,"14":0,"15":0,"16":0},"f":{"0":0,"1":0,"2":0},"b":{"0":[0,0]}}
,"H:\\source\\repos\\Shortpoet\\Shortpoet\\VueClient\\src\\utils\\myTest\\index.js": {"path":"H:\\source\\repos\\Shortpoet\\Shortpoet\\VueClient\\src\\utils\\myTest\\index.js","statementMap":{},"fnMap":{},"branchMap":{},"s":{},"f":{},"b":{},"_coverageSchema":"1a1c01bbd47fc00a2c39e90264f33305004495a9","hash":"20646078976e4a33d9ec5c9f53a13e3e3f0e2281"}
,"H:\\source\\repos\\Shortpoet\\Shortpoet\\VueClient\\src\\utils\\myTest\\test.utils.createWrapper.js": {"path":"H:\\source\\repos\\Shortpoet\\Shortpoet\\VueClient\\src\\utils\\myTest\\test.utils.createWrapper.js","statementMap":{"0":{"start":{"line":10,"column":30},"end":{"line":28,"column":1}},"1":{"start":{"line":19,"column":21},"end":{"line":19,"column":37}},"2":{"start":{"line":21,"column":4},"end":{"line":21,"column":22}},"3":{"start":{"line":22,"column":4},"end":{"line":22,"column":27}},"4":{"start":{"line":23,"column":28},"end":{"line":23,"column":96}},"5":{"start":{"line":24,"column":24},"end":{"line":24,"column":85}},"6":{"start":{"line":25,"column":18},"end":{"line":25,"column":45}},"7":{"start":{"line":27,"column":4},"end":{"line":27,"column":130}},"8":{"start":{"line":33,"column":0},"end":{"line":33,"column":30}}},"fnMap":{"0":{"name":"(anonymous_0)","decl":{"start":{"line":10,"column":30},"end":{"line":10,"column":31}},"loc":{"start":{"line":18,"column":7},"end":{"line":28,"column":1}},"line":18}},"branchMap":{"0":{"loc":{"start":{"line":16,"column":2},"end":{"line":16,"column":25}},"type":"default-arg","locations":[{"start":{"line":16,"column":23},"end":{"line":16,"column":25}}],"line":16},"1":{"loc":{"start":{"line":17,"column":2},"end":{"line":17,"column":19}},"type":"default-arg","locations":[{"start":{"line":17,"column":14},"end":{"line":17,"column":19}}],"line":17},"2":{"loc":{"start":{"line":27,"column":11},"end":{"line":27,"column":130}},"type":"cond-expr","locations":[{"start":{"line":27,"column":22},"end":{"line":27,"column":78}},{"start":{"line":27,"column":81},"end":{"line":27,"column":130}}],"line":27}},"s":{"0":20,"1":181,"2":181,"3":181,"4":181,"5":181,"6":181,"7":181,"8":20},"f":{"0":181},"b":{"0":[176],"1":[177],"2":[2,179]},"_coverageSchema":"1a1c01bbd47fc00a2c39e90264f33305004495a9","hash":"c6dc718188678a63a93440f555e2f489d2d491ee"}
,"H:\\source\\repos\\Shortpoet\\Shortpoet\\VueClient\\src\\utils\\myTest\\test.utils.factory.js": {"path":"H:\\source\\repos\\Shortpoet\\Shortpoet\\VueClient\\src\\utils\\myTest\\test.utils.factory.js","statementMap":{"0":{"start":{"line":3,"column":23},"end":{"line":31,"column":3}},"1":{"start":{"line":30,"column":4},"end":{"line":30,"column":36}},"2":{"start":{"line":33,"column":0},"end":{"line":33,"column":24}}},"fnMap":{"0":{"name":"(anonymous_0)","decl":{"start":{"line":3,"column":23},"end":{"line":3,"column":24}},"loc":{"start":{"line":25,"column":8},"end":{"line":31,"column":3}},"line":25}},"branchMap":{},"s":{"0":21,"1":176,"2":21},"f":{"0":176},"b":{},"_coverageSchema":"1a1c01bbd47fc00a2c39e90264f33305004495a9","hash":"0b2f9f4c937e56441947ebe03266ac093ac6a04b"}
,"H:\\source\\repos\\Shortpoet\\Shortpoet\\VueClient\\src\\utils\\myTest\\test.utils.factoryShallow.js": {"path":"H:\\source\\repos\\Shortpoet\\Shortpoet\\VueClient\\src\\utils\\myTest\\test.utils.factoryShallow.js","statementMap":{"0":{"start":{"line":3,"column":30},"end":{"line":25,"column":3}},"1":{"start":{"line":24,"column":4},"end":{"line":24,"column":43}},"2":{"start":{"line":27,"column":0},"end":{"line":27,"column":31}}},"fnMap":{"0":{"name":"(anonymous_0)","decl":{"start":{"line":3,"column":30},"end":{"line":3,"column":31}},"loc":{"start":{"line":23,"column":8},"end":{"line":25,"column":3}},"line":23}},"branchMap":{},"s":{"0":21,"1":1,"2":21},"f":{"0":1},"b":{},"_coverageSchema":"1a1c01bbd47fc00a2c39e90264f33305004495a9","hash":"0441092e3b300ae484d905eaad211c2cf7c39417"}
,"H:\\source\\repos\\Shortpoet\\Shortpoet\\VueClient\\src\\utils\\myTest\\test.utils.nestedPropsMocker.js": {"path":"H:\\source\\repos\\Shortpoet\\Shortpoet\\VueClient\\src\\utils\\myTest\\test.utils.nestedPropsMocker.js","statementMap":{},"fnMap":{},"branchMap":{},"s":{},"f":{},"b":{}}
,"H:\\source\\repos\\Shortpoet\\Shortpoet\\VueClient\\src\\utils\\myTest\\test.utils.propFinder.js": {"path":"H:\\source\\repos\\Shortpoet\\Shortpoet\\VueClient\\src\\utils\\myTest\\test.utils.propFinder.js","statementMap":{"0":{"start":{"line":3,"column":26},"end":{"line":9,"column":1}},"1":{"start":{"line":4,"column":2},"end":{"line":8,"column":3}},"2":{"start":{"line":11,"column":0},"end":{"line":11,"column":27}}},"fnMap":{"0":{"name":"(anonymous_0)","decl":{"start":{"line":3,"column":26},"end":{"line":3,"column":27}},"loc":{"start":{"line":3,"column":36},"end":{"line":9,"column":1}},"line":3}},"branchMap":{},"s":{"0":20,"1":1,"2":20},"f":{"0":1},"b":{},"_coverageSchema":"1a1c01bbd47fc00a2c39e90264f33305004495a9","hash":"93a9383d076cb8af09db5fb0882cd23b05e0d166"}
,"H:\\source\\repos\\Shortpoet\\Shortpoet\\VueClient\\src\\utils\\myTest\\test.utils.propMocker.js": {"path":"H:\\source\\repos\\Shortpoet\\Shortpoet\\VueClient\\src\\utils\\myTest\\test.utils.propMocker.js","statementMap":{"0":{"start":{"line":1,"column":26},"end":{"line":7,"column":1}},"1":{"start":{"line":2,"column":2},"end":{"line":6,"column":3}},"2":{"start":{"line":11,"column":0},"end":{"line":11,"column":27}}},"fnMap":{"0":{"name":"(anonymous_0)","decl":{"start":{"line":1,"column":26},"end":{"line":1,"column":27}},"loc":{"start":{"line":1,"column":36},"end":{"line":7,"column":1}},"line":1}},"branchMap":{},"s":{"0":20,"1":27,"2":20},"f":{"0":27},"b":{},"_coverageSchema":"1a1c01bbd47fc00a2c39e90264f33305004495a9","hash":"05edadc70e4b2dbeb858d65d2dec13716df65343"}
,"H:\\source\\repos\\Shortpoet\\Shortpoet\\VueClient\\src\\utils\\myTest\\test.utils.propsFinder.js": {"path":"H:\\source\\repos\\Shortpoet\\Shortpoet\\VueClient\\src\\utils\\myTest\\test.utils.propsFinder.js","statementMap":{"0":{"start":{"line":3,"column":27},"end":{"line":12,"column":1}},"1":{"start":{"line":4,"column":18},"end":{"line":4,"column":20}},"2":{"start":{"line":5,"column":2},"end":{"line":7,"column":4}},"3":{"start":{"line":6,"column":4},"end":{"line":6,"column":48}},"4":{"start":{"line":9,"column":2},"end":{"line":11,"column":3}},"5":{"start":{"line":14,"column":0},"end":{"line":14,"column":28}}},"fnMap":{"0":{"name":"(anonymous_0)","decl":{"start":{"line":3,"column":27},"end":{"line":3,"column":28}},"loc":{"start":{"line":3,"column":38},"end":{"line":12,"column":1}},"line":3},"1":{"name":"(anonymous_1)","decl":{"start":{"line":5,"column":12},"end":{"line":5,"column":13}},"loc":{"start":{"line":5,"column":20},"end":{"line":7,"column":3}},"line":5}},"branchMap":{},"s":{"0":20,"1":4,"2":4,"3":6,"4":4,"5":20},"f":{"0":4,"1":6},"b":{},"_coverageSchema":"1a1c01bbd47fc00a2c39e90264f33305004495a9","hash":"cbcc25ae9841bfa23f56db6e14654cfcc50f99a3"}
,"H:\\source\\repos\\Shortpoet\\Shortpoet\\VueClient\\src\\utils\\myTest\\test.utils.propsMocker.js": {"path":"H:\\source\\repos\\Shortpoet\\Shortpoet\\VueClient\\src\\utils\\myTest\\test.utils.propsMocker.js","statementMap":{"0":{"start":{"line":1,"column":27},"end":{"line":30,"column":1}},"1":{"start":{"line":2,"column":2},"end":{"line":29,"column":3}},"2":{"start":{"line":3,"column":20},"end":{"line":3,"column":22}},"3":{"start":{"line":4,"column":4},"end":{"line":6,"column":6}},"4":{"start":{"line":5,"column":6},"end":{"line":5,"column":45}},"5":{"start":{"line":7,"column":4},"end":{"line":9,"column":5}},"6":{"start":{"line":11,"column":20},"end":{"line":11,"column":22}},"7":{"start":{"line":12,"column":16},"end":{"line":12,"column":37}},"8":{"start":{"line":14,"column":17},"end":{"line":14,"column":37}},"9":{"start":{"line":15,"column":19},"end":{"line":15,"column":52}},"10":{"start":{"line":16,"column":21},"end":{"line":16,"column":46}},"11":{"start":{"line":17,"column":4},"end":{"line":17,"column":28}},"12":{"start":{"line":19,"column":4},"end":{"line":25,"column":5}},"13":{"start":{"line":20,"column":6},"end":{"line":20,"column":18}},"14":{"start":{"line":21,"column":6},"end":{"line":23,"column":8}},"15":{"start":{"line":22,"column":8},"end":{"line":22,"column":45}},"16":{"start":{"line":24,"column":6},"end":{"line":24,"column":39}},"17":{"start":{"line":26,"column":4},"end":{"line":28,"column":5}},"18":{"start":{"line":32,"column":0},"end":{"line":32,"column":28}}},"fnMap":{"0":{"name":"(anonymous_0)","decl":{"start":{"line":1,"column":27},"end":{"line":1,"column":28}},"loc":{"start":{"line":1,"column":38},"end":{"line":30,"column":1}},"line":1},"1":{"name":"(anonymous_1)","decl":{"start":{"line":4,"column":14},"end":{"line":4,"column":15}},"loc":{"start":{"line":4,"column":22},"end":{"line":6,"column":5}},"line":4},"2":{"name":"(anonymous_2)","decl":{"start":{"line":21,"column":17},"end":{"line":21,"column":18}},"loc":{"start":{"line":21,"column":25},"end":{"line":23,"column":7}},"line":21}},"branchMap":{"0":{"loc":{"start":{"line":2,"column":2},"end":{"line":29,"column":3}},"type":"if","locations":[{"start":{"line":2,"column":2},"end":{"line":29,"column":3}},{"start":{"line":2,"column":2},"end":{"line":29,"column":3}}],"line":2}},"s":{"0":20,"1":38,"2":26,"3":26,"4":110,"5":26,"6":12,"7":12,"8":12,"9":12,"10":12,"11":12,"12":12,"13":35,"14":35,"15":136,"16":35,"17":12,"18":20},"f":{"0":38,"1":110,"2":136},"b":{"0":[26,12]},"_coverageSchema":"1a1c01bbd47fc00a2c39e90264f33305004495a9","hash":"eaa7c810611274268023cc389ec0a70d6a2b5238"}
,"H:\\source\\repos\\Shortpoet\\Shortpoet\\VueClient\\src\\utils\\myTest\\test.utils.textMatcher.js": {"path":"H:\\source\\repos\\Shortpoet\\Shortpoet\\VueClient\\src\\utils\\myTest\\test.utils.textMatcher.js","statementMap":{"0":{"start":{"line":14,"column":14},"end":{"line":17,"column":1}},"1":{"start":{"line":19,"column":27},"end":{"line":35,"column":1}},"2":{"start":{"line":21,"column":18},"end":{"line":24,"column":3}},"3":{"start":{"line":22,"column":17},"end":{"line":22,"column":37}},"4":{"start":{"line":23,"column":4},"end":{"line":23,"column":92}},"5":{"start":{"line":25,"column":2},"end":{"line":34,"column":3}},"6":{"start":{"line":26,"column":4},"end":{"line":26,"column":58}},"7":{"start":{"line":27,"column":4},"end":{"line":27,"column":25}},"8":{"start":{"line":31,"column":4},"end":{"line":31,"column":58}},"9":{"start":{"line":32,"column":4},"end":{"line":32,"column":25}},"10":{"start":{"line":37,"column":0},"end":{"line":37,"column":28}}},"fnMap":{"0":{"name":"(anonymous_0)","decl":{"start":{"line":19,"column":27},"end":{"line":19,"column":28}},"loc":{"start":{"line":19,"column":97},"end":{"line":35,"column":1}},"line":19},"1":{"name":"(anonymous_1)","decl":{"start":{"line":21,"column":18},"end":{"line":21,"column":19}},"loc":{"start":{"line":21,"column":32},"end":{"line":24,"column":3}},"line":21}},"branchMap":{"0":{"loc":{"start":{"line":19,"column":62},"end":{"line":19,"column":73}},"type":"default-arg","locations":[{"start":{"line":19,"column":69},"end":{"line":19,"column":73}}],"line":19},"1":{"loc":{"start":{"line":19,"column":75},"end":{"line":19,"column":92}},"type":"default-arg","locations":[{"start":{"line":19,"column":87},"end":{"line":19,"column":92}}],"line":19},"2":{"loc":{"start":{"line":25,"column":2},"end":{"line":34,"column":3}},"type":"if","locations":[{"start":{"line":25,"column":2},"end":{"line":34,"column":3}},{"start":{"line":25,"column":2},"end":{"line":34,"column":3}}],"line":25}},"s":{"0":20,"1":20,"2":24,"3":24,"4":24,"5":24,"6":24,"7":24,"8":0,"9":0,"10":20},"f":{"0":24,"1":24},"b":{"0":[24],"1":[24],"2":[24,0]},"_coverageSchema":"1a1c01bbd47fc00a2c39e90264f33305004495a9","hash":"2ba1c34899e28fb1e548463a60fe7a2dffd39ab1"}
,"H:\\source\\repos\\Shortpoet\\Shortpoet\\VueClient\\src\\utils\\myTest\\test.utils.textMatcherFactory.js": {"path":"H:\\source\\repos\\Shortpoet\\Shortpoet\\VueClient\\src\\utils\\myTest\\test.utils.textMatcherFactory.js","statementMap":{"0":{"start":{"line":3,"column":34},"end":{"line":10,"column":1}},"1":{"start":{"line":4,"column":16},"end":{"line":4,"column":42}},"2":{"start":{"line":4,"column":35},"end":{"line":4,"column":41}},"3":{"start":{"line":5,"column":2},"end":{"line":9,"column":4}},"4":{"start":{"line":6,"column":4},"end":{"line":8,"column":6}},"5":{"start":{"line":7,"column":6},"end":{"line":7,"column":61}},"6":{"start":{"line":12,"column":0},"end":{"line":12,"column":35}}},"fnMap":{"0":{"name":"(anonymous_0)","decl":{"start":{"line":3,"column":34},"end":{"line":3,"column":35}},"loc":{"start":{"line":3,"column":60},"end":{"line":10,"column":1}},"line":3},"1":{"name":"(anonymous_1)","decl":{"start":{"line":4,"column":30},"end":{"line":4,"column":31}},"loc":{"start":{"line":4,"column":35},"end":{"line":4,"column":41}},"line":4},"2":{"name":"(anonymous_2)","decl":{"start":{"line":5,"column":20},"end":{"line":5,"column":21}},"loc":{"start":{"line":5,"column":28},"end":{"line":9,"column":3}},"line":5},"3":{"name":"(anonymous_3)","decl":{"start":{"line":6,"column":76},"end":{"line":6,"column":77}},"loc":{"start":{"line":6,"column":82},"end":{"line":8,"column":5}},"line":6}},"branchMap":{},"s":{"0":19,"1":2,"2":12,"3":2,"4":12,"5":12,"6":19},"f":{"0":2,"1":12,"2":12,"3":12},"b":{},"_coverageSchema":"1a1c01bbd47fc00a2c39e90264f33305004495a9","hash":"8c6d87b0c514fcf5e411268883537b82b194a779"}
,"H:\\source\\repos\\Shortpoet\\Shortpoet\\VueClient\\src\\views\\PDF.vue": {"path":"H:\\source\\repos\\Shortpoet\\Shortpoet\\VueClient\\src\\views\\PDF.vue","statementMap":{"0":{"start":{"line":85,"column":0},"end":{"line":85,"column":null}},"1":{"start":{"line":86,"column":0},"end":{"line":86,"column":null}},"2":{"start":{"line":87,"column":0},"end":{"line":87,"column":null}},"3":{"start":{"line":88,"column":0},"end":{"line":88,"column":null}},"4":{"start":{"line":89,"column":0},"end":{"line":89,"column":null}},"5":{"start":{"line":90,"column":0},"end":{"line":90,"column":null}},"6":{"start":{"line":91,"column":0},"end":{"line":91,"column":null}},"7":{"start":{"line":92,"column":0},"end":{"line":92,"column":null}},"8":{"start":{"line":93,"column":0},"end":{"line":93,"column":null}},"9":{"start":{"line":94,"column":0},"end":{"line":94,"column":null}},"10":{"start":{"line":95,"column":0},"end":{"line":95,"column":null}},"11":{"start":{"line":112,"column":0},"end":{"line":112,"column":null}},"12":{"start":{"line":121,"column":0},"end":{"line":125,"column":null}},"13":{"start":{"line":122,"column":0},"end":{"line":122,"column":null}},"14":{"start":{"line":123,"column":0},"end":{"line":123,"column":null}},"15":{"start":{"line":124,"column":0},"end":{"line":124,"column":null}},"16":{"start":{"line":128,"column":0},"end":{"line":143,"column":null}},"17":{"start":{"line":148,"column":0},"end":{"line":154,"column":null}},"18":{"start":{"line":160,"column":0},"end":{"line":160,"column":null}},"19":{"start":{"line":167,"column":0},"end":{"line":167,"column":null}},"20":{"start":{"line":168,"column":0},"end":{"line":168,"column":null}},"21":{"start":{"line":172,"column":0},"end":{"line":172,"column":null}},"22":{"start":{"line":173,"column":0},"end":{"line":173,"column":null}},"23":{"start":{"line":174,"column":0},"end":{"line":174,"column":null}}},"fnMap":{"0":{"name":"(anonymous_1)","decl":{"start":{"line":111,"column":0},"end":{"line":111,"column":null}},"loc":{"start":{"line":111,"column":0},"end":{"line":117,"column":null}}},"1":{"name":"(anonymous_2)","decl":{"start":{"line":120,"column":0},"end":{"line":120,"column":null}},"loc":{"start":{"line":120,"column":0},"end":{"line":126,"column":null}}},"2":{"name":"(anonymous_3)","decl":{"start":{"line":121,"column":0},"end":{"line":121,"column":null}},"loc":{"start":{"line":121,"column":0},"end":{"line":125,"column":null}}},"3":{"name":"(anonymous_4)","decl":{"start":{"line":127,"column":0},"end":{"line":127,"column":null}},"loc":{"start":{"line":127,"column":0},"end":{"line":146,"column":null}}},"4":{"name":"(anonymous_5)","decl":{"start":{"line":147,"column":0},"end":{"line":147,"column":null}},"loc":{"start":{"line":147,"column":0},"end":{"line":158,"column":null}}},"5":{"name":"(anonymous_6)","decl":{"start":{"line":159,"column":0},"end":{"line":159,"column":null}},"loc":{"start":{"line":159,"column":0},"end":{"line":161,"column":null}}},"6":{"name":"(anonymous_7)","decl":{"start":{"line":166,"column":0},"end":{"line":166,"column":null}},"loc":{"start":{"line":166,"column":0},"end":{"line":169,"column":null}}},"7":{"name":"(anonymous_8)","decl":{"start":{"line":171,"column":0},"end":{"line":171,"column":null}},"loc":{"start":{"line":171,"column":0},"end":{"line":175,"column":null}}}},"branchMap":{"0":{"loc":{"start":{"line":128,"column":0},"end":{"line":129,"column":null}},"type":"cond-expr","locations":[{"start":{"line":128,"column":0},"end":{"line":129,"column":null}},{"start":{"line":129,"column":0},"end":{"line":143,"column":null}}]},"1":{"loc":{"start":{"line":148,"column":0},"end":{"line":149,"column":null}},"type":"cond-expr","locations":[{"start":{"line":148,"column":0},"end":{"line":149,"column":null}},{"start":{"line":149,"column":0},"end":{"line":154,"column":null}}]},"2":{"loc":{"start":{"line":160,"column":0},"end":{"line":160,"column":null}},"type":"cond-expr","locations":[{"start":{"line":160,"column":0},"end":{"line":160,"column":null}},{"start":{"line":160,"column":0},"end":{"line":160,"column":null}}]}},"s":{"0":0,"1":0,"2":0,"3":0,"4":0,"5":0,"6":0,"7":0,"8":0,"9":0,"10":0,"11":0,"12":0,"13":0,"14":0,"15":0,"16":0,"17":0,"18":0,"19":0,"20":0,"21":0,"22":0,"23":0},"f":{"0":0,"1":0,"2":0,"3":0,"4":0,"5":0,"6":0,"7":0},"b":{"0":[0,0],"1":[0,0],"2":[0,0]}}
,"H:\\source\\repos\\Shortpoet\\Shortpoet\\VueClient\\src\\views\\Start.vue": {"path":"H:\\source\\repos\\Shortpoet\\Shortpoet\\VueClient\\src\\views\\Start.vue","statementMap":{"0":{"start":{"line":42,"column":0},"end":{"line":42,"column":null}},"1":{"start":{"line":43,"column":0},"end":{"line":43,"column":null}},"2":{"start":{"line":44,"column":0},"end":{"line":44,"column":null}},"3":{"start":{"line":45,"column":0},"end":{"line":45,"column":null}},"4":{"start":{"line":46,"column":0},"end":{"line":46,"column":null}},"5":{"start":{"line":47,"column":0},"end":{"line":47,"column":null}},"6":{"start":{"line":48,"column":0},"end":{"line":48,"column":null}},"7":{"start":{"line":49,"column":0},"end":{"line":49,"column":null}},"8":{"start":{"line":50,"column":0},"end":{"line":50,"column":null}},"9":{"start":{"line":51,"column":0},"end":{"line":51,"column":null}},"10":{"start":{"line":52,"column":0},"end":{"line":52,"column":null}},"11":{"start":{"line":69,"column":0},"end":{"line":69,"column":null}},"12":{"start":{"line":80,"column":0},"end":{"line":84,"column":null}},"13":{"start":{"line":81,"column":0},"end":{"line":81,"column":null}},"14":{"start":{"line":83,"column":0},"end":{"line":83,"column":null}},"15":{"start":{"line":89,"column":0},"end":{"line":89,"column":null}},"16":{"start":{"line":90,"column":0},"end":{"line":90,"column":null}},"17":{"start":{"line":91,"column":0},"end":{"line":116,"column":null}},"18":{"start":{"line":94,"column":0},"end":{"line":105,"column":null}},"19":{"start":{"line":95,"column":0},"end":{"line":104,"column":null}},"20":{"start":{"line":96,"column":0},"end":{"line":96,"column":null}},"21":{"start":{"line":97,"column":0},"end":{"line":97,"column":null}},"22":{"start":{"line":98,"column":0},"end":{"line":103,"column":null}},"23":{"start":{"line":99,"column":0},"end":{"line":99,"column":null}},"24":{"start":{"line":102,"column":0},"end":{"line":102,"column":null}},"25":{"start":{"line":107,"column":0},"end":{"line":109,"column":null}},"26":{"start":{"line":108,"column":0},"end":{"line":108,"column":null}},"27":{"start":{"line":111,"column":0},"end":{"line":111,"column":null}},"28":{"start":{"line":114,"column":0},"end":{"line":114,"column":null}}},"fnMap":{"0":{"name":"(anonymous_1)","decl":{"start":{"line":68,"column":0},"end":{"line":68,"column":null}},"loc":{"start":{"line":68,"column":0},"end":{"line":72,"column":null}}},"1":{"name":"(anonymous_2)","decl":{"start":{"line":79,"column":0},"end":{"line":79,"column":null}},"loc":{"start":{"line":79,"column":0},"end":{"line":85,"column":null}}},"2":{"name":"(anonymous_3)","decl":{"start":{"line":87,"column":0},"end":{"line":87,"column":null}},"loc":{"start":{"line":87,"column":0},"end":{"line":117,"column":null}}},"3":{"name":"(anonymous_4)","decl":{"start":{"line":91,"column":0},"end":{"line":91,"column":null}},"loc":{"start":{"line":91,"column":0},"end":{"line":116,"column":null}}},"4":{"name":"(anonymous_5)","decl":{"start":{"line":94,"column":0},"end":{"line":94,"column":null}},"loc":{"start":{"line":94,"column":0},"end":{"line":105,"column":null}}},"5":{"name":"(anonymous_6)","decl":{"start":{"line":107,"column":0},"end":{"line":107,"column":null}},"loc":{"start":{"line":107,"column":0},"end":{"line":109,"column":null}}}},"branchMap":{"0":{"loc":{"start":{"line":80,"column":0},"end":{"line":84,"column":null}},"type":"if","locations":[{"start":{"line":80,"column":0},"end":{"line":84,"column":null}},{"start":{"line":80,"column":0},"end":{"line":84,"column":null}}]},"1":{"loc":{"start":{"line":95,"column":0},"end":{"line":104,"column":null}},"type":"if","locations":[{"start":{"line":95,"column":0},"end":{"line":104,"column":null}},{"start":{"line":95,"column":0},"end":{"line":104,"column":null}}]},"2":{"loc":{"start":{"line":95,"column":0},"end":{"line":95,"column":null}},"type":"binary-expr","locations":[{"start":{"line":95,"column":0},"end":{"line":95,"column":null}},{"start":{"line":95,"column":0},"end":{"line":95,"column":null}}]},"3":{"loc":{"start":{"line":97,"column":0},"end":{"line":97,"column":null}},"type":"cond-expr","locations":[{"start":{"line":97,"column":0},"end":{"line":97,"column":null}},{"start":{"line":97,"column":0},"end":{"line":97,"column":null}}]},"4":{"loc":{"start":{"line":98,"column":0},"end":{"line":103,"column":null}},"type":"if","locations":[{"start":{"line":98,"column":0},"end":{"line":103,"column":null}},{"start":{"line":98,"column":0},"end":{"line":103,"column":null}}]}},"s":{"0":2,"1":2,"2":2,"3":2,"4":2,"5":2,"6":2,"7":2,"8":2,"9":2,"10":2,"11":1,"12":0,"13":0,"14":0,"15":1,"16":1,"17":1,"18":1,"19":0,"20":0,"21":0,"22":0,"23":0,"24":0,"25":1,"26":0,"27":1,"28":1},"f":{"0":1,"1":0,"2":1,"3":1,"4":0,"5":0},"b":{"0":[0,0],"1":[0,0],"2":[0,0],"3":[0,0],"4":[0,0]}}
}
