{"H:\\source\\repos\\Shortpoet\\Shortpoet\\VueClient\\src\\assets\\d3_devicon_forest_green.svg": {"path":"H:\\source\\repos\\Shortpoet\\Shortpoet\\VueClient\\src\\assets\\d3_devicon_forest_green.svg","statementMap":{"0":{"start":{"line":1,"column":0},"end":{"line":1,"column":19}}},"fnMap":{},"branchMap":{},"s":{"0":2},"f":{},"b":{},"_coverageSchema":"1a1c01bbd47fc00a2c39e90264f33305004495a9","hash":"c1540ce3b3570d1d3bb41b8465f5aae4a44f045f"}
,"H:\\source\\repos\\Shortpoet\\Shortpoet\\VueClient\\src\\assets\\github_profile_pic.png": {"path":"H:\\source\\repos\\Shortpoet\\Shortpoet\\VueClient\\src\\assets\\github_profile_pic.png","statementMap":{"0":{"start":{"line":1,"column":0},"end":{"line":1,"column":19}}},"fnMap":{},"branchMap":{},"s":{"0":10},"f":{},"b":{},"_coverageSchema":"1a1c01bbd47fc00a2c39e90264f33305004495a9","hash":"f9305597f382e90bb537c862983929c39b7487ab"}
,"H:\\source\\repos\\Shortpoet\\Shortpoet\\VueClient\\src\\assets\\icons.js": {"path":"H:\\source\\repos\\Shortpoet\\Shortpoet\\VueClient\\src\\assets\\icons.js","statementMap":{},"fnMap":{},"branchMap":{},"s":{},"f":{},"b":{},"_coverageSchema":"1a1c01bbd47fc00a2c39e90264f33305004495a9","hash":"c0582c03e1af1839bed046fd25fb590a5cfe9bdf"}
,"H:\\source\\repos\\Shortpoet\\Shortpoet\\VueClient\\src\\assets\\poem.jpg": {"path":"H:\\source\\repos\\Shortpoet\\Shortpoet\\VueClient\\src\\assets\\poem.jpg","statementMap":{"0":{"start":{"line":1,"column":0},"end":{"line":1,"column":19}}},"fnMap":{},"branchMap":{},"s":{"0":3},"f":{},"b":{},"_coverageSchema":"1a1c01bbd47fc00a2c39e90264f33305004495a9","hash":"10a9298151d0b8d90cec118c91981cde341f0981"}
,"H:\\source\\repos\\Shortpoet\\Shortpoet\\VueClient\\src\\assets\\resume.js": {"path":"H:\\source\\repos\\Shortpoet\\Shortpoet\\VueClient\\src\\assets\\resume.js","statementMap":{},"fnMap":{},"branchMap":{},"s":{},"f":{},"b":{},"_coverageSchema":"1a1c01bbd47fc00a2c39e90264f33305004495a9","hash":"42f4faee80be6557a96ec6ab0206fe921769e390"}
,"H:\\source\\repos\\Shortpoet\\Shortpoet\\VueClient\\src\\assets\\tableau_logo.svg": {"path":"H:\\source\\repos\\Shortpoet\\Shortpoet\\VueClient\\src\\assets\\tableau_logo.svg","statementMap":{"0":{"start":{"line":1,"column":0},"end":{"line":1,"column":19}}},"fnMap":{},"branchMap":{},"s":{"0":2},"f":{},"b":{},"_coverageSchema":"1a1c01bbd47fc00a2c39e90264f33305004495a9","hash":"996360dd3d44ef301df8569e9bc18f06a20b060d"}
,"H:\\source\\repos\\Shortpoet\\Shortpoet\\VueClient\\src\\assets\\vue_devicon_forest_green.svg": {"path":"H:\\source\\repos\\Shortpoet\\Shortpoet\\VueClient\\src\\assets\\vue_devicon_forest_green.svg","statementMap":{"0":{"start":{"line":1,"column":0},"end":{"line":1,"column":19}}},"fnMap":{},"branchMap":{},"s":{"0":2},"f":{},"b":{},"_coverageSchema":"1a1c01bbd47fc00a2c39e90264f33305004495a9","hash":"7dfb77c158a32bf90bd1a89e96474f7e44474f10"}
,"H:\\source\\repos\\Shortpoet\\Shortpoet\\VueClient\\src\\components\\Resume\\PDF\\PDFAbout.vue": {"path":"H:\\source\\repos\\Shortpoet\\Shortpoet\\VueClient\\src\\components\\Resume\\PDF\\PDFAbout.vue","statementMap":{"0":{"start":{"line":54,"column":0},"end":{"line":54,"column":null}},"1":{"start":{"line":90,"column":0},"end":{"line":90,"column":null}},"2":{"start":{"line":123,"column":0},"end":{"line":123,"column":null}},"3":{"start":{"line":126,"column":0},"end":{"line":126,"column":null}}},"fnMap":{"0":{"name":"(anonymous_1)","decl":{"start":{"line":89,"column":0},"end":{"line":89,"column":null}},"loc":{"start":{"line":89,"column":0},"end":{"line":120,"column":null}}},"1":{"name":"(anonymous_2)","decl":{"start":{"line":122,"column":0},"end":{"line":122,"column":null}},"loc":{"start":{"line":122,"column":0},"end":{"line":124,"column":null}}},"2":{"name":"(anonymous_3)","decl":{"start":{"line":125,"column":0},"end":{"line":125,"column":null}},"loc":{"start":{"line":125,"column":0},"end":{"line":127,"column":null}}},"3":{"name":"(anonymous_4)","decl":{"start":{"line":129,"column":0},"end":{"line":129,"column":null}},"loc":{"start":{"line":129,"column":0},"end":{"line":129,"column":null}}}},"branchMap":{},"s":{"0":1,"1":9,"2":0,"3":0},"f":{"0":9,"1":0,"2":0,"3":9},"b":{}}
,"H:\\source\\repos\\Shortpoet\\Shortpoet\\VueClient\\src\\components\\Resume\\PDF\\PDFAwards.vue": {"path":"H:\\source\\repos\\Shortpoet\\Shortpoet\\VueClient\\src\\components\\Resume\\PDF\\PDFAwards.vue","statementMap":{"0":{"start":{"line":24,"column":0},"end":{"line":24,"column":null}},"1":{"start":{"line":30,"column":0},"end":{"line":30,"column":null}},"2":{"start":{"line":39,"column":0},"end":{"line":39,"column":null}},"3":{"start":{"line":45,"column":0},"end":{"line":45,"column":null}},"4":{"start":{"line":51,"column":0},"end":{"line":51,"column":null}},"5":{"start":{"line":57,"column":0},"end":{"line":57,"column":null}},"6":{"start":{"line":65,"column":0},"end":{"line":65,"column":null}}},"fnMap":{"0":{"name":"(anonymous_1)","decl":{"start":{"line":30,"column":0},"end":{"line":30,"column":null}},"loc":{"start":{"line":30,"column":0},"end":{"line":30,"column":null}}},"1":{"name":"(anonymous_2)","decl":{"start":{"line":38,"column":0},"end":{"line":38,"column":null}},"loc":{"start":{"line":38,"column":0},"end":{"line":43,"column":null}}},"2":{"name":"(anonymous_3)","decl":{"start":{"line":44,"column":0},"end":{"line":44,"column":null}},"loc":{"start":{"line":44,"column":0},"end":{"line":49,"column":null}}},"3":{"name":"(anonymous_4)","decl":{"start":{"line":50,"column":0},"end":{"line":50,"column":null}},"loc":{"start":{"line":50,"column":0},"end":{"line":55,"column":null}}},"4":{"name":"(anonymous_5)","decl":{"start":{"line":56,"column":0},"end":{"line":56,"column":null}},"loc":{"start":{"line":56,"column":0},"end":{"line":61,"column":null}}},"5":{"name":"(anonymous_6)","decl":{"start":{"line":64,"column":0},"end":{"line":64,"column":null}},"loc":{"start":{"line":64,"column":0},"end":{"line":66,"column":null}}},"6":{"name":"(anonymous_7)","decl":{"start":{"line":68,"column":0},"end":{"line":68,"column":null}},"loc":{"start":{"line":68,"column":0},"end":{"line":70,"column":null}}}},"branchMap":{"0":{"loc":{"start":{"line":39,"column":0},"end":{"line":39,"column":null}},"type":"cond-expr","locations":[{"start":{"line":39,"column":0},"end":{"line":39,"column":null}},{"start":{"line":39,"column":0},"end":{"line":39,"column":null}}]},"1":{"loc":{"start":{"line":45,"column":0},"end":{"line":45,"column":null}},"type":"cond-expr","locations":[{"start":{"line":45,"column":0},"end":{"line":45,"column":null}},{"start":{"line":45,"column":0},"end":{"line":45,"column":null}}]},"2":{"loc":{"start":{"line":51,"column":0},"end":{"line":51,"column":null}},"type":"cond-expr","locations":[{"start":{"line":51,"column":0},"end":{"line":51,"column":null}},{"start":{"line":51,"column":0},"end":{"line":51,"column":null}}]},"3":{"loc":{"start":{"line":57,"column":0},"end":{"line":57,"column":null}},"type":"cond-expr","locations":[{"start":{"line":57,"column":0},"end":{"line":57,"column":null}},{"start":{"line":57,"column":0},"end":{"line":57,"column":null}}]}},"s":{"0":1,"1":0,"2":3,"3":3,"4":3,"5":3,"6":12},"f":{"0":0,"1":3,"2":3,"3":3,"4":3,"5":12,"6":3},"b":{"0":[1,2],"1":[1,2],"2":[1,2],"3":[1,2]}}
,"H:\\source\\repos\\Shortpoet\\Shortpoet\\VueClient\\src\\components\\Resume\\PDF\\PDFEducation.vue": {"path":"H:\\source\\repos\\Shortpoet\\Shortpoet\\VueClient\\src\\components\\Resume\\PDF\\PDFEducation.vue","statementMap":{"0":{"start":{"line":32,"column":0},"end":{"line":32,"column":null}},"1":{"start":{"line":41,"column":0},"end":{"line":41,"column":null}}},"fnMap":{"0":{"name":"(anonymous_1)","decl":{"start":{"line":32,"column":0},"end":{"line":32,"column":null}},"loc":{"start":{"line":32,"column":0},"end":{"line":32,"column":null}}},"1":{"name":"(anonymous_2)","decl":{"start":{"line":40,"column":0},"end":{"line":40,"column":null}},"loc":{"start":{"line":40,"column":0},"end":{"line":45,"column":null}}}},"branchMap":{"0":{"loc":{"start":{"line":41,"column":0},"end":{"line":41,"column":null}},"type":"cond-expr","locations":[{"start":{"line":41,"column":0},"end":{"line":41,"column":null}},{"start":{"line":41,"column":0},"end":{"line":41,"column":null}}]}},"s":{"0":0,"1":7},"f":{"0":0,"1":7},"b":{"0":[1,6]}}
,"H:\\source\\repos\\Shortpoet\\Shortpoet\\VueClient\\src\\components\\Resume\\PDF\\PDFExperience.vue": {"path":"H:\\source\\repos\\Shortpoet\\Shortpoet\\VueClient\\src\\components\\Resume\\PDF\\PDFExperience.vue","statementMap":{"0":{"start":{"line":48,"column":0},"end":{"line":48,"column":null}},"1":{"start":{"line":54,"column":0},"end":{"line":54,"column":null}}},"fnMap":{"0":{"name":"(anonymous_1)","decl":{"start":{"line":47,"column":0},"end":{"line":47,"column":null}},"loc":{"start":{"line":47,"column":0},"end":{"line":52,"column":null}}},"1":{"name":"(anonymous_2)","decl":{"start":{"line":53,"column":0},"end":{"line":53,"column":null}},"loc":{"start":{"line":53,"column":0},"end":{"line":58,"column":null}}}},"branchMap":{"0":{"loc":{"start":{"line":48,"column":0},"end":{"line":48,"column":null}},"type":"cond-expr","locations":[{"start":{"line":48,"column":0},"end":{"line":48,"column":null}},{"start":{"line":48,"column":0},"end":{"line":48,"column":null}}]},"1":{"loc":{"start":{"line":54,"column":0},"end":{"line":54,"column":null}},"type":"cond-expr","locations":[{"start":{"line":54,"column":0},"end":{"line":54,"column":null}},{"start":{"line":54,"column":0},"end":{"line":54,"column":null}}]}},"s":{"0":3,"1":3},"f":{"0":3,"1":3},"b":{"0":[1,2],"1":[1,2]}}
,"H:\\source\\repos\\Shortpoet\\Shortpoet\\VueClient\\src\\components\\Resume\\PDF\\PDFObjective.vue": {"path":"H:\\source\\repos\\Shortpoet\\Shortpoet\\VueClient\\src\\components\\Resume\\PDF\\PDFObjective.vue","statementMap":{"0":{"start":{"line":43,"column":0},"end":{"line":43,"column":null}},"1":{"start":{"line":49,"column":0},"end":{"line":49,"column":null}},"2":{"start":{"line":52,"column":0},"end":{"line":52,"column":null}},"3":{"start":{"line":55,"column":0},"end":{"line":55,"column":null}}},"fnMap":{"0":{"name":"(anonymous_1)","decl":{"start":{"line":42,"column":0},"end":{"line":42,"column":null}},"loc":{"start":{"line":42,"column":0},"end":{"line":46,"column":null}}},"1":{"name":"(anonymous_2)","decl":{"start":{"line":48,"column":0},"end":{"line":48,"column":null}},"loc":{"start":{"line":48,"column":0},"end":{"line":50,"column":null}}},"2":{"name":"(anonymous_3)","decl":{"start":{"line":51,"column":0},"end":{"line":51,"column":null}},"loc":{"start":{"line":51,"column":0},"end":{"line":53,"column":null}}},"3":{"name":"(anonymous_4)","decl":{"start":{"line":54,"column":0},"end":{"line":54,"column":null}},"loc":{"start":{"line":54,"column":0},"end":{"line":59,"column":null}}}},"branchMap":{"0":{"loc":{"start":{"line":55,"column":0},"end":{"line":55,"column":null}},"type":"cond-expr","locations":[{"start":{"line":55,"column":0},"end":{"line":55,"column":null}},{"start":{"line":55,"column":0},"end":{"line":55,"column":null}}]}},"s":{"0":3,"1":0,"2":0,"3":3},"f":{"0":3,"1":0,"2":0,"3":3},"b":{"0":[1,2]}}
,"H:\\source\\repos\\Shortpoet\\Shortpoet\\VueClient\\src\\components\\Resume\\PDF\\PDFSocials.vue": {"path":"H:\\source\\repos\\Shortpoet\\Shortpoet\\VueClient\\src\\components\\Resume\\PDF\\PDFSocials.vue","statementMap":{"0":{"start":{"line":35,"column":0},"end":{"line":35,"column":null}},"1":{"start":{"line":72,"column":0},"end":{"line":72,"column":null}},"2":{"start":{"line":78,"column":0},"end":{"line":84,"column":null}}},"fnMap":{"0":{"name":"(anonymous_1)","decl":{"start":{"line":34,"column":0},"end":{"line":34,"column":null}},"loc":{"start":{"line":34,"column":0},"end":{"line":69,"column":null}}},"1":{"name":"(anonymous_2)","decl":{"start":{"line":71,"column":0},"end":{"line":71,"column":null}},"loc":{"start":{"line":71,"column":0},"end":{"line":76,"column":null}}},"2":{"name":"(anonymous_3)","decl":{"start":{"line":77,"column":0},"end":{"line":77,"column":null}},"loc":{"start":{"line":77,"column":0},"end":{"line":88,"column":null}}}},"branchMap":{"0":{"loc":{"start":{"line":72,"column":0},"end":{"line":72,"column":null}},"type":"cond-expr","locations":[{"start":{"line":72,"column":0},"end":{"line":72,"column":null}},{"start":{"line":72,"column":0},"end":{"line":72,"column":null}}]},"1":{"loc":{"start":{"line":78,"column":0},"end":{"line":79,"column":null}},"type":"cond-expr","locations":[{"start":{"line":78,"column":0},"end":{"line":79,"column":null}},{"start":{"line":79,"column":0},"end":{"line":84,"column":null}}]}},"s":{"0":9,"1":9,"2":9},"f":{"0":9,"1":9,"2":9},"b":{"0":[1,8],"1":[1,8]}}
,"H:\\source\\repos\\Shortpoet\\Shortpoet\\VueClient\\src\\components\\Resume\\Start\\StartAbout.vue": {"path":"H:\\source\\repos\\Shortpoet\\Shortpoet\\VueClient\\src\\components\\Resume\\Start\\StartAbout.vue","statementMap":{"0":{"start":{"line":51,"column":0},"end":{"line":51,"column":null}}},"fnMap":{"0":{"name":"(anonymous_1)","decl":{"start":{"line":50,"column":0},"end":{"line":50,"column":null}},"loc":{"start":{"line":50,"column":0},"end":{"line":53,"column":null}}}},"branchMap":{},"s":{"0":8},"f":{"0":8},"b":{}}
,"H:\\source\\repos\\Shortpoet\\Shortpoet\\VueClient\\src\\components\\Resume\\Start\\StartAwards.vue": {"path":"H:\\source\\repos\\Shortpoet\\Shortpoet\\VueClient\\src\\components\\Resume\\Start\\StartAwards.vue","statementMap":{"0":{"start":{"line":23,"column":0},"end":{"line":23,"column":null}},"1":{"start":{"line":29,"column":0},"end":{"line":29,"column":null}},"2":{"start":{"line":34,"column":0},"end":{"line":34,"column":null}}},"fnMap":{"0":{"name":"(anonymous_1)","decl":{"start":{"line":29,"column":0},"end":{"line":29,"column":null}},"loc":{"start":{"line":29,"column":0},"end":{"line":29,"column":null}}},"1":{"name":"(anonymous_2)","decl":{"start":{"line":33,"column":0},"end":{"line":33,"column":null}},"loc":{"start":{"line":33,"column":0},"end":{"line":35,"column":null}}}},"branchMap":{},"s":{"0":3,"1":0,"2":8},"f":{"0":0,"1":8},"b":{}}
,"H:\\source\\repos\\Shortpoet\\Shortpoet\\VueClient\\src\\components\\Resume\\Start\\StartButtonFloat.vue": {"path":"H:\\source\\repos\\Shortpoet\\Shortpoet\\VueClient\\src\\components\\Resume\\Start\\StartButtonFloat.vue","statementMap":{"0":{"start":{"line":92,"column":0},"end":{"line":92,"column":null}},"1":{"start":{"line":112,"column":0},"end":{"line":112,"column":null}},"2":{"start":{"line":115,"column":0},"end":{"line":115,"column":null}},"3":{"start":{"line":121,"column":0},"end":{"line":121,"column":null}},"4":{"start":{"line":124,"column":0},"end":{"line":124,"column":null}},"5":{"start":{"line":127,"column":0},"end":{"line":127,"column":null}},"6":{"start":{"line":132,"column":0},"end":{"line":132,"column":null}},"7":{"start":{"line":135,"column":0},"end":{"line":137,"column":null}},"8":{"start":{"line":136,"column":0},"end":{"line":136,"column":null}},"9":{"start":{"line":140,"column":0},"end":{"line":144,"column":null}},"10":{"start":{"line":141,"column":0},"end":{"line":143,"column":null}},"11":{"start":{"line":142,"column":0},"end":{"line":142,"column":null}},"12":{"start":{"line":148,"column":0},"end":{"line":148,"column":null}},"13":{"start":{"line":149,"column":0},"end":{"line":149,"column":null}},"14":{"start":{"line":152,"column":0},"end":{"line":152,"column":null}},"15":{"start":{"line":153,"column":0},"end":{"line":155,"column":null}},"16":{"start":{"line":154,"column":0},"end":{"line":154,"column":null}}},"fnMap":{"0":{"name":"(anonymous_1)","decl":{"start":{"line":91,"column":0},"end":{"line":91,"column":null}},"loc":{"start":{"line":91,"column":0},"end":{"line":109,"column":null}}},"1":{"name":"(anonymous_2)","decl":{"start":{"line":111,"column":0},"end":{"line":111,"column":null}},"loc":{"start":{"line":111,"column":0},"end":{"line":113,"column":null}}},"2":{"name":"(anonymous_3)","decl":{"start":{"line":114,"column":0},"end":{"line":114,"column":null}},"loc":{"start":{"line":114,"column":0},"end":{"line":119,"column":null}}},"3":{"name":"(anonymous_4)","decl":{"start":{"line":120,"column":0},"end":{"line":120,"column":null}},"loc":{"start":{"line":120,"column":0},"end":{"line":122,"column":null}}},"4":{"name":"(anonymous_5)","decl":{"start":{"line":123,"column":0},"end":{"line":123,"column":null}},"loc":{"start":{"line":123,"column":0},"end":{"line":125,"column":null}}},"5":{"name":"(anonymous_6)","decl":{"start":{"line":126,"column":0},"end":{"line":126,"column":null}},"loc":{"start":{"line":126,"column":0},"end":{"line":128,"column":null}}},"6":{"name":"(anonymous_7)","decl":{"start":{"line":131,"column":0},"end":{"line":131,"column":null}},"loc":{"start":{"line":131,"column":0},"end":{"line":133,"column":null}}},"7":{"name":"(anonymous_8)","decl":{"start":{"line":134,"column":0},"end":{"line":134,"column":null}},"loc":{"start":{"line":134,"column":0},"end":{"line":138,"column":null}}},"8":{"name":"(anonymous_9)","decl":{"start":{"line":139,"column":0},"end":{"line":139,"column":null}},"loc":{"start":{"line":139,"column":0},"end":{"line":145,"column":null}}},"9":{"name":"(anonymous_10)","decl":{"start":{"line":147,"column":0},"end":{"line":147,"column":null}},"loc":{"start":{"line":147,"column":0},"end":{"line":150,"column":null}}},"10":{"name":"(anonymous_11)","decl":{"start":{"line":149,"column":0},"end":{"line":149,"column":null}},"loc":{"start":{"line":149,"column":0},"end":{"line":149,"column":null}}},"11":{"name":"(anonymous_12)","decl":{"start":{"line":151,"column":0},"end":{"line":151,"column":null}},"loc":{"start":{"line":151,"column":0},"end":{"line":156,"column":null}}},"12":{"name":"(anonymous_13)","decl":{"start":{"line":153,"column":0},"end":{"line":153,"column":null}},"loc":{"start":{"line":153,"column":0},"end":{"line":155,"column":null}}},"13":{"name":"(anonymous_14)","decl":{"start":{"line":154,"column":0},"end":{"line":154,"column":null}},"loc":{"start":{"line":154,"column":0},"end":{"line":154,"column":null}}}},"branchMap":{"0":{"loc":{"start":{"line":121,"column":0},"end":{"line":121,"column":null}},"type":"cond-expr","locations":[{"start":{"line":121,"column":0},"end":{"line":121,"column":null}},{"start":{"line":121,"column":0},"end":{"line":121,"column":null}}]},"1":{"loc":{"start":{"line":124,"column":0},"end":{"line":124,"column":null}},"type":"cond-expr","locations":[{"start":{"line":124,"column":0},"end":{"line":124,"column":null}},{"start":{"line":124,"column":0},"end":{"line":124,"column":null}}]},"2":{"loc":{"start":{"line":135,"column":0},"end":{"line":137,"column":null}},"type":"if","locations":[{"start":{"line":135,"column":0},"end":{"line":137,"column":null}},{"start":{"line":135,"column":0},"end":{"line":137,"column":null}}]},"3":{"loc":{"start":{"line":140,"column":0},"end":{"line":144,"column":null}},"type":"if","locations":[{"start":{"line":140,"column":0},"end":{"line":144,"column":null}},{"start":{"line":140,"column":0},"end":{"line":144,"column":null}}]},"4":{"loc":{"start":{"line":141,"column":0},"end":{"line":143,"column":null}},"type":"if","locations":[{"start":{"line":141,"column":0},"end":{"line":143,"column":null}},{"start":{"line":141,"column":0},"end":{"line":143,"column":null}}]}},"s":{"0":1,"1":1,"2":1,"3":1,"4":1,"5":0,"6":0,"7":0,"8":0,"9":0,"10":0,"11":0,"12":0,"13":0,"14":1,"15":1,"16":0},"f":{"0":1,"1":1,"2":1,"3":1,"4":1,"5":0,"6":0,"7":0,"8":0,"9":0,"10":0,"11":1,"12":0,"13":0},"b":{"0":[0,1],"1":[0,1],"2":[0,0],"3":[0,0],"4":[0,0]}}
,"H:\\source\\repos\\Shortpoet\\Shortpoet\\VueClient\\src\\components\\Resume\\Start\\StartDevIcon.vue": {"path":"H:\\source\\repos\\Shortpoet\\Shortpoet\\VueClient\\src\\components\\Resume\\Start\\StartDevIcon.vue","statementMap":{"0":{"start":{"line":25,"column":0},"end":{"line":25,"column":null}},"1":{"start":{"line":30,"column":0},"end":{"line":30,"column":null}},"2":{"start":{"line":33,"column":0},"end":{"line":39,"column":null}},"3":{"start":{"line":34,"column":0},"end":{"line":34,"column":null}},"4":{"start":{"line":35,"column":0},"end":{"line":39,"column":null}},"5":{"start":{"line":36,"column":0},"end":{"line":36,"column":null}},"6":{"start":{"line":38,"column":0},"end":{"line":38,"column":null}}},"fnMap":{"0":{"name":"(anonymous_1)","decl":{"start":{"line":24,"column":0},"end":{"line":24,"column":null}},"loc":{"start":{"line":24,"column":0},"end":{"line":27,"column":null}}},"1":{"name":"(anonymous_2)","decl":{"start":{"line":29,"column":0},"end":{"line":29,"column":null}},"loc":{"start":{"line":29,"column":0},"end":{"line":31,"column":null}}},"2":{"name":"(anonymous_3)","decl":{"start":{"line":32,"column":0},"end":{"line":32,"column":null}},"loc":{"start":{"line":32,"column":0},"end":{"line":40,"column":null}}},"3":{"name":"(anonymous_4)","decl":{"start":{"line":44,"column":0},"end":{"line":44,"column":null}},"loc":{"start":{"line":44,"column":0},"end":{"line":44,"column":null}}}},"branchMap":{"0":{"loc":{"start":{"line":33,"column":0},"end":{"line":39,"column":null}},"type":"if","locations":[{"start":{"line":33,"column":0},"end":{"line":39,"column":null}},{"start":{"line":33,"column":0},"end":{"line":39,"column":null}}]},"1":{"loc":{"start":{"line":35,"column":0},"end":{"line":39,"column":null}},"type":"if","locations":[{"start":{"line":35,"column":0},"end":{"line":39,"column":null}},{"start":{"line":35,"column":0},"end":{"line":39,"column":null}}]}},"s":{"0":22,"1":22,"2":0,"3":0,"4":0,"5":0,"6":0},"f":{"0":22,"1":22,"2":0,"3":22},"b":{"0":[0,0],"1":[0,0]}}
,"H:\\source\\repos\\Shortpoet\\Shortpoet\\VueClient\\src\\components\\Resume\\Start\\StartEducation.vue": {"path":"H:\\source\\repos\\Shortpoet\\Shortpoet\\VueClient\\src\\components\\Resume\\Start\\StartEducation.vue","statementMap":{"0":{"start":{"line":26,"column":0},"end":{"line":26,"column":null}}},"fnMap":{"0":{"name":"(anonymous_1)","decl":{"start":{"line":26,"column":0},"end":{"line":26,"column":null}},"loc":{"start":{"line":26,"column":0},"end":{"line":26,"column":null}}}},"branchMap":{},"s":{"0":0},"f":{"0":0},"b":{}}
,"H:\\source\\repos\\Shortpoet\\Shortpoet\\VueClient\\src\\components\\Resume\\Start\\StartInterests.vue": {"path":"H:\\source\\repos\\Shortpoet\\Shortpoet\\VueClient\\src\\components\\Resume\\Start\\StartInterests.vue","statementMap":{"0":{"start":{"line":24,"column":0},"end":{"line":24,"column":null}}},"fnMap":{"0":{"name":"(anonymous_1)","decl":{"start":{"line":23,"column":0},"end":{"line":23,"column":null}},"loc":{"start":{"line":23,"column":0},"end":{"line":27,"column":null}}}},"branchMap":{},"s":{"0":3},"f":{"0":3},"b":{}}
,"H:\\source\\repos\\Shortpoet\\Shortpoet\\VueClient\\src\\components\\Resume\\Start\\StartNav.vue": {"path":"H:\\source\\repos\\Shortpoet\\Shortpoet\\VueClient\\src\\components\\Resume\\Start\\StartNav.vue","statementMap":{"0":{"start":{"line":42,"column":0},"end":{"line":42,"column":null}}},"fnMap":{"0":{"name":"(anonymous_1)","decl":{"start":{"line":41,"column":0},"end":{"line":41,"column":null}},"loc":{"start":{"line":41,"column":0},"end":{"line":45,"column":null}}},"1":{"name":"(anonymous_2)","decl":{"start":{"line":47,"column":0},"end":{"line":47,"column":null}},"loc":{"start":{"line":47,"column":0},"end":{"line":50,"column":null}}},"2":{"name":"(anonymous_3)","decl":{"start":{"line":51,"column":0},"end":{"line":51,"column":null}},"loc":{"start":{"line":51,"column":0},"end":{"line":68,"column":null}}}},"branchMap":{},"s":{"0":1},"f":{"0":1,"1":0,"2":0},"b":{}}
,"H:\\source\\repos\\Shortpoet\\Shortpoet\\VueClient\\src\\components\\Resume\\Start\\StartObjective.vue": {"path":"H:\\source\\repos\\Shortpoet\\Shortpoet\\VueClient\\src\\components\\Resume\\Start\\StartObjective.vue","statementMap":{"0":{"start":{"line":30,"column":0},"end":{"line":30,"column":null}},"1":{"start":{"line":35,"column":0},"end":{"line":35,"column":null}},"2":{"start":{"line":36,"column":0},"end":{"line":36,"column":null}}},"fnMap":{"0":{"name":"(anonymous_1)","decl":{"start":{"line":29,"column":0},"end":{"line":29,"column":null}},"loc":{"start":{"line":29,"column":0},"end":{"line":32,"column":null}}},"1":{"name":"(anonymous_2)","decl":{"start":{"line":34,"column":0},"end":{"line":34,"column":null}},"loc":{"start":{"line":34,"column":0},"end":{"line":37,"column":null}}}},"branchMap":{},"s":{"0":3,"1":0,"2":0},"f":{"0":3,"1":0},"b":{}}
,"H:\\source\\repos\\Shortpoet\\Shortpoet\\VueClient\\src\\components\\Resume\\Start\\StartSkills.vue": {"path":"H:\\source\\repos\\Shortpoet\\Shortpoet\\VueClient\\src\\components\\Resume\\Start\\StartSkills.vue","statementMap":{"0":{"start":{"line":52,"column":0},"end":{"line":52,"column":null}},"1":{"start":{"line":53,"column":0},"end":{"line":53,"column":null}},"2":{"start":{"line":60,"column":0},"end":{"line":60,"column":null}},"3":{"start":{"line":68,"column":0},"end":{"line":68,"column":null}},"4":{"start":{"line":74,"column":0},"end":{"line":74,"column":null}}},"fnMap":{"0":{"name":"(anonymous_1)","decl":{"start":{"line":60,"column":0},"end":{"line":60,"column":null}},"loc":{"start":{"line":60,"column":0},"end":{"line":60,"column":null}}},"1":{"name":"(anonymous_2)","decl":{"start":{"line":67,"column":0},"end":{"line":67,"column":null}},"loc":{"start":{"line":67,"column":0},"end":{"line":71,"column":null}}},"2":{"name":"(anonymous_3)","decl":{"start":{"line":73,"column":0},"end":{"line":73,"column":null}},"loc":{"start":{"line":73,"column":0},"end":{"line":75,"column":null}}},"3":{"name":"(anonymous_4)","decl":{"start":{"line":77,"column":0},"end":{"line":77,"column":null}},"loc":{"start":{"line":77,"column":0},"end":{"line":79,"column":null}}}},"branchMap":{},"s":{"0":2,"1":2,"2":0,"3":1,"4":9},"f":{"0":0,"1":1,"2":9,"3":1},"b":{}}
,"H:\\source\\repos\\Shortpoet\\Shortpoet\\VueClient\\src\\components\\Resume\\Start\\StartSocials.vue": {"path":"H:\\source\\repos\\Shortpoet\\Shortpoet\\VueClient\\src\\components\\Resume\\Start\\StartSocials.vue","statementMap":{"0":{"start":{"line":33,"column":0},"end":{"line":33,"column":null}}},"fnMap":{"0":{"name":"(anonymous_1)","decl":{"start":{"line":32,"column":0},"end":{"line":32,"column":null}},"loc":{"start":{"line":32,"column":0},"end":{"line":69,"column":null}}}},"branchMap":{},"s":{"0":1},"f":{"0":1},"b":{}}
,"H:\\source\\repos\\Shortpoet\\Shortpoet\\VueClient\\src\\store\\api-endpoints.js": {"path":"H:\\source\\repos\\Shortpoet\\Shortpoet\\VueClient\\src\\store\\api-endpoints.js","statementMap":{"0":{"start":{"line":1,"column":21},"end":{"line":13,"column":1}},"1":{"start":{"line":14,"column":22},"end":{"line":19,"column":1}},"2":{"start":{"line":20,"column":20},"end":{"line":24,"column":1}},"3":{"start":{"line":25,"column":25},"end":{"line":29,"column":1}}},"fnMap":{},"branchMap":{},"s":{"0":19,"1":19,"2":19,"3":19},"f":{},"b":{},"_coverageSchema":"1a1c01bbd47fc00a2c39e90264f33305004495a9","hash":"171c67f6994a443a86647bc3e7fc70d6c82a9745"}
,"H:\\source\\repos\\Shortpoet\\Shortpoet\\VueClient\\src\\store\\index.js": {"path":"H:\\source\\repos\\Shortpoet\\Shortpoet\\VueClient\\src\\store\\index.js","statementMap":{"0":{"start":{"line":13,"column":14},"end":{"line":15,"column":1}},"1":{"start":{"line":18,"column":20},"end":{"line":26,"column":1}},"2":{"start":{"line":21,"column":4},"end":{"line":21,"column":120}},"3":{"start":{"line":24,"column":4},"end":{"line":24,"column":28}},"4":{"start":{"line":28,"column":18},"end":{"line":28,"column":20}},"5":{"start":{"line":29,"column":16},"end":{"line":29,"column":18}},"6":{"start":{"line":31,"column":17},"end":{"line":34,"column":1}},"7":{"start":{"line":36,"column":20},"end":{"line":44,"column":1}},"8":{"start":{"line":37,"column":2},"end":{"line":43,"column":3}},"9":{"start":{"line":46,"column":20},"end":{"line":65,"column":1}},"10":{"start":{"line":47,"column":20},"end":{"line":47,"column":58}},"11":{"start":{"line":48,"column":22},"end":{"line":48,"column":68}},"12":{"start":{"line":49,"column":24},"end":{"line":49,"column":70}},"13":{"start":{"line":50,"column":22},"end":{"line":50,"column":64}},"14":{"start":{"line":51,"column":22},"end":{"line":51,"column":64}},"15":{"start":{"line":53,"column":33},"end":{"line":55,"column":3}},"16":{"start":{"line":54,"column":4},"end":{"line":54,"column":53}},"17":{"start":{"line":57,"column":2},"end":{"line":64,"column":3}}},"fnMap":{"0":{"name":"(anonymous_0)","decl":{"start":{"line":19,"column":2},"end":{"line":19,"column":3}},"loc":{"start":{"line":19,"column":23},"end":{"line":22,"column":3}},"line":19},"1":{"name":"(anonymous_1)","decl":{"start":{"line":23,"column":2},"end":{"line":23,"column":3}},"loc":{"start":{"line":23,"column":17},"end":{"line":25,"column":3}},"line":23},"2":{"name":"(anonymous_2)","decl":{"start":{"line":36,"column":20},"end":{"line":36,"column":21}},"loc":{"start":{"line":36,"column":26},"end":{"line":44,"column":1}},"line":36},"3":{"name":"(anonymous_3)","decl":{"start":{"line":46,"column":20},"end":{"line":46,"column":21}},"loc":{"start":{"line":46,"column":103},"end":{"line":65,"column":1}},"line":46},"4":{"name":"(anonymous_4)","decl":{"start":{"line":53,"column":33},"end":{"line":53,"column":34}},"loc":{"start":{"line":53,"column":102},"end":{"line":55,"column":3}},"line":53}},"branchMap":{"0":{"loc":{"start":{"line":14,"column":15},"end":{"line":14,"column":84}},"type":"cond-expr","locations":[{"start":{"line":14,"column":56},"end":{"line":14,"column":69}},{"start":{"line":14,"column":72},"end":{"line":14,"column":84}}],"line":14},"1":{"loc":{"start":{"line":21,"column":11},"end":{"line":21,"column":120}},"type":"cond-expr","locations":[{"start":{"line":21,"column":48},"end":{"line":21,"column":83}},{"start":{"line":21,"column":86},"end":{"line":21,"column":120}}],"line":21},"2":{"loc":{"start":{"line":46,"column":21},"end":{"line":46,"column":98}},"type":"default-arg","locations":[{"start":{"line":46,"column":30},"end":{"line":46,"column":98}}],"line":46},"3":{"loc":{"start":{"line":53,"column":34},"end":{"line":53,"column":97}},"type":"default-arg","locations":[{"start":{"line":53,"column":43},"end":{"line":53,"column":97}}],"line":53}},"s":{"0":16,"1":16,"2":1,"3":1,"4":16,"5":16,"6":16,"7":16,"8":0,"9":16,"10":106,"11":106,"12":106,"13":106,"14":106,"15":106,"16":53,"17":106},"f":{"0":1,"1":1,"2":0,"3":106,"4":53},"b":{"0":[0,16],"1":[1,0],"2":[53],"3":[0]},"_coverageSchema":"1a1c01bbd47fc00a2c39e90264f33305004495a9","hash":"71de0bef5287501b2960f1f7b40fccc351511422"}
,"H:\\source\\repos\\Shortpoet\\Shortpoet\\VueClient\\src\\store\\mutation-types.js": {"path":"H:\\source\\repos\\Shortpoet\\Shortpoet\\VueClient\\src\\store\\mutation-types.js","statementMap":{"0":{"start":{"line":2,"column":29},"end":{"line":2,"column":44}},"1":{"start":{"line":3,"column":37},"end":{"line":3,"column":60}},"2":{"start":{"line":4,"column":28},"end":{"line":4,"column":42}},"3":{"start":{"line":7,"column":33},"end":{"line":7,"column":52}},"4":{"start":{"line":8,"column":26},"end":{"line":8,"column":38}},"5":{"start":{"line":9,"column":30},"end":{"line":9,"column":46}},"6":{"start":{"line":12,"column":28},"end":{"line":12,"column":42}},"7":{"start":{"line":13,"column":43},"end":{"line":13,"column":72}},"8":{"start":{"line":14,"column":44},"end":{"line":14,"column":74}},"9":{"start":{"line":15,"column":24},"end":{"line":15,"column":34}},"10":{"start":{"line":16,"column":30},"end":{"line":16,"column":46}},"11":{"start":{"line":17,"column":26},"end":{"line":17,"column":38}},"12":{"start":{"line":18,"column":40},"end":{"line":18,"column":66}},"13":{"start":{"line":19,"column":41},"end":{"line":19,"column":68}}},"fnMap":{},"branchMap":{},"s":{"0":19,"1":19,"2":19,"3":19,"4":19,"5":19,"6":19,"7":19,"8":19,"9":19,"10":19,"11":19,"12":19,"13":19},"f":{},"b":{},"_coverageSchema":"1a1c01bbd47fc00a2c39e90264f33305004495a9","hash":"77a2c7c0c4463420e74c7a6213b8d381c62c071f"}
,"H:\\source\\repos\\Shortpoet\\Shortpoet\\VueClient\\src\\store\\modules\\StoreResume.js": {"path":"H:\\source\\repos\\Shortpoet\\Shortpoet\\VueClient\\src\\store\\modules\\StoreResume.js","statementMap":{"0":{"start":{"line":14,"column":21},"end":{"line":17,"column":1}},"1":{"start":{"line":19,"column":23},"end":{"line":22,"column":1}},"2":{"start":{"line":20,"column":24},"end":{"line":20,"column":36}},"3":{"start":{"line":21,"column":30},"end":{"line":21,"column":48}},"4":{"start":{"line":24,"column":25},"end":{"line":57,"column":1}},"5":{"start":{"line":27,"column":28},"end":{"line":27,"column":76}},"6":{"start":{"line":28,"column":19},"end":{"line":45,"column":5}},"7":{"start":{"line":39,"column":50},"end":{"line":39,"column":62}},"8":{"start":{"line":40,"column":38},"end":{"line":40,"column":44}},"9":{"start":{"line":41,"column":42},"end":{"line":41,"column":50}},"10":{"start":{"line":42,"column":44},"end":{"line":42,"column":53}},"11":{"start":{"line":43,"column":60},"end":{"line":43,"column":78}},"12":{"start":{"line":46,"column":4},"end":{"line":51,"column":6}},"13":{"start":{"line":47,"column":6},"end":{"line":50,"column":8}},"14":{"start":{"line":49,"column":38},"end":{"line":49,"column":61}},"15":{"start":{"line":53,"column":4},"end":{"line":53,"column":25}},"16":{"start":{"line":55,"column":36},"end":{"line":55,"column":60}},"17":{"start":{"line":56,"column":42},"end":{"line":56,"column":71}},"18":{"start":{"line":60,"column":23},"end":{"line":87,"column":1}},"19":{"start":{"line":62,"column":4},"end":{"line":80,"column":5}},"20":{"start":{"line":66,"column":23},"end":{"line":66,"column":144}},"21":{"start":{"line":67,"column":18},"end":{"line":67,"column":53}},"22":{"start":{"line":70,"column":23},"end":{"line":70,"column":43}},"23":{"start":{"line":73,"column":6},"end":{"line":73,"column":43}},"24":{"start":{"line":74,"column":24},"end":{"line":74,"column":39}},"25":{"start":{"line":75,"column":6},"end":{"line":75,"column":42}},"26":{"start":{"line":76,"column":6},"end":{"line":76,"column":35}},"27":{"start":{"line":78,"column":6},"end":{"line":78,"column":24}},"28":{"start":{"line":79,"column":6},"end":{"line":79,"column":32}},"29":{"start":{"line":83,"column":6},"end":{"line":83,"column":36}},"30":{"start":{"line":84,"column":24},"end":{"line":84,"column":42}},"31":{"start":{"line":85,"column":6},"end":{"line":85,"column":42}},"32":{"start":{"line":91,"column":26},"end":{"line":99,"column":1}},"33":{"start":{"line":92,"column":2},"end":{"line":98,"column":3}},"34":{"start":{"line":101,"column":31},"end":{"line":115,"column":1}},"35":{"start":{"line":104,"column":20},"end":{"line":104,"column":58}},"36":{"start":{"line":105,"column":22},"end":{"line":105,"column":64}},"37":{"start":{"line":106,"column":24},"end":{"line":106,"column":70}},"38":{"start":{"line":107,"column":22},"end":{"line":107,"column":64}},"39":{"start":{"line":108,"column":2},"end":{"line":114,"column":3}}},"fnMap":{"0":{"name":"(anonymous_0)","decl":{"start":{"line":20,"column":13},"end":{"line":20,"column":14}},"loc":{"start":{"line":20,"column":24},"end":{"line":20,"column":36}},"line":20},"1":{"name":"(anonymous_1)","decl":{"start":{"line":21,"column":19},"end":{"line":21,"column":20}},"loc":{"start":{"line":21,"column":30},"end":{"line":21,"column":48}},"line":21},"2":{"name":"(anonymous_2)","decl":{"start":{"line":25,"column":2},"end":{"line":25,"column":3}},"loc":{"start":{"line":25,"column":33},"end":{"line":54,"column":3}},"line":25},"3":{"name":"(anonymous_3)","decl":{"start":{"line":39,"column":44},"end":{"line":39,"column":45}},"loc":{"start":{"line":39,"column":50},"end":{"line":39,"column":62}},"line":39},"4":{"name":"(anonymous_4)","decl":{"start":{"line":40,"column":32},"end":{"line":40,"column":33}},"loc":{"start":{"line":40,"column":38},"end":{"line":40,"column":44}},"line":40},"5":{"name":"(anonymous_5)","decl":{"start":{"line":41,"column":36},"end":{"line":41,"column":37}},"loc":{"start":{"line":41,"column":42},"end":{"line":41,"column":50}},"line":41},"6":{"name":"(anonymous_6)","decl":{"start":{"line":42,"column":38},"end":{"line":42,"column":39}},"loc":{"start":{"line":42,"column":44},"end":{"line":42,"column":53}},"line":42},"7":{"name":"(anonymous_7)","decl":{"start":{"line":43,"column":54},"end":{"line":43,"column":55}},"loc":{"start":{"line":43,"column":60},"end":{"line":43,"column":78}},"line":43},"8":{"name":"(anonymous_8)","decl":{"start":{"line":46,"column":28},"end":{"line":46,"column":29}},"loc":{"start":{"line":46,"column":34},"end":{"line":51,"column":5}},"line":46},"9":{"name":"(anonymous_9)","decl":{"start":{"line":49,"column":33},"end":{"line":49,"column":34}},"loc":{"start":{"line":49,"column":38},"end":{"line":49,"column":61}},"line":49},"10":{"name":"(anonymous_10)","decl":{"start":{"line":55,"column":2},"end":{"line":55,"column":3}},"loc":{"start":{"line":55,"column":34},"end":{"line":55,"column":62}},"line":55},"11":{"name":"(anonymous_11)","decl":{"start":{"line":56,"column":2},"end":{"line":56,"column":3}},"loc":{"start":{"line":56,"column":40},"end":{"line":56,"column":73}},"line":56},"12":{"name":"(anonymous_12)","decl":{"start":{"line":61,"column":2},"end":{"line":61,"column":3}},"loc":{"start":{"line":61,"column":55},"end":{"line":81,"column":3}},"line":61},"13":{"name":"(anonymous_13)","decl":{"start":{"line":82,"column":2},"end":{"line":82,"column":3}},"loc":{"start":{"line":82,"column":36},"end":{"line":86,"column":5}},"line":82},"14":{"name":"(anonymous_14)","decl":{"start":{"line":91,"column":26},"end":{"line":91,"column":27}},"loc":{"start":{"line":91,"column":32},"end":{"line":99,"column":1}},"line":91},"15":{"name":"(anonymous_15)","decl":{"start":{"line":101,"column":31},"end":{"line":101,"column":32}},"loc":{"start":{"line":101,"column":100},"end":{"line":115,"column":1}},"line":101}},"branchMap":{"0":{"loc":{"start":{"line":66,"column":23},"end":{"line":66,"column":144}},"type":"cond-expr","locations":[{"start":{"line":66,"column":61},"end":{"line":66,"column":101}},{"start":{"line":66,"column":104},"end":{"line":66,"column":144}}],"line":66},"1":{"loc":{"start":{"line":101,"column":32},"end":{"line":101,"column":95}},"type":"default-arg","locations":[{"start":{"line":101,"column":41},"end":{"line":101,"column":95}}],"line":101}},"s":{"0":19,"1":19,"2":1,"3":2,"4":19,"5":1,"6":1,"7":1,"8":4,"9":1,"10":1,"11":1,"12":1,"13":4,"14":16,"15":1,"16":1,"17":2,"18":19,"19":4,"20":4,"21":4,"22":4,"23":2,"24":2,"25":2,"26":2,"27":2,"28":2,"29":0,"30":0,"31":0,"32":19,"33":16,"34":19,"35":53,"36":53,"37":53,"38":53,"39":53},"f":{"0":1,"1":2,"2":1,"3":1,"4":4,"5":1,"6":1,"7":1,"8":4,"9":16,"10":1,"11":2,"12":4,"13":0,"14":16,"15":53},"b":{"0":[1,3],"1":[0]},"_coverageSchema":"1a1c01bbd47fc00a2c39e90264f33305004495a9","hash":"76c9ad4a6dc3ab41c9dce5860670b6f3a7399c16"}
,"H:\\source\\repos\\Shortpoet\\Shortpoet\\VueClient\\src\\utils\\recase.js": {"path":"H:\\source\\repos\\Shortpoet\\Shortpoet\\VueClient\\src\\utils\\recase.js","statementMap":{"0":{"start":{"line":1,"column":15},"end":{"line":7,"column":1}},"1":{"start":{"line":3,"column":14},"end":{"line":3,"column":41}},"2":{"start":{"line":4,"column":20},"end":{"line":4,"column":25}},"3":{"start":{"line":5,"column":23},"end":{"line":5,"column":104}},"4":{"start":{"line":5,"column":88},"end":{"line":5,"column":103}},"5":{"start":{"line":6,"column":2},"end":{"line":6,"column":23}}},"fnMap":{"0":{"name":"(anonymous_0)","decl":{"start":{"line":1,"column":15},"end":{"line":1,"column":16}},"loc":{"start":{"line":1,"column":26},"end":{"line":7,"column":1}},"line":1},"1":{"name":"(anonymous_1)","decl":{"start":{"line":5,"column":83},"end":{"line":5,"column":84}},"loc":{"start":{"line":5,"column":88},"end":{"line":5,"column":103}},"line":5}},"branchMap":{},"s":{"0":4,"1":28,"2":28,"3":28,"4":28,"5":28},"f":{"0":28,"1":28},"b":{},"_coverageSchema":"1a1c01bbd47fc00a2c39e90264f33305004495a9","hash":"5f604c29c7eeef1e18501052bea721dee1765f29"}
,"H:\\source\\repos\\Shortpoet\\Shortpoet\\VueClient\\src\\utils\\myTest\\index.js": {"path":"H:\\source\\repos\\Shortpoet\\Shortpoet\\VueClient\\src\\utils\\myTest\\index.js","statementMap":{},"fnMap":{},"branchMap":{},"s":{},"f":{},"b":{},"_coverageSchema":"1a1c01bbd47fc00a2c39e90264f33305004495a9","hash":"20646078976e4a33d9ec5c9f53a13e3e3f0e2281"}
,"H:\\source\\repos\\Shortpoet\\Shortpoet\\VueClient\\src\\utils\\myTest\\test.utils.createWrapper.js": {"path":"H:\\source\\repos\\Shortpoet\\Shortpoet\\VueClient\\src\\utils\\myTest\\test.utils.createWrapper.js","statementMap":{"0":{"start":{"line":10,"column":30},"end":{"line":28,"column":1}},"1":{"start":{"line":19,"column":21},"end":{"line":19,"column":37}},"2":{"start":{"line":21,"column":4},"end":{"line":21,"column":22}},"3":{"start":{"line":22,"column":4},"end":{"line":22,"column":27}},"4":{"start":{"line":23,"column":28},"end":{"line":23,"column":96}},"5":{"start":{"line":24,"column":24},"end":{"line":24,"column":85}},"6":{"start":{"line":25,"column":18},"end":{"line":25,"column":45}},"7":{"start":{"line":27,"column":4},"end":{"line":27,"column":130}}},"fnMap":{"0":{"name":"(anonymous_0)","decl":{"start":{"line":10,"column":30},"end":{"line":10,"column":31}},"loc":{"start":{"line":18,"column":7},"end":{"line":28,"column":1}},"line":18}},"branchMap":{"0":{"loc":{"start":{"line":16,"column":2},"end":{"line":16,"column":25}},"type":"default-arg","locations":[{"start":{"line":16,"column":23},"end":{"line":16,"column":25}}],"line":16},"1":{"loc":{"start":{"line":17,"column":2},"end":{"line":17,"column":19}},"type":"default-arg","locations":[{"start":{"line":17,"column":14},"end":{"line":17,"column":19}}],"line":17},"2":{"loc":{"start":{"line":27,"column":11},"end":{"line":27,"column":130}},"type":"cond-expr","locations":[{"start":{"line":27,"column":22},"end":{"line":27,"column":78}},{"start":{"line":27,"column":81},"end":{"line":27,"column":130}}],"line":27}},"s":{"0":16,"1":53,"2":53,"3":53,"4":53,"5":53,"6":53,"7":53},"f":{"0":53},"b":{"0":[48],"1":[49],"2":[2,51]},"_coverageSchema":"1a1c01bbd47fc00a2c39e90264f33305004495a9","hash":"9770a9c5a3877d87dcc61eeef276ed9cd4ee0cd4"}
,"H:\\source\\repos\\Shortpoet\\Shortpoet\\VueClient\\src\\utils\\myTest\\test.utils.factory.js": {"path":"H:\\source\\repos\\Shortpoet\\Shortpoet\\VueClient\\src\\utils\\myTest\\test.utils.factory.js","statementMap":{"0":{"start":{"line":3,"column":23},"end":{"line":31,"column":3}},"1":{"start":{"line":30,"column":4},"end":{"line":30,"column":36}},"2":{"start":{"line":33,"column":0},"end":{"line":33,"column":24}}},"fnMap":{"0":{"name":"(anonymous_0)","decl":{"start":{"line":3,"column":23},"end":{"line":3,"column":24}},"loc":{"start":{"line":25,"column":8},"end":{"line":31,"column":3}},"line":25}},"branchMap":{},"s":{"0":17,"1":48,"2":17},"f":{"0":48},"b":{},"_coverageSchema":"1a1c01bbd47fc00a2c39e90264f33305004495a9","hash":"0b2f9f4c937e56441947ebe03266ac093ac6a04b"}
,"H:\\source\\repos\\Shortpoet\\Shortpoet\\VueClient\\src\\utils\\myTest\\test.utils.factoryShallow.js": {"path":"H:\\source\\repos\\Shortpoet\\Shortpoet\\VueClient\\src\\utils\\myTest\\test.utils.factoryShallow.js","statementMap":{"0":{"start":{"line":3,"column":30},"end":{"line":25,"column":3}},"1":{"start":{"line":24,"column":4},"end":{"line":24,"column":43}},"2":{"start":{"line":27,"column":0},"end":{"line":27,"column":31}}},"fnMap":{"0":{"name":"(anonymous_0)","decl":{"start":{"line":3,"column":30},"end":{"line":3,"column":31}},"loc":{"start":{"line":23,"column":8},"end":{"line":25,"column":3}},"line":23}},"branchMap":{},"s":{"0":17,"1":1,"2":17},"f":{"0":1},"b":{},"_coverageSchema":"1a1c01bbd47fc00a2c39e90264f33305004495a9","hash":"0441092e3b300ae484d905eaad211c2cf7c39417"}
,"H:\\source\\repos\\Shortpoet\\Shortpoet\\VueClient\\src\\utils\\myTest\\test.utils.propFinder.js": {"path":"H:\\source\\repos\\Shortpoet\\Shortpoet\\VueClient\\src\\utils\\myTest\\test.utils.propFinder.js","statementMap":{"0":{"start":{"line":3,"column":26},"end":{"line":9,"column":1}},"1":{"start":{"line":4,"column":2},"end":{"line":8,"column":3}},"2":{"start":{"line":11,"column":0},"end":{"line":11,"column":27}}},"fnMap":{"0":{"name":"(anonymous_0)","decl":{"start":{"line":3,"column":26},"end":{"line":3,"column":27}},"loc":{"start":{"line":3,"column":36},"end":{"line":9,"column":1}},"line":3}},"branchMap":{},"s":{"0":15,"1":1,"2":15},"f":{"0":1},"b":{},"_coverageSchema":"1a1c01bbd47fc00a2c39e90264f33305004495a9","hash":"93a9383d076cb8af09db5fb0882cd23b05e0d166"}
,"H:\\source\\repos\\Shortpoet\\Shortpoet\\VueClient\\src\\utils\\myTest\\test.utils.propMocker.js": {"path":"H:\\source\\repos\\Shortpoet\\Shortpoet\\VueClient\\src\\utils\\myTest\\test.utils.propMocker.js","statementMap":{"0":{"start":{"line":1,"column":26},"end":{"line":7,"column":1}},"1":{"start":{"line":2,"column":2},"end":{"line":6,"column":3}}},"fnMap":{"0":{"name":"(anonymous_0)","decl":{"start":{"line":1,"column":26},"end":{"line":1,"column":27}},"loc":{"start":{"line":1,"column":36},"end":{"line":7,"column":1}},"line":1}},"branchMap":{},"s":{"0":15,"1":27},"f":{"0":27},"b":{},"_coverageSchema":"1a1c01bbd47fc00a2c39e90264f33305004495a9","hash":"116c1db7ddd3c53362e1bb0844ae14429ccc64da"}
,"H:\\source\\repos\\Shortpoet\\Shortpoet\\VueClient\\src\\utils\\myTest\\test.utils.propsFinder.js": {"path":"H:\\source\\repos\\Shortpoet\\Shortpoet\\VueClient\\src\\utils\\myTest\\test.utils.propsFinder.js","statementMap":{"0":{"start":{"line":3,"column":27},"end":{"line":12,"column":1}},"1":{"start":{"line":4,"column":18},"end":{"line":4,"column":20}},"2":{"start":{"line":5,"column":2},"end":{"line":7,"column":4}},"3":{"start":{"line":6,"column":4},"end":{"line":6,"column":48}},"4":{"start":{"line":9,"column":2},"end":{"line":11,"column":3}},"5":{"start":{"line":14,"column":0},"end":{"line":14,"column":28}}},"fnMap":{"0":{"name":"(anonymous_0)","decl":{"start":{"line":3,"column":27},"end":{"line":3,"column":28}},"loc":{"start":{"line":3,"column":38},"end":{"line":12,"column":1}},"line":3},"1":{"name":"(anonymous_1)","decl":{"start":{"line":5,"column":12},"end":{"line":5,"column":13}},"loc":{"start":{"line":5,"column":20},"end":{"line":7,"column":3}},"line":5}},"branchMap":{},"s":{"0":15,"1":4,"2":4,"3":6,"4":4,"5":15},"f":{"0":4,"1":6},"b":{},"_coverageSchema":"1a1c01bbd47fc00a2c39e90264f33305004495a9","hash":"cbcc25ae9841bfa23f56db6e14654cfcc50f99a3"}
,"H:\\source\\repos\\Shortpoet\\Shortpoet\\VueClient\\src\\utils\\myTest\\test.utils.propsMocker.js": {"path":"H:\\source\\repos\\Shortpoet\\Shortpoet\\VueClient\\src\\utils\\myTest\\test.utils.propsMocker.js","statementMap":{"0":{"start":{"line":1,"column":27},"end":{"line":30,"column":1}},"1":{"start":{"line":2,"column":2},"end":{"line":29,"column":3}},"2":{"start":{"line":3,"column":20},"end":{"line":3,"column":22}},"3":{"start":{"line":4,"column":4},"end":{"line":6,"column":6}},"4":{"start":{"line":5,"column":6},"end":{"line":5,"column":45}},"5":{"start":{"line":7,"column":4},"end":{"line":9,"column":5}},"6":{"start":{"line":10,"column":9},"end":{"line":29,"column":3}},"7":{"start":{"line":11,"column":20},"end":{"line":11,"column":22}},"8":{"start":{"line":12,"column":16},"end":{"line":12,"column":37}},"9":{"start":{"line":14,"column":17},"end":{"line":14,"column":37}},"10":{"start":{"line":15,"column":19},"end":{"line":15,"column":52}},"11":{"start":{"line":16,"column":21},"end":{"line":16,"column":46}},"12":{"start":{"line":17,"column":4},"end":{"line":17,"column":28}},"13":{"start":{"line":19,"column":4},"end":{"line":25,"column":5}},"14":{"start":{"line":20,"column":6},"end":{"line":20,"column":18}},"15":{"start":{"line":21,"column":6},"end":{"line":23,"column":8}},"16":{"start":{"line":22,"column":8},"end":{"line":22,"column":45}},"17":{"start":{"line":24,"column":6},"end":{"line":24,"column":39}},"18":{"start":{"line":26,"column":4},"end":{"line":28,"column":5}},"19":{"start":{"line":32,"column":0},"end":{"line":32,"column":28}}},"fnMap":{"0":{"name":"(anonymous_0)","decl":{"start":{"line":1,"column":27},"end":{"line":1,"column":28}},"loc":{"start":{"line":1,"column":38},"end":{"line":30,"column":1}},"line":1},"1":{"name":"(anonymous_1)","decl":{"start":{"line":4,"column":14},"end":{"line":4,"column":15}},"loc":{"start":{"line":4,"column":22},"end":{"line":6,"column":5}},"line":4},"2":{"name":"(anonymous_2)","decl":{"start":{"line":21,"column":17},"end":{"line":21,"column":18}},"loc":{"start":{"line":21,"column":25},"end":{"line":23,"column":7}},"line":21}},"branchMap":{"0":{"loc":{"start":{"line":2,"column":2},"end":{"line":29,"column":3}},"type":"if","locations":[{"start":{"line":2,"column":2},"end":{"line":29,"column":3}},{"start":{"line":2,"column":2},"end":{"line":29,"column":3}}],"line":2},"1":{"loc":{"start":{"line":10,"column":9},"end":{"line":29,"column":3}},"type":"if","locations":[{"start":{"line":10,"column":9},"end":{"line":29,"column":3}},{"start":{"line":10,"column":9},"end":{"line":29,"column":3}}],"line":10}},"s":{"0":15,"1":38,"2":27,"3":27,"4":114,"5":27,"6":11,"7":11,"8":11,"9":11,"10":11,"11":11,"12":11,"13":11,"14":33,"15":33,"16":132,"17":33,"18":11,"19":15},"f":{"0":38,"1":114,"2":132},"b":{"0":[27,11],"1":[11,0]},"_coverageSchema":"1a1c01bbd47fc00a2c39e90264f33305004495a9","hash":"b1db9218882923f34bf3cef913a603931144960a"}
,"H:\\source\\repos\\Shortpoet\\Shortpoet\\VueClient\\src\\utils\\myTest\\test.utils.textMatcher.js": {"path":"H:\\source\\repos\\Shortpoet\\Shortpoet\\VueClient\\src\\utils\\myTest\\test.utils.textMatcher.js","statementMap":{"0":{"start":{"line":7,"column":27},"end":{"line":16,"column":1}},"1":{"start":{"line":9,"column":2},"end":{"line":15,"column":3}},"2":{"start":{"line":10,"column":4},"end":{"line":10,"column":58}},"3":{"start":{"line":11,"column":4},"end":{"line":11,"column":98}},"4":{"start":{"line":13,"column":4},"end":{"line":13,"column":58}},"5":{"start":{"line":14,"column":4},"end":{"line":14,"column":98}},"6":{"start":{"line":18,"column":0},"end":{"line":18,"column":28}}},"fnMap":{"0":{"name":"(anonymous_0)","decl":{"start":{"line":7,"column":27},"end":{"line":7,"column":28}},"loc":{"start":{"line":7,"column":97},"end":{"line":16,"column":1}},"line":7}},"branchMap":{"0":{"loc":{"start":{"line":7,"column":62},"end":{"line":7,"column":73}},"type":"default-arg","locations":[{"start":{"line":7,"column":69},"end":{"line":7,"column":73}}],"line":7},"1":{"loc":{"start":{"line":7,"column":75},"end":{"line":7,"column":92}},"type":"default-arg","locations":[{"start":{"line":7,"column":87},"end":{"line":7,"column":92}}],"line":7},"2":{"loc":{"start":{"line":9,"column":2},"end":{"line":15,"column":3}},"type":"if","locations":[{"start":{"line":9,"column":2},"end":{"line":15,"column":3}},{"start":{"line":9,"column":2},"end":{"line":15,"column":3}}],"line":9}},"s":{"0":15,"1":24,"2":24,"3":24,"4":0,"5":0,"6":15},"f":{"0":24},"b":{"0":[24],"1":[24],"2":[24,0]},"_coverageSchema":"1a1c01bbd47fc00a2c39e90264f33305004495a9","hash":"8135400a73bff74a6210eb7b61e89014e344ae1f"}
,"H:\\source\\repos\\Shortpoet\\Shortpoet\\VueClient\\src\\utils\\myTest\\test.utils.textMatcherFactory.js": {"path":"H:\\source\\repos\\Shortpoet\\Shortpoet\\VueClient\\src\\utils\\myTest\\test.utils.textMatcherFactory.js","statementMap":{"0":{"start":{"line":3,"column":34},"end":{"line":10,"column":1}},"1":{"start":{"line":4,"column":16},"end":{"line":4,"column":42}},"2":{"start":{"line":4,"column":35},"end":{"line":4,"column":41}},"3":{"start":{"line":5,"column":2},"end":{"line":9,"column":4}},"4":{"start":{"line":6,"column":4},"end":{"line":8,"column":6}},"5":{"start":{"line":7,"column":6},"end":{"line":7,"column":61}},"6":{"start":{"line":12,"column":0},"end":{"line":12,"column":35}}},"fnMap":{"0":{"name":"(anonymous_0)","decl":{"start":{"line":3,"column":34},"end":{"line":3,"column":35}},"loc":{"start":{"line":3,"column":60},"end":{"line":10,"column":1}},"line":3},"1":{"name":"(anonymous_1)","decl":{"start":{"line":4,"column":30},"end":{"line":4,"column":31}},"loc":{"start":{"line":4,"column":35},"end":{"line":4,"column":41}},"line":4},"2":{"name":"(anonymous_2)","decl":{"start":{"line":5,"column":20},"end":{"line":5,"column":21}},"loc":{"start":{"line":5,"column":28},"end":{"line":9,"column":3}},"line":5},"3":{"name":"(anonymous_3)","decl":{"start":{"line":6,"column":76},"end":{"line":6,"column":77}},"loc":{"start":{"line":6,"column":82},"end":{"line":8,"column":5}},"line":6}},"branchMap":{},"s":{"0":15,"1":2,"2":12,"3":2,"4":12,"5":12,"6":15},"f":{"0":2,"1":12,"2":12,"3":12},"b":{},"_coverageSchema":"1a1c01bbd47fc00a2c39e90264f33305004495a9","hash":"8c6d87b0c514fcf5e411268883537b82b194a779"}
,"H:\\source\\repos\\Shortpoet\\Shortpoet\\VueClient\\src\\views\\Start.vue": {"path":"H:\\source\\repos\\Shortpoet\\Shortpoet\\VueClient\\src\\views\\Start.vue","statementMap":{"0":{"start":{"line":42,"column":0},"end":{"line":42,"column":null}},"1":{"start":{"line":43,"column":0},"end":{"line":43,"column":null}},"2":{"start":{"line":44,"column":0},"end":{"line":44,"column":null}},"3":{"start":{"line":45,"column":0},"end":{"line":45,"column":null}},"4":{"start":{"line":46,"column":0},"end":{"line":46,"column":null}},"5":{"start":{"line":47,"column":0},"end":{"line":47,"column":null}},"6":{"start":{"line":48,"column":0},"end":{"line":48,"column":null}},"7":{"start":{"line":49,"column":0},"end":{"line":49,"column":null}},"8":{"start":{"line":50,"column":0},"end":{"line":50,"column":null}},"9":{"start":{"line":51,"column":0},"end":{"line":51,"column":null}},"10":{"start":{"line":52,"column":0},"end":{"line":52,"column":null}},"11":{"start":{"line":69,"column":0},"end":{"line":69,"column":null}},"12":{"start":{"line":79,"column":0},"end":{"line":83,"column":null}},"13":{"start":{"line":80,"column":0},"end":{"line":80,"column":null}},"14":{"start":{"line":82,"column":0},"end":{"line":82,"column":null}},"15":{"start":{"line":88,"column":0},"end":{"line":113,"column":null}},"16":{"start":{"line":91,"column":0},"end":{"line":102,"column":null}},"17":{"start":{"line":92,"column":0},"end":{"line":101,"column":null}},"18":{"start":{"line":93,"column":0},"end":{"line":93,"column":null}},"19":{"start":{"line":94,"column":0},"end":{"line":94,"column":null}},"20":{"start":{"line":95,"column":0},"end":{"line":100,"column":null}},"21":{"start":{"line":96,"column":0},"end":{"line":96,"column":null}},"22":{"start":{"line":99,"column":0},"end":{"line":99,"column":null}},"23":{"start":{"line":104,"column":0},"end":{"line":106,"column":null}},"24":{"start":{"line":105,"column":0},"end":{"line":105,"column":null}},"25":{"start":{"line":108,"column":0},"end":{"line":108,"column":null}},"26":{"start":{"line":111,"column":0},"end":{"line":111,"column":null}}},"fnMap":{"0":{"name":"(anonymous_1)","decl":{"start":{"line":68,"column":0},"end":{"line":68,"column":null}},"loc":{"start":{"line":68,"column":0},"end":{"line":72,"column":null}}},"1":{"name":"(anonymous_2)","decl":{"start":{"line":78,"column":0},"end":{"line":78,"column":null}},"loc":{"start":{"line":78,"column":0},"end":{"line":84,"column":null}}},"2":{"name":"(anonymous_3)","decl":{"start":{"line":86,"column":0},"end":{"line":86,"column":null}},"loc":{"start":{"line":86,"column":0},"end":{"line":114,"column":null}}},"3":{"name":"(anonymous_4)","decl":{"start":{"line":88,"column":0},"end":{"line":88,"column":null}},"loc":{"start":{"line":88,"column":0},"end":{"line":113,"column":null}}},"4":{"name":"(anonymous_5)","decl":{"start":{"line":91,"column":0},"end":{"line":91,"column":null}},"loc":{"start":{"line":91,"column":0},"end":{"line":102,"column":null}}},"5":{"name":"(anonymous_6)","decl":{"start":{"line":104,"column":0},"end":{"line":104,"column":null}},"loc":{"start":{"line":104,"column":0},"end":{"line":106,"column":null}}}},"branchMap":{"0":{"loc":{"start":{"line":79,"column":0},"end":{"line":83,"column":null}},"type":"if","locations":[{"start":{"line":79,"column":0},"end":{"line":83,"column":null}},{"start":{"line":79,"column":0},"end":{"line":83,"column":null}}]},"1":{"loc":{"start":{"line":92,"column":0},"end":{"line":101,"column":null}},"type":"if","locations":[{"start":{"line":92,"column":0},"end":{"line":101,"column":null}},{"start":{"line":92,"column":0},"end":{"line":101,"column":null}}]},"2":{"loc":{"start":{"line":92,"column":0},"end":{"line":92,"column":null}},"type":"binary-expr","locations":[{"start":{"line":92,"column":0},"end":{"line":92,"column":null}},{"start":{"line":92,"column":0},"end":{"line":92,"column":null}}]},"3":{"loc":{"start":{"line":94,"column":0},"end":{"line":94,"column":null}},"type":"cond-expr","locations":[{"start":{"line":94,"column":0},"end":{"line":94,"column":null}},{"start":{"line":94,"column":0},"end":{"line":94,"column":null}}]},"4":{"loc":{"start":{"line":95,"column":0},"end":{"line":100,"column":null}},"type":"if","locations":[{"start":{"line":95,"column":0},"end":{"line":100,"column":null}},{"start":{"line":95,"column":0},"end":{"line":100,"column":null}}]}},"s":{"0":2,"1":2,"2":2,"3":2,"4":2,"5":2,"6":2,"7":2,"8":2,"9":2,"10":2,"11":1,"12":0,"13":0,"14":0,"15":1,"16":1,"17":0,"18":0,"19":0,"20":0,"21":0,"22":0,"23":1,"24":0,"25":1,"26":1},"f":{"0":1,"1":0,"2":1,"3":1,"4":0,"5":0},"b":{"0":[0,0],"1":[0,0],"2":[0,0],"3":[0,0],"4":[0,0]}}
}
