TN:
SF:src\___check\chalk.js
FNF:0
FNH:0
DA:1,0
DA:3,0
DA:9,0
LF:3
LH:0
BRF:0
BRH:0
end_of_record
TN:
SF:src\assets\icons.js
FNF:0
FNH:0
LF:0
LH:0
BRF:0
BRH:0
end_of_record
TN:
SF:src\assets\resume.js
FNF:0
FNH:0
LF:0
LH:0
BRF:0
BRH:0
end_of_record
TN:
SF:src\components\Resume\PDF\PDFAbout.vue
FN:86,(anonymous_1)
FN:120,(anonymous_2)
FNF:2
FNH:2
FNDA:15,(anonymous_1)
FNDA:15,(anonymous_2)
DA:54,3
DA:87,15
LF:2
LH:2
BRF:0
BRH:0
end_of_record
TN:
SF:src\components\Resume\PDF\PDFAwards.vue
FN:37,(anonymous_1)
FN:43,(anonymous_2)
FN:49,(anonymous_3)
FN:55,(anonymous_4)
FN:63,(anonymous_5)
FN:67,(anonymous_6)
FNF:6
FNH:6
FNDA:10,(anonymous_1)
FNDA:10,(anonymous_2)
FNDA:10,(anonymous_3)
FNDA:10,(anonymous_4)
FNDA:40,(anonymous_5)
FNDA:10,(anonymous_6)
DA:24,3
DA:38,10
DA:44,10
DA:50,10
DA:56,10
DA:64,40
LF:6
LH:6
BRDA:38,0,0,3
BRDA:38,0,1,7
BRDA:44,1,0,3
BRDA:44,1,1,7
BRDA:50,2,0,3
BRDA:50,2,1,7
BRDA:56,3,0,3
BRDA:56,3,1,7
BRF:8
BRH:8
end_of_record
TN:
SF:src\components\Resume\PDF\PDFBorder.vue
FN:25,(anonymous_1)
FNF:1
FNH:1
FNDA:210,(anonymous_1)
DA:26,210
DA:27,210
DA:28,210
DA:29,1
DA:35,209
LF:5
LH:5
BRDA:28,0,0,1
BRDA:28,0,1,209
BRF:2
BRH:2
end_of_record
TN:
SF:src\components\Resume\PDF\PDFButtonFloat.vue
FN:76,(anonymous_1)
FN:92,(anonymous_2)
FN:95,(anonymous_3)
FN:101,(anonymous_4)
FN:106,(anonymous_5)
FN:109,(anonymous_6)
FN:120,(anonymous_7)
FN:125,(anonymous_8)
FN:129,(anonymous_9)
FN:131,(anonymous_10)
FN:141,(anonymous_11)
FN:143,(anonymous_12)
FN:160,(anonymous_13)
FN:184,(anonymous_14)
FN:196,(anonymous_15)
FN:201,(anonymous_16)
FN:232,(anonymous_17)
FN:238,(anonymous_18)
FN:251,(anonymous_19)
FN:265,(anonymous_20)
FNF:20
FNH:12
FNDA:10,(anonymous_1)
FNDA:10,(anonymous_2)
FNDA:10,(anonymous_3)
FNDA:10,(anonymous_4)
FNDA:1,(anonymous_5)
FNDA:1,(anonymous_6)
FNDA:1,(anonymous_7)
FNDA:1,(anonymous_8)
FNDA:0,(anonymous_9)
FNDA:3,(anonymous_10)
FNDA:0,(anonymous_11)
FNDA:0,(anonymous_12)
FNDA:2,(anonymous_13)
FNDA:1,(anonymous_14)
FNDA:0,(anonymous_15)
FNDA:0,(anonymous_16)
FNDA:0,(anonymous_17)
FNDA:0,(anonymous_18)
FNDA:0,(anonymous_19)
FNDA:10,(anonymous_20)
DA:44,2
DA:45,2
DA:48,2
DA:52,2
DA:54,2
DA:77,10
DA:93,10
DA:96,10
DA:102,10
DA:107,1
DA:110,1
DA:121,1
DA:122,1
DA:124,1
DA:125,1
DA:126,1
DA:129,0
DA:132,3
DA:133,3
DA:134,3
DA:135,3
DA:136,3
DA:139,3
DA:141,0
DA:144,0
DA:161,2
DA:163,2
DA:164,2
DA:167,2
DA:168,2
DA:169,2
DA:171,2
DA:172,2
DA:173,2
DA:174,2
DA:176,2
DA:185,1
DA:186,1
DA:187,1
DA:188,1
DA:189,1
DA:190,1
DA:193,0
DA:197,0
DA:198,0
DA:199,0
DA:200,0
DA:201,0
DA:202,0
DA:203,0
DA:204,0
DA:209,0
DA:210,0
DA:211,0
DA:212,0
DA:213,0
DA:214,0
DA:220,0
DA:223,0
DA:233,0
DA:234,0
DA:235,0
DA:236,0
DA:237,0
DA:238,0
DA:239,0
DA:245,0
DA:246,0
DA:247,0
DA:248,0
DA:252,0
DA:253,0
DA:254,0
DA:255,0
DA:256,0
DA:257,0
DA:258,0
DA:259,0
DA:260,0
DA:261,0
DA:262,0
LF:81
LH:39
BRDA:169,0,0,0
BRDA:169,0,1,2
BRF:2
BRH:1
end_of_record
TN:
SF:src\components\Resume\PDF\PDFDevIcon.vue
FN:28,(anonymous_1)
FN:33,(anonymous_2)
FN:36,(anonymous_3)
FN:54,(anonymous_4)
FNF:4
FNH:4
FNDA:382,(anonymous_1)
FNDA:382,(anonymous_2)
FNDA:60,(anonymous_3)
FNDA:382,(anonymous_4)
DA:29,382
DA:34,382
DA:37,60
DA:38,60
DA:40,20
DA:41,20
DA:43,20
DA:44,20
DA:46,20
DA:47,20
DA:49,60
LF:11
LH:11
BRDA:39,0,0,20
BRDA:39,0,1,20
BRDA:39,0,2,20
BRF:3
BRH:3
end_of_record
TN:
SF:src\components\Resume\PDF\PDFEducation.vue
FN:39,(anonymous_1)
FNF:1
FNH:1
FNDA:14,(anonymous_1)
DA:40,14
LF:1
LH:1
BRDA:40,0,0,3
BRDA:40,0,1,11
BRF:2
BRH:2
end_of_record
TN:
SF:src\components\Resume\PDF\PDFExperience.vue
FN:47,(anonymous_1)
FN:53,(anonymous_2)
FNF:2
FNH:2
FNDA:10,(anonymous_1)
FNDA:10,(anonymous_2)
DA:48,10
DA:54,10
LF:2
LH:2
BRDA:48,0,0,3
BRDA:48,0,1,7
BRDA:54,1,0,3
BRDA:54,1,1,7
BRF:4
BRH:4
end_of_record
TN:
SF:src\components\Resume\PDF\PDFModal.vue
FN:7,(anonymous_1)
FN:10,(anonymous_2)
FN:13,(anonymous_3)
FNF:3
FNH:3
FNDA:4,(anonymous_1)
FNDA:1,(anonymous_2)
FNDA:1,(anonymous_3)
DA:8,4
DA:11,1
DA:14,1
LF:3
LH:3
BRF:0
BRH:0
end_of_record
TN:
SF:src\components\Resume\PDF\PDFObjective.vue
FN:42,(anonymous_1)
FN:48,(anonymous_2)
FNF:2
FNH:2
FNDA:9,(anonymous_1)
FNDA:10,(anonymous_2)
DA:43,9
DA:49,10
LF:2
LH:2
BRDA:49,0,0,3
BRDA:49,0,1,7
BRF:2
BRH:2
end_of_record
TN:
SF:src\components\Resume\PDF\PDFSkills.vue
FN:66,(anonymous_1)
FN:76,(anonymous_2)
FN:79,(anonymous_3)
FN:80,(anonymous_4)
FN:81,(anonymous_5)
FN:82,(anonymous_6)
FN:86,(anonymous_7)
FNF:7
FNH:7
FNDA:7,(anonymous_1)
FNDA:63,(anonymous_2)
FNDA:63,(anonymous_3)
FNDA:567,(anonymous_4)
FNDA:140,(anonymous_5)
FNDA:3080,(anonymous_6)
FNDA:7,(anonymous_7)
DA:51,3
DA:52,3
DA:53,3
DA:67,7
DA:77,63
DA:80,630
DA:81,63
DA:82,3220
LF:8
LH:8
BRF:0
BRH:0
end_of_record
TN:
SF:src\components\Resume\PDF\PDFSkillsRender.vue
FN:67,(anonymous_1)
FN:78,(anonymous_2)
FN:81,(anonymous_3)
FN:82,(anonymous_4)
FN:83,(anonymous_5)
FN:84,(anonymous_6)
FN:87,(anonymous_7)
FN:99,(anonymous_8)
FN:108,(anonymous_9)
FNF:9
FNH:9
FNDA:9,(anonymous_1)
FNDA:81,(anonymous_2)
FNDA:81,(anonymous_3)
FNDA:729,(anonymous_4)
FNDA:180,(anonymous_5)
FNDA:3960,(anonymous_6)
FNDA:9,(anonymous_7)
FNDA:81,(anonymous_8)
FNDA:9,(anonymous_9)
DA:52,3
DA:53,3
DA:54,3
DA:68,9
DA:79,81
DA:82,810
DA:83,81
DA:84,4140
DA:90,9
DA:92,9
DA:93,2
DA:94,2
DA:96,7
DA:100,81
DA:101,9
DA:102,72
DA:103,9
DA:105,81
DA:109,9
LF:19
LH:19
BRDA:92,0,0,2
BRDA:92,0,1,7
BRDA:92,1,0,9
BRDA:92,1,1,7
BRDA:100,2,0,9
BRDA:100,2,1,72
BRDA:102,3,0,9
BRDA:102,3,1,63
BRF:8
BRH:8
end_of_record
TN:
SF:src\components\Resume\PDF\PDFSocials.vue
FN:34,(anonymous_1)
FN:71,(anonymous_2)
FN:77,(anonymous_3)
FNF:3
FNH:3
FNDA:15,(anonymous_1)
FNDA:16,(anonymous_2)
FNDA:16,(anonymous_3)
DA:35,15
DA:72,16
DA:78,16
LF:3
LH:3
BRDA:72,0,0,3
BRDA:72,0,1,13
BRDA:78,1,0,3
BRDA:78,1,1,13
BRF:4
BRH:4
end_of_record
TN:
SF:src\components\Resume\Start\StartAbout.vue
FN:55,(anonymous_1)
FNF:1
FNH:1
FNDA:17,(anonymous_1)
DA:56,17
LF:1
LH:1
BRF:0
BRH:0
end_of_record
TN:
SF:src\components\Resume\Start\StartAwards.vue
FN:32,(anonymous_1)
FNF:1
FNH:1
FNDA:44,(anonymous_1)
DA:23,3
DA:33,44
LF:2
LH:2
BRF:0
BRH:0
end_of_record
TN:
SF:src\components\Resume\Start\StartButtonFloat.vue
FN:65,(anonymous_1)
FN:85,(anonymous_2)
FN:88,(anonymous_3)
FN:94,(anonymous_4)
FN:97,(anonymous_5)
FN:102,(anonymous_6)
FN:105,(anonymous_7)
FN:110,(anonymous_8)
FN:117,(anonymous_9)
FN:118,(anonymous_10)
FN:119,(anonymous_11)
FN:122,(anonymous_12)
FN:123,(anonymous_13)
FN:126,(anonymous_14)
FN:129,(anonymous_15)
FNF:15
FNH:15
FNDA:12,(anonymous_1)
FNDA:12,(anonymous_2)
FNDA:12,(anonymous_3)
FNDA:20,(anonymous_4)
FNDA:20,(anonymous_5)
FNDA:1,(anonymous_6)
FNDA:1,(anonymous_7)
FNDA:3,(anonymous_8)
FNDA:10,(anonymous_9)
FNDA:2,(anonymous_10)
FNDA:10,(anonymous_11)
FNDA:3,(anonymous_12)
FNDA:15,(anonymous_13)
FNDA:12,(anonymous_14)
FNDA:4,(anonymous_15)
DA:66,12
DA:86,12
DA:89,12
DA:95,20
DA:98,20
DA:103,1
DA:106,1
DA:107,1
DA:111,3
DA:112,3
DA:113,2
DA:118,10
DA:119,12
DA:123,18
DA:127,12
DA:130,4
LF:16
LH:16
BRDA:95,0,0,5
BRDA:95,0,1,15
BRDA:98,1,0,5
BRDA:98,1,1,15
BRDA:106,2,0,1
BRDA:106,2,1,0
BRDA:111,3,0,3
BRDA:111,3,1,0
BRDA:112,4,0,2
BRDA:112,4,1,1
BRF:10
BRH:8
end_of_record
TN:
SF:src\components\Resume\Start\StartDevIcon.vue
FN:28,(anonymous_1)
FN:33,(anonymous_2)
FN:36,(anonymous_3)
FN:55,(anonymous_4)
FNF:4
FNH:4
FNDA:282,(anonymous_1)
FNDA:282,(anonymous_2)
FNDA:60,(anonymous_3)
FNDA:282,(anonymous_4)
DA:29,282
DA:34,282
DA:37,60
DA:39,60
DA:41,20
DA:42,20
DA:44,20
DA:45,20
DA:47,20
DA:48,20
DA:50,60
LF:11
LH:11
BRDA:40,0,0,20
BRDA:40,0,1,20
BRDA:40,0,2,20
BRF:3
BRH:3
end_of_record
TN:
SF:src\components\Resume\Start\StartInterests.vue
FN:23,(anonymous_1)
FNF:1
FNH:1
FNDA:12,(anonymous_1)
DA:24,12
LF:1
LH:1
BRF:0
BRH:0
end_of_record
TN:
SF:src\components\Resume\Start\StartNav.vue
FN:45,(anonymous_1)
FN:52,(anonymous_2)
FNF:2
FNH:2
FNDA:38,(anonymous_1)
FNDA:1,(anonymous_2)
DA:46,38
DA:53,1
DA:58,1
DA:59,1
LF:4
LH:4
BRF:0
BRH:0
end_of_record
TN:
SF:src\components\Resume\Start\StartObjective.vue
FN:29,(anonymous_1)
FNF:1
FNH:1
FNDA:12,(anonymous_1)
DA:30,12
LF:1
LH:1
BRF:0
BRH:0
end_of_record
TN:
SF:src\components\Resume\Start\StartSkills.vue
FN:66,(anonymous_1)
FN:72,(anonymous_2)
FN:76,(anonymous_3)
FNF:3
FNH:3
FNDA:10,(anonymous_1)
FNDA:90,(anonymous_2)
FNDA:10,(anonymous_3)
DA:52,2
DA:53,2
DA:67,10
DA:73,90
LF:4
LH:4
BRF:0
BRH:0
end_of_record
TN:
SF:src\components\Resume\Start\StartSocials.vue
FN:32,(anonymous_1)
FNF:1
FNH:1
FNDA:10,(anonymous_1)
DA:33,10
LF:1
LH:1
BRF:0
BRH:0
end_of_record
TN:
SF:src\components\Utils\PDFAction.vue
FN:20,(anonymous_1)
FN:58,(anonymous_2)
FNF:2
FNH:0
FNDA:0,(anonymous_1)
FNDA:0,(anonymous_2)
DA:5,0
DA:9,0
DA:21,0
LF:3
LH:0
BRF:0
BRH:0
end_of_record
TN:
SF:src\router\index.js
FN:5,(anonymous_0)
FN:7,(anonymous_1)
FN:11,(anonymous_2)
FN:22,(anonymous_3)
FNF:4
FNH:0
FNDA:0,(anonymous_0)
FNDA:0,(anonymous_1)
FNDA:0,(anonymous_2)
FNDA:0,(anonymous_3)
DA:5,0
DA:6,0
DA:8,0
DA:11,0
DA:22,0
DA:23,0
DA:24,0
DA:26,0
DA:27,0
DA:29,0
DA:32,0
DA:34,0
LF:12
LH:0
BRDA:9,0,0,0
BRDA:9,0,1,0
BRDA:23,1,0,0
BRDA:23,1,1,0
BRDA:26,2,0,0
BRDA:26,2,1,0
BRF:6
BRH:0
end_of_record
TN:
SF:src\router\paths.js
FNF:0
FNH:0
DA:7,0
LF:1
LH:0
BRF:0
BRH:0
end_of_record
TN:
SF:src\store\api-endpoints.js
FNF:0
FNH:0
DA:1,32
DA:3,32
DA:9,32
LF:3
LH:3
BRF:0
BRH:0
end_of_record
TN:
SF:src\store\createStore.js
FN:5,(anonymous_0)
FN:15,(anonymous_1)
FNF:2
FNH:1
FNDA:0,(anonymous_0)
FNDA:484,(anonymous_1)
DA:5,26
DA:6,0
DA:15,26
DA:16,484
DA:17,484
DA:18,484
DA:19,484
DA:20,484
DA:22,484
LF:9
LH:8
BRDA:15,0,0,242
BRF:1
BRH:1
end_of_record
TN:
SF:src\store\index.js
FN:22,(anonymous_0)
FN:25,(anonymous_1)
FN:31,(anonymous_2)
FN:32,(anonymous_3)
FN:44,(anonymous_4)
FNF:5
FNH:4
FNDA:17,(anonymous_0)
FNDA:0,(anonymous_1)
FNDA:17,(anonymous_2)
FNDA:19,(anonymous_3)
FNDA:18,(anonymous_4)
DA:13,29
DA:21,29
DA:23,17
DA:26,0
DA:30,29
DA:31,17
DA:33,19
DA:34,1
DA:35,18
DA:36,1
DA:38,17
DA:43,29
DA:45,18
DA:46,18
DA:50,29
LF:15
LH:14
BRDA:33,0,0,1
BRDA:33,0,1,18
BRDA:35,1,0,1
BRDA:35,1,1,17
BRF:4
BRH:4
end_of_record
TN:
SF:src\store\mutation-types.js
FNF:0
FNH:0
DA:5,32
DA:6,32
DA:9,32
DA:10,32
DA:11,32
LF:5
LH:5
BRF:0
BRH:0
end_of_record
TN:
SF:src\store\modules\resume\StoreResume.js
FN:20,(anonymous_0)
FN:21,(anonymous_1)
FN:25,(anonymous_2)
FN:39,(anonymous_3)
FN:40,(anonymous_4)
FN:41,(anonymous_5)
FN:42,(anonymous_6)
FN:43,(anonymous_7)
FN:46,(anonymous_8)
FN:49,(anonymous_9)
FN:55,(anonymous_10)
FN:56,(anonymous_11)
FN:61,(anonymous_12)
FN:76,(anonymous_13)
FNF:14
FNH:14
FNDA:1,(anonymous_0)
FNDA:2,(anonymous_1)
FNDA:1,(anonymous_2)
FNDA:1,(anonymous_3)
FNDA:4,(anonymous_4)
FNDA:1,(anonymous_5)
FNDA:1,(anonymous_6)
FNDA:1,(anonymous_7)
FNDA:4,(anonymous_8)
FNDA:16,(anonymous_9)
FNDA:1,(anonymous_10)
FNDA:17,(anonymous_11)
FNDA:18,(anonymous_12)
FNDA:1,(anonymous_13)
DA:14,32
DA:19,32
DA:20,1
DA:21,2
DA:24,32
DA:27,1
DA:28,1
DA:39,1
DA:40,4
DA:41,1
DA:42,1
DA:43,1
DA:46,1
DA:47,4
DA:49,16
DA:53,1
DA:55,1
DA:56,17
DA:60,32
DA:62,18
DA:63,18
DA:64,18
DA:65,18
DA:67,17
DA:68,17
DA:69,17
DA:72,1
DA:73,1
DA:77,1
DA:78,1
DA:79,1
LF:31
LH:31
BRF:0
BRH:0
end_of_record
TN:
SF:src\store\modules\resume\createStoreResume.js
FN:3,(anonymous_0)
FNF:1
FNH:1
FNDA:29,(anonymous_0)
DA:3,29
DA:4,29
LF:2
LH:2
BRF:0
BRH:0
end_of_record
TN:
SF:src\utils\colorLog.js
FN:3,(anonymous_0)
FN:5,(anonymous_1)
FNF:2
FNH:2
FNDA:4,(anonymous_0)
FNDA:3,(anonymous_1)
DA:1,29
DA:3,29
DA:5,29
DA:6,3
DA:7,3
DA:8,1
DA:10,2
LF:7
LH:7
BRDA:6,0,0,3
BRDA:6,0,1,1
BRDA:7,1,0,1
BRDA:7,1,1,2
BRF:4
BRH:4
end_of_record
TN:
SF:src\utils\recase.js
FN:1,(anonymous_0)
FN:5,(anonymous_1)
FNF:2
FNH:2
FNDA:92,(anonymous_0)
FNDA:92,(anonymous_1)
DA:1,6
DA:3,92
DA:4,92
DA:5,92
DA:6,92
LF:5
LH:5
BRF:0
BRH:0
end_of_record
TN:
SF:src\utils\toPDF.js
FNF:0
FNH:0
LF:0
LH:0
BRF:0
BRH:0
end_of_record
TN:
SF:src\utils\myTest\index.js
FNF:0
FNH:0
LF:0
LH:0
BRF:0
BRH:0
end_of_record
TN:
SF:src\utils\myTest\test.utils.createWrapper.js
FN:12,(anonymous_0)
FNF:1
FNH:1
FNDA:242,(anonymous_0)
DA:12,26
DA:21,242
DA:23,242
DA:24,242
DA:25,242
DA:26,242
DA:29,242
DA:33,242
DA:39,26
LF:9
LH:9
BRDA:18,0,0,189
BRDA:19,1,0,238
BRDA:33,2,0,2
BRDA:33,2,1,240
BRF:4
BRH:4
end_of_record
TN:
SF:src\utils\myTest\test.utils.factory.js
FN:3,(anonymous_0)
FNF:1
FNH:1
FNDA:237,(anonymous_0)
DA:3,27
DA:33,237
DA:36,27
LF:3
LH:3
BRF:0
BRH:0
end_of_record
TN:
SF:src\utils\myTest\test.utils.factoryShallow.js
FN:3,(anonymous_0)
FNF:1
FNH:1
FNDA:1,(anonymous_0)
DA:3,27
DA:24,1
DA:27,27
LF:3
LH:3
BRF:0
BRH:0
end_of_record
TN:
SF:src\utils\myTest\test.utils.nestedPropsMocker.js
FNF:0
FNH:0
LF:0
LH:0
BRF:0
BRH:0
end_of_record
TN:
SF:src\utils\myTest\test.utils.propFinder.js
FN:3,(anonymous_0)
FNF:1
FNH:1
FNDA:1,(anonymous_0)
DA:3,26
DA:4,1
DA:11,26
LF:3
LH:3
BRF:0
BRH:0
end_of_record
TN:
SF:src\utils\myTest\test.utils.propMocker.js
FN:1,(anonymous_0)
FNF:1
FNH:1
FNDA:27,(anonymous_0)
DA:1,26
DA:2,27
DA:11,26
LF:3
LH:3
BRF:0
BRH:0
end_of_record
TN:
SF:src\utils\myTest\test.utils.propsFinder.js
FN:3,(anonymous_0)
FN:5,(anonymous_1)
FNF:2
FNH:2
FNDA:6,(anonymous_0)
FNDA:8,(anonymous_1)
DA:3,26
DA:4,6
DA:5,6
DA:6,8
DA:9,6
DA:14,26
LF:6
LH:6
BRF:0
BRH:0
end_of_record
TN:
SF:src\utils\myTest\test.utils.propsMocker.js
FN:1,(anonymous_0)
FN:4,(anonymous_1)
FN:21,(anonymous_2)
FNF:3
FNH:3
FNDA:38,(anonymous_0)
FNDA:110,(anonymous_1)
FNDA:136,(anonymous_2)
DA:1,26
DA:2,38
DA:3,26
DA:4,26
DA:5,110
DA:7,26
DA:11,12
DA:12,12
DA:14,12
DA:15,12
DA:16,12
DA:17,12
DA:19,12
DA:20,35
DA:21,35
DA:22,136
DA:24,35
DA:26,12
DA:32,26
LF:19
LH:19
BRDA:2,0,0,26
BRDA:2,0,1,12
BRF:2
BRH:2
end_of_record
TN:
SF:src\utils\myTest\test.utils.textMatcher.js
FN:19,(anonymous_0)
FN:21,(anonymous_1)
FNF:2
FNH:2
FNDA:24,(anonymous_0)
FNDA:24,(anonymous_1)
DA:14,26
DA:19,26
DA:21,24
DA:22,24
DA:23,24
DA:25,24
DA:26,24
DA:27,24
DA:31,0
DA:32,0
DA:37,26
LF:11
LH:9
BRDA:19,0,0,24
BRDA:19,1,0,24
BRDA:25,2,0,24
BRDA:25,2,1,0
BRF:4
BRH:3
end_of_record
TN:
SF:src\utils\myTest\test.utils.textMatcherFactory.js
FN:3,(anonymous_0)
FN:4,(anonymous_1)
FN:5,(anonymous_2)
FN:6,(anonymous_3)
FNF:4
FNH:4
FNDA:2,(anonymous_0)
FNDA:12,(anonymous_1)
FNDA:12,(anonymous_2)
FNDA:12,(anonymous_3)
DA:3,25
DA:4,12
DA:5,2
DA:6,12
DA:7,12
DA:12,25
LF:6
LH:6
BRF:0
BRH:0
end_of_record
TN:
SF:src\views\PDF.vue
FN:111,(anonymous_1)
FN:120,(anonymous_2)
FN:140,(anonymous_3)
FN:152,(anonymous_4)
FN:159,(anonymous_5)
FN:164,(anonymous_6)
FNF:6
FNH:6
FNDA:6,(anonymous_1)
FNDA:7,(anonymous_2)
FNDA:7,(anonymous_3)
FNDA:2,(anonymous_4)
FNDA:1,(anonymous_5)
FNDA:6,(anonymous_6)
DA:85,2
DA:86,2
DA:87,2
DA:88,2
DA:89,2
DA:90,2
DA:91,2
DA:92,2
DA:93,2
DA:94,2
DA:95,2
DA:112,6
DA:121,7
DA:141,7
DA:153,2
DA:160,1
DA:161,1
DA:165,6
DA:166,6
DA:167,6
LF:20
LH:20
BRDA:121,0,0,2
BRDA:121,0,1,5
BRDA:141,1,0,2
BRDA:141,1,1,5
BRDA:153,2,0,1
BRDA:153,2,1,1
BRF:6
BRH:6
end_of_record
TN:
SF:src\views\Start.vue
FN:68,(anonymous_1)
FN:79,(anonymous_2)
FN:87,(anonymous_3)
FN:90,(anonymous_4)
FNF:4
FNH:4
FNDA:10,(anonymous_1)
FNDA:4,(anonymous_2)
FNDA:10,(anonymous_3)
FNDA:10,(anonymous_4)
DA:42,2
DA:43,2
DA:44,2
DA:45,2
DA:46,2
DA:47,2
DA:48,2
DA:49,2
DA:50,2
DA:51,2
DA:52,2
DA:69,10
DA:80,4
DA:81,1
DA:83,3
DA:88,10
DA:89,10
DA:90,10
DA:92,10
DA:95,10
LF:20
LH:20
BRDA:80,0,0,1
BRDA:80,0,1,3
BRF:2
BRH:2
end_of_record
