TN:
SF:src\assets\icons.js
FNF:0
FNH:0
LF:0
LH:0
BRF:0
BRH:0
end_of_record
TN:
SF:src\assets\resume.js
FNF:0
FNH:0
LF:0
LH:0
BRF:0
BRH:0
end_of_record
TN:
SF:src\components\Resume\PDF\PDFAbout.vue
FN:86,(anonymous_1)
FN:120,(anonymous_2)
FNF:2
FNH:2
FNDA:9,(anonymous_1)
FNDA:9,(anonymous_2)
DA:54,1
DA:87,9
LF:2
LH:2
BRF:0
BRH:0
end_of_record
TN:
SF:src\components\Resume\PDF\PDFAwards.vue
FN:37,(anonymous_1)
FN:43,(anonymous_2)
FN:49,(anonymous_3)
FN:55,(anonymous_4)
FN:63,(anonymous_5)
FN:67,(anonymous_6)
FNF:6
FNH:6
FNDA:3,(anonymous_1)
FNDA:3,(anonymous_2)
FNDA:3,(anonymous_3)
FNDA:3,(anonymous_4)
FNDA:12,(anonymous_5)
FNDA:3,(anonymous_6)
DA:24,1
DA:38,3
DA:44,3
DA:50,3
DA:56,3
DA:64,12
LF:6
LH:6
BRDA:38,0,0,1
BRDA:38,0,1,2
BRDA:44,1,0,1
BRDA:44,1,1,2
BRDA:50,2,0,1
BRDA:50,2,1,2
BRDA:56,3,0,1
BRDA:56,3,1,2
BRF:8
BRH:8
end_of_record
TN:
SF:src\components\Resume\PDF\PDFBorder.vue
FN:25,(anonymous_1)
FNF:1
FNH:0
FNDA:0,(anonymous_1)
DA:26,0
DA:27,0
DA:28,0
DA:29,0
DA:35,0
LF:5
LH:0
BRDA:28,0,0,0
BRDA:28,0,1,0
BRF:2
BRH:0
end_of_record
TN:
SF:src\components\Resume\PDF\PDFButtonFloat.vue
FN:73,(anonymous_1)
FN:89,(anonymous_2)
FN:92,(anonymous_3)
FN:98,(anonymous_4)
FN:103,(anonymous_5)
FN:106,(anonymous_6)
FN:109,(anonymous_7)
FN:110,(anonymous_8)
FN:120,(anonymous_9)
FN:127,(anonymous_10)
FN:129,(anonymous_11)
FN:130,(anonymous_12)
FN:154,(anonymous_13)
FN:161,(anonymous_14)
FN:163,(anonymous_15)
FN:165,(anonymous_16)
FN:212,(anonymous_17)
FN:253,(anonymous_18)
FN:292,(anonymous_19)
FN:320,(anonymous_20)
FN:340,(anonymous_21)
FNF:21
FNH:0
FNDA:0,(anonymous_1)
FNDA:0,(anonymous_2)
FNDA:0,(anonymous_3)
FNDA:0,(anonymous_4)
FNDA:0,(anonymous_5)
FNDA:0,(anonymous_6)
FNDA:0,(anonymous_7)
FNDA:0,(anonymous_8)
FNDA:0,(anonymous_9)
FNDA:0,(anonymous_10)
FNDA:0,(anonymous_11)
FNDA:0,(anonymous_12)
FNDA:0,(anonymous_13)
FNDA:0,(anonymous_14)
FNDA:0,(anonymous_15)
FNDA:0,(anonymous_16)
FNDA:0,(anonymous_17)
FNDA:0,(anonymous_18)
FNDA:0,(anonymous_19)
FNDA:0,(anonymous_20)
FNDA:0,(anonymous_21)
DA:44,0
DA:46,0
DA:50,0
DA:52,0
DA:74,0
DA:90,0
DA:93,0
DA:99,0
DA:104,0
DA:107,0
DA:110,0
DA:115,0
DA:117,0
DA:121,0
DA:122,0
DA:123,0
DA:124,0
DA:125,0
DA:126,0
DA:127,0
DA:128,0
DA:129,0
DA:130,0
DA:141,0
DA:142,0
DA:143,0
DA:147,0
DA:148,0
DA:149,0
DA:155,0
DA:157,0
DA:159,0
DA:160,0
DA:161,0
DA:162,0
DA:163,0
DA:164,0
DA:165,0
DA:173,0
DA:174,0
DA:175,0
DA:176,0
DA:181,0
DA:182,0
DA:183,0
DA:192,0
DA:193,0
DA:198,0
DA:199,0
DA:206,0
DA:207,0
DA:213,0
DA:215,0
DA:216,0
DA:217,0
DA:218,0
DA:219,0
DA:220,0
DA:221,0
DA:222,0
DA:223,0
DA:225,0
DA:226,0
DA:227,0
DA:228,0
DA:231,0
DA:234,0
DA:236,0
DA:237,0
DA:241,0
DA:242,0
DA:245,0
DA:247,0
DA:251,0
DA:254,0
DA:256,0
DA:257,0
DA:258,0
DA:259,0
DA:260,0
DA:261,0
DA:262,0
DA:263,0
DA:264,0
DA:266,0
DA:267,0
DA:268,0
DA:269,0
DA:272,0
DA:275,0
DA:277,0
DA:278,0
DA:282,0
DA:283,0
DA:286,0
DA:288,0
DA:290,0
DA:293,0
DA:302,0
DA:303,0
DA:304,0
DA:305,0
DA:307,0
DA:309,0
DA:310,0
DA:312,0
DA:313,0
DA:314,0
DA:315,0
DA:316,0
DA:318,0
DA:321,0
DA:323,0
DA:324,0
DA:325,0
DA:326,0
DA:330,0
DA:331,0
DA:333,0
DA:335,0
DA:336,0
DA:337,0
LF:122
LH:0
BRDA:183,0,0,0
BRDA:183,0,1,0
BRDA:241,1,0,0
BRDA:241,1,1,0
BRDA:282,2,0,0
BRDA:282,2,1,0
BRF:6
BRH:0
end_of_record
TN:
SF:src\components\Resume\PDF\PDFDevIcon.vue
FN:28,(anonymous_1)
FN:33,(anonymous_2)
FN:36,(anonymous_3)
FN:55,(anonymous_4)
FNF:4
FNH:0
FNDA:0,(anonymous_1)
FNDA:0,(anonymous_2)
FNDA:0,(anonymous_3)
FNDA:0,(anonymous_4)
DA:29,0
DA:34,0
DA:37,0
DA:39,0
DA:41,0
DA:42,0
DA:44,0
DA:45,0
DA:47,0
DA:48,0
DA:50,0
LF:11
LH:0
BRDA:40,0,0,0
BRDA:40,0,1,0
BRDA:40,0,2,0
BRF:3
BRH:0
end_of_record
TN:
SF:src\components\Resume\PDF\PDFEducation.vue
FN:39,(anonymous_1)
FNF:1
FNH:1
FNDA:7,(anonymous_1)
DA:40,7
LF:1
LH:1
BRDA:40,0,0,1
BRDA:40,0,1,6
BRF:2
BRH:2
end_of_record
TN:
SF:src\components\Resume\PDF\PDFExperience.vue
FN:47,(anonymous_1)
FN:53,(anonymous_2)
FNF:2
FNH:2
FNDA:3,(anonymous_1)
FNDA:3,(anonymous_2)
DA:48,3
DA:54,3
LF:2
LH:2
BRDA:48,0,0,1
BRDA:48,0,1,2
BRDA:54,1,0,1
BRDA:54,1,1,2
BRF:4
BRH:4
end_of_record
TN:
SF:src\components\Resume\PDF\PDFObjective.vue
FN:42,(anonymous_1)
FN:48,(anonymous_2)
FNF:2
FNH:2
FNDA:3,(anonymous_1)
FNDA:3,(anonymous_2)
DA:43,3
DA:49,3
LF:2
LH:2
BRDA:49,0,0,1
BRDA:49,0,1,2
BRF:2
BRH:2
end_of_record
TN:
SF:src\components\Resume\PDF\PDFSkills.vue
FN:60,(anonymous_1)
FN:67,(anonymous_2)
FN:75,(anonymous_3)
FN:83,(anonymous_4)
FN:86,(anonymous_5)
FN:87,(anonymous_6)
FN:88,(anonymous_7)
FN:89,(anonymous_8)
FN:92,(anonymous_9)
FN:104,(anonymous_10)
FNF:10
FNH:0
FNDA:0,(anonymous_1)
FNDA:0,(anonymous_2)
FNDA:0,(anonymous_3)
FNDA:0,(anonymous_4)
FNDA:0,(anonymous_5)
FNDA:0,(anonymous_6)
FNDA:0,(anonymous_7)
FNDA:0,(anonymous_8)
FNDA:0,(anonymous_9)
FNDA:0,(anonymous_10)
DA:51,0
DA:52,0
DA:53,0
DA:60,0
DA:68,0
DA:77,0
DA:79,0
DA:84,0
DA:87,0
DA:88,0
DA:89,0
LF:11
LH:0
BRDA:79,0,0,0
BRDA:79,0,1,0
BRF:2
BRH:0
end_of_record
TN:
SF:src\components\Resume\PDF\PDFSkillsRender.vue
FN:61,(anonymous_1)
FN:68,(anonymous_2)
FN:76,(anonymous_3)
FN:84,(anonymous_4)
FN:87,(anonymous_5)
FN:88,(anonymous_6)
FN:89,(anonymous_7)
FN:90,(anonymous_8)
FN:93,(anonymous_9)
FN:104,(anonymous_10)
FN:113,(anonymous_11)
FNF:11
FNH:0
FNDA:0,(anonymous_1)
FNDA:0,(anonymous_2)
FNDA:0,(anonymous_3)
FNDA:0,(anonymous_4)
FNDA:0,(anonymous_5)
FNDA:0,(anonymous_6)
FNDA:0,(anonymous_7)
FNDA:0,(anonymous_8)
FNDA:0,(anonymous_9)
FNDA:0,(anonymous_10)
FNDA:0,(anonymous_11)
DA:52,0
DA:53,0
DA:54,0
DA:61,0
DA:69,0
DA:78,0
DA:80,0
DA:85,0
DA:88,0
DA:89,0
DA:90,0
DA:94,0
DA:95,0
DA:96,0
DA:97,0
DA:98,0
DA:100,0
DA:101,0
DA:105,0
DA:106,0
DA:107,0
DA:108,0
DA:110,0
DA:114,0
LF:24
LH:0
BRDA:80,0,0,0
BRDA:80,0,1,0
BRDA:100,1,0,0
BRDA:100,1,1,0
BRDA:100,2,0,0
BRDA:100,2,1,0
BRDA:105,3,0,0
BRDA:105,3,1,0
BRDA:107,4,0,0
BRDA:107,4,1,0
BRF:10
BRH:0
end_of_record
TN:
SF:src\components\Resume\PDF\PDFSocials.vue
FN:34,(anonymous_1)
FN:71,(anonymous_2)
FN:77,(anonymous_3)
FNF:3
FNH:3
FNDA:9,(anonymous_1)
FNDA:9,(anonymous_2)
FNDA:9,(anonymous_3)
DA:35,9
DA:72,9
DA:78,9
LF:3
LH:3
BRDA:72,0,0,1
BRDA:72,0,1,8
BRDA:78,1,0,1
BRDA:78,1,1,8
BRF:4
BRH:4
end_of_record
TN:
SF:src\components\Resume\Start\StartAbout.vue
FN:50,(anonymous_1)
FNF:1
FNH:1
FNDA:8,(anonymous_1)
DA:51,8
LF:1
LH:1
BRF:0
BRH:0
end_of_record
TN:
SF:src\components\Resume\Start\StartAwards.vue
FN:32,(anonymous_1)
FNF:1
FNH:1
FNDA:8,(anonymous_1)
DA:23,3
DA:33,8
LF:2
LH:2
BRF:0
BRH:0
end_of_record
TN:
SF:src\components\Resume\Start\StartButtonFloat.vue
FN:91,(anonymous_1)
FN:111,(anonymous_2)
FN:114,(anonymous_3)
FN:120,(anonymous_4)
FN:123,(anonymous_5)
FN:126,(anonymous_6)
FN:131,(anonymous_7)
FN:134,(anonymous_8)
FN:139,(anonymous_9)
FN:147,(anonymous_10)
FN:149,(anonymous_11)
FN:151,(anonymous_12)
FN:153,(anonymous_13)
FN:154,(anonymous_14)
FNF:14
FNH:6
FNDA:1,(anonymous_1)
FNDA:1,(anonymous_2)
FNDA:1,(anonymous_3)
FNDA:1,(anonymous_4)
FNDA:1,(anonymous_5)
FNDA:0,(anonymous_6)
FNDA:0,(anonymous_7)
FNDA:0,(anonymous_8)
FNDA:0,(anonymous_9)
FNDA:0,(anonymous_10)
FNDA:0,(anonymous_11)
FNDA:1,(anonymous_12)
FNDA:0,(anonymous_13)
FNDA:0,(anonymous_14)
DA:92,1
DA:112,1
DA:115,1
DA:121,1
DA:124,1
DA:127,0
DA:132,0
DA:135,0
DA:136,0
DA:140,0
DA:141,0
DA:142,0
DA:148,0
DA:149,0
DA:152,1
DA:153,1
DA:154,0
LF:17
LH:7
BRDA:121,0,0,0
BRDA:121,0,1,1
BRDA:124,1,0,0
BRDA:124,1,1,1
BRDA:135,2,0,0
BRDA:135,2,1,0
BRDA:140,3,0,0
BRDA:140,3,1,0
BRDA:141,4,0,0
BRDA:141,4,1,0
BRF:10
BRH:2
end_of_record
TN:
SF:src\components\Resume\Start\StartDevIcon.vue
FN:24,(anonymous_1)
FN:29,(anonymous_2)
FN:32,(anonymous_3)
FN:44,(anonymous_4)
FNF:4
FNH:3
FNDA:22,(anonymous_1)
FNDA:22,(anonymous_2)
FNDA:0,(anonymous_3)
FNDA:22,(anonymous_4)
DA:25,22
DA:30,22
DA:33,0
DA:34,0
DA:35,0
DA:36,0
DA:38,0
LF:7
LH:2
BRDA:33,0,0,0
BRDA:33,0,1,0
BRDA:35,1,0,0
BRDA:35,1,1,0
BRF:4
BRH:0
end_of_record
TN:
SF:src\components\Resume\Start\StartInterests.vue
FN:23,(anonymous_1)
FNF:1
FNH:1
FNDA:3,(anonymous_1)
DA:24,3
LF:1
LH:1
BRF:0
BRH:0
end_of_record
TN:
SF:src\components\Resume\Start\StartNav.vue
FN:41,(anonymous_1)
FNF:1
FNH:1
FNDA:1,(anonymous_1)
DA:42,1
LF:1
LH:1
BRF:0
BRH:0
end_of_record
TN:
SF:src\components\Resume\Start\StartObjective.vue
FN:29,(anonymous_1)
FNF:1
FNH:1
FNDA:3,(anonymous_1)
DA:30,3
LF:1
LH:1
BRF:0
BRH:0
end_of_record
TN:
SF:src\components\Resume\Start\StartSkills.vue
FN:66,(anonymous_1)
FN:72,(anonymous_2)
FN:76,(anonymous_3)
FNF:3
FNH:3
FNDA:1,(anonymous_1)
FNDA:9,(anonymous_2)
FNDA:1,(anonymous_3)
DA:52,2
DA:53,2
DA:67,1
DA:73,9
LF:4
LH:4
BRF:0
BRH:0
end_of_record
TN:
SF:src\components\Resume\Start\StartSocials.vue
FN:32,(anonymous_1)
FNF:1
FNH:1
FNDA:1,(anonymous_1)
DA:33,1
LF:1
LH:1
BRF:0
BRH:0
end_of_record
TN:
SF:src\components\Utils\FlexList.vue
FN:31,(anonymous_1)
FN:36,(anonymous_2)
FN:38,(anonymous_3)
FN:50,(anonymous_4)
FNF:4
FNH:0
FNDA:0,(anonymous_1)
FNDA:0,(anonymous_2)
FNDA:0,(anonymous_3)
FNDA:0,(anonymous_4)
DA:32,0
DA:33,0
DA:34,0
DA:35,0
DA:36,0
DA:37,0
DA:38,0
DA:39,0
DA:40,0
DA:41,0
DA:42,0
DA:44,0
DA:47,0
DA:51,0
LF:14
LH:0
BRDA:39,0,0,0
BRDA:39,0,1,0
BRDA:41,1,0,0
BRDA:41,1,1,0
BRF:4
BRH:0
end_of_record
TN:
SF:src\components\Utils\Modal.vue
FN:7,(anonymous_1)
FN:10,(anonymous_2)
FN:13,(anonymous_3)
FN:16,(anonymous_4)
FNF:4
FNH:0
FNDA:0,(anonymous_1)
FNDA:0,(anonymous_2)
FNDA:0,(anonymous_3)
FNDA:0,(anonymous_4)
DA:8,0
DA:11,0
DA:14,0
DA:17,0
LF:4
LH:0
BRF:0
BRH:0
end_of_record
TN:
SF:src\components\Utils\PDFAction.vue
FN:20,(anonymous_1)
FN:27,(anonymous_2)
FN:29,(anonymous_3)
FN:31,(anonymous_4)
FN:57,(anonymous_5)
FNF:5
FNH:0
FNDA:0,(anonymous_1)
FNDA:0,(anonymous_2)
FNDA:0,(anonymous_3)
FNDA:0,(anonymous_4)
FNDA:0,(anonymous_5)
DA:5,0
DA:9,0
DA:21,0
DA:29,0
DA:30,0
DA:31,0
DA:36,0
DA:37,0
DA:38,0
DA:39,0
DA:41,0
DA:42,0
DA:43,0
DA:45,0
DA:46,0
DA:48,0
DA:49,0
DA:51,0
DA:52,0
LF:19
LH:0
BRDA:43,0,0,0
BRDA:43,0,1,0
BRF:2
BRH:0
end_of_record
TN:
SF:src\router\index.js
FN:5,(anonymous_0)
FN:7,(anonymous_1)
FN:11,(anonymous_2)
FN:22,(anonymous_3)
FNF:4
FNH:0
FNDA:0,(anonymous_0)
FNDA:0,(anonymous_1)
FNDA:0,(anonymous_2)
FNDA:0,(anonymous_3)
DA:5,0
DA:6,0
DA:8,0
DA:11,0
DA:22,0
DA:23,0
DA:24,0
DA:26,0
DA:27,0
DA:29,0
DA:32,0
DA:34,0
LF:12
LH:0
BRDA:9,0,0,0
BRDA:9,0,1,0
BRDA:23,1,0,0
BRDA:23,1,1,0
BRDA:26,2,0,0
BRDA:26,2,1,0
BRF:6
BRH:0
end_of_record
TN:
SF:src\router\paths.js
FNF:0
FNH:0
DA:7,0
LF:1
LH:0
BRF:0
BRH:0
end_of_record
TN:
SF:src\store\api-endpoints.js
FNF:0
FNH:0
DA:1,20
DA:14,20
DA:20,20
LF:3
LH:3
BRF:0
BRH:0
end_of_record
TN:
SF:src\store\index.js
FN:18,(anonymous_0)
FN:22,(anonymous_1)
FN:34,(anonymous_2)
FN:44,(anonymous_3)
FNF:4
FNH:3
FNDA:1,(anonymous_0)
FNDA:1,(anonymous_1)
FNDA:0,(anonymous_2)
FNDA:106,(anonymous_3)
DA:12,17
DA:17,17
DA:20,1
DA:23,1
DA:27,17
DA:28,17
DA:30,17
DA:34,17
DA:35,0
DA:44,17
DA:45,106
DA:46,106
DA:47,106
DA:48,106
DA:49,106
DA:56,106
LF:16
LH:15
BRDA:13,0,0,0
BRDA:13,0,1,17
BRDA:20,1,0,1
BRDA:20,1,1,0
BRDA:44,2,0,53
BRF:5
BRH:3
end_of_record
TN:
SF:src\store\mutation-types.js
FNF:0
FNH:0
DA:2,20
DA:3,20
DA:4,20
DA:7,20
DA:8,20
DA:9,20
LF:6
LH:6
BRF:0
BRH:0
end_of_record
TN:
SF:src\store\modules\StoreResume.js
FN:20,(anonymous_0)
FN:21,(anonymous_1)
FN:25,(anonymous_2)
FN:39,(anonymous_3)
FN:40,(anonymous_4)
FN:41,(anonymous_5)
FN:42,(anonymous_6)
FN:43,(anonymous_7)
FN:46,(anonymous_8)
FN:49,(anonymous_9)
FN:55,(anonymous_10)
FN:56,(anonymous_11)
FN:61,(anonymous_12)
FN:82,(anonymous_13)
FN:91,(anonymous_14)
FNF:15
FNH:15
FNDA:1,(anonymous_0)
FNDA:2,(anonymous_1)
FNDA:1,(anonymous_2)
FNDA:1,(anonymous_3)
FNDA:4,(anonymous_4)
FNDA:1,(anonymous_5)
FNDA:1,(anonymous_6)
FNDA:1,(anonymous_7)
FNDA:4,(anonymous_8)
FNDA:16,(anonymous_9)
FNDA:1,(anonymous_10)
FNDA:2,(anonymous_11)
FNDA:3,(anonymous_12)
FNDA:1,(anonymous_13)
FNDA:17,(anonymous_14)
DA:14,20
DA:19,20
DA:20,1
DA:21,2
DA:24,20
DA:27,1
DA:28,1
DA:39,1
DA:40,4
DA:41,1
DA:42,1
DA:43,1
DA:46,1
DA:47,4
DA:49,16
DA:53,1
DA:55,1
DA:56,2
DA:60,20
DA:62,3
DA:66,3
DA:67,3
DA:70,3
DA:71,2
DA:73,2
DA:74,2
DA:75,2
DA:76,2
DA:78,1
DA:79,1
DA:83,1
DA:84,1
DA:85,1
DA:91,20
DA:92,17
LF:35
LH:35
BRDA:66,0,0,1
BRDA:66,0,1,2
BRF:2
BRH:2
end_of_record
TN:
SF:src\utils\parse-tabs.js
FN:1,(anonymous_0)
FN:3,(anonymous_1)
FNF:2
FNH:0
FNDA:0,(anonymous_0)
FNDA:0,(anonymous_1)
DA:1,0
DA:2,0
DA:3,0
DA:5,0
DA:6,0
DA:7,0
LF:6
LH:0
BRDA:2,0,0,0
BRDA:2,0,1,0
BRF:2
BRH:0
end_of_record
TN:
SF:src\utils\recase.js
FN:1,(anonymous_0)
FN:5,(anonymous_1)
FNF:2
FNH:2
FNDA:28,(anonymous_0)
FNDA:28,(anonymous_1)
DA:1,4
DA:3,28
DA:4,28
DA:5,28
DA:6,28
LF:5
LH:5
BRF:0
BRH:0
end_of_record
TN:
SF:src\utils\toPDF.js
FN:7,(anonymous_0)
FN:9,(anonymous_1)
FN:15,(anonymous_2)
FNF:3
FNH:0
FNDA:0,(anonymous_0)
FNDA:0,(anonymous_1)
FNDA:0,(anonymous_2)
DA:7,0
DA:9,0
DA:10,0
DA:11,0
DA:16,0
DA:17,0
DA:18,0
DA:19,0
DA:21,0
DA:22,0
DA:23,0
DA:25,0
DA:26,0
DA:28,0
DA:29,0
DA:31,0
DA:32,0
LF:17
LH:0
BRDA:23,0,0,0
BRDA:23,0,1,0
BRF:2
BRH:0
end_of_record
TN:
SF:src\utils\myTest\index.js
FNF:0
FNH:0
LF:0
LH:0
BRF:0
BRH:0
end_of_record
TN:
SF:src\utils\myTest\test.utils.createWrapper.js
FN:10,(anonymous_0)
FNF:1
FNH:1
FNDA:53,(anonymous_0)
DA:10,17
DA:19,53
DA:21,53
DA:22,53
DA:23,53
DA:24,53
DA:25,53
DA:27,53
LF:8
LH:8
BRDA:16,0,0,48
BRDA:17,1,0,49
BRDA:27,2,0,2
BRDA:27,2,1,51
BRF:4
BRH:4
end_of_record
TN:
SF:src\utils\myTest\test.utils.factory.js
FN:3,(anonymous_0)
FNF:1
FNH:1
FNDA:48,(anonymous_0)
DA:3,18
DA:30,48
DA:33,18
LF:3
LH:3
BRF:0
BRH:0
end_of_record
TN:
SF:src\utils\myTest\test.utils.factoryShallow.js
FN:3,(anonymous_0)
FNF:1
FNH:1
FNDA:1,(anonymous_0)
DA:3,18
DA:24,1
DA:27,18
LF:3
LH:3
BRF:0
BRH:0
end_of_record
TN:
SF:src\utils\myTest\test.utils.nestedPropsMocker.js
FNF:0
FNH:0
LF:0
LH:0
BRF:0
BRH:0
end_of_record
TN:
SF:src\utils\myTest\test.utils.propFinder.js
FN:3,(anonymous_0)
FNF:1
FNH:1
FNDA:1,(anonymous_0)
DA:3,16
DA:4,1
DA:11,16
LF:3
LH:3
BRF:0
BRH:0
end_of_record
TN:
SF:src\utils\myTest\test.utils.propMocker.js
FN:1,(anonymous_0)
FNF:1
FNH:1
FNDA:27,(anonymous_0)
DA:1,16
DA:2,27
LF:2
LH:2
BRF:0
BRH:0
end_of_record
TN:
SF:src\utils\myTest\test.utils.propsFinder.js
FN:3,(anonymous_0)
FN:5,(anonymous_1)
FNF:2
FNH:2
FNDA:4,(anonymous_0)
FNDA:6,(anonymous_1)
DA:3,16
DA:4,4
DA:5,4
DA:6,6
DA:9,4
DA:14,16
LF:6
LH:6
BRF:0
BRH:0
end_of_record
TN:
SF:src\utils\myTest\test.utils.propsMocker.js
FN:1,(anonymous_0)
FN:4,(anonymous_1)
FN:21,(anonymous_2)
FNF:3
FNH:3
FNDA:38,(anonymous_0)
FNDA:110,(anonymous_1)
FNDA:136,(anonymous_2)
DA:1,16
DA:2,38
DA:3,26
DA:4,26
DA:5,110
DA:7,26
DA:11,12
DA:12,12
DA:14,12
DA:15,12
DA:16,12
DA:17,12
DA:19,12
DA:20,35
DA:21,35
DA:22,136
DA:24,35
DA:26,12
DA:32,16
LF:19
LH:19
BRDA:2,0,0,26
BRDA:2,0,1,12
BRF:2
BRH:2
end_of_record
TN:
SF:src\utils\myTest\test.utils.textMatcher.js
FN:21,(anonymous_0)
FN:23,(anonymous_1)
FNF:2
FNH:2
FNDA:24,(anonymous_0)
FNDA:24,(anonymous_1)
DA:14,16
DA:19,16
DA:21,16
DA:23,24
DA:24,24
DA:25,24
DA:27,24
DA:28,24
DA:29,24
DA:33,0
DA:34,0
DA:39,16
LF:12
LH:10
BRDA:21,0,0,24
BRDA:21,1,0,24
BRDA:27,2,0,24
BRDA:27,2,1,0
BRF:4
BRH:3
end_of_record
TN:
SF:src\utils\myTest\test.utils.textMatcherFactory.js
FN:3,(anonymous_0)
FN:4,(anonymous_1)
FN:5,(anonymous_2)
FN:6,(anonymous_3)
FNF:4
FNH:4
FNDA:2,(anonymous_0)
FNDA:12,(anonymous_1)
FNDA:12,(anonymous_2)
FNDA:12,(anonymous_3)
DA:3,15
DA:4,12
DA:5,2
DA:6,12
DA:7,12
DA:12,15
LF:6
LH:6
BRF:0
BRH:0
end_of_record
TN:
SF:src\views\PDF.vue
FN:111,(anonymous_1)
FN:120,(anonymous_2)
FN:121,(anonymous_3)
FN:127,(anonymous_4)
FN:147,(anonymous_5)
FN:159,(anonymous_6)
FN:165,(anonymous_7)
FN:170,(anonymous_8)
FNF:8
FNH:0
FNDA:0,(anonymous_1)
FNDA:0,(anonymous_2)
FNDA:0,(anonymous_3)
FNDA:0,(anonymous_4)
FNDA:0,(anonymous_5)
FNDA:0,(anonymous_6)
FNDA:0,(anonymous_7)
FNDA:0,(anonymous_8)
DA:85,0
DA:86,0
DA:87,0
DA:88,0
DA:89,0
DA:90,0
DA:91,0
DA:92,0
DA:93,0
DA:94,0
DA:95,0
DA:112,0
DA:121,0
DA:122,0
DA:123,0
DA:124,0
DA:128,0
DA:148,0
DA:160,0
DA:166,0
DA:167,0
DA:171,0
LF:22
LH:0
BRDA:128,0,0,0
BRDA:128,0,1,0
BRDA:148,1,0,0
BRDA:148,1,1,0
BRDA:160,2,0,0
BRDA:160,2,1,0
BRF:6
BRH:0
end_of_record
TN:
SF:src\views\Start.vue
FN:68,(anonymous_1)
FN:78,(anonymous_2)
FN:86,(anonymous_3)
FN:88,(anonymous_4)
FN:91,(anonymous_5)
FN:104,(anonymous_6)
FNF:6
FNH:3
FNDA:1,(anonymous_1)
FNDA:0,(anonymous_2)
FNDA:1,(anonymous_3)
FNDA:1,(anonymous_4)
FNDA:0,(anonymous_5)
FNDA:0,(anonymous_6)
DA:42,2
DA:43,2
DA:44,2
DA:45,2
DA:46,2
DA:47,2
DA:48,2
DA:49,2
DA:50,2
DA:51,2
DA:52,2
DA:69,1
DA:79,0
DA:80,0
DA:82,0
DA:88,1
DA:91,1
DA:92,0
DA:93,0
DA:94,0
DA:95,0
DA:96,0
DA:99,0
DA:104,1
DA:105,0
DA:108,1
DA:111,1
LF:27
LH:17
BRDA:79,0,0,0
BRDA:79,0,1,0
BRDA:92,1,0,0
BRDA:92,1,1,0
BRDA:92,2,0,0
BRDA:92,2,1,0
BRDA:94,3,0,0
BRDA:94,3,1,0
BRDA:95,4,0,0
BRDA:95,4,1,0
BRF:10
BRH:0
end_of_record
